{"/Users/tatsuya_kayama/Documents/Obsidian/40_Project/Atsume/atsume/src/components/common/AnimatedRefreshControl.tsx": {"path":"/Users/tatsuya_kayama/Documents/Obsidian/40_Project/Atsume/atsume/src/components/common/AnimatedRefreshControl.tsx","statementMap":{"0":{"start":{"line":11,"column":77},"end":{"line":33,"column":1}},"1":{"start":{"line":16,"column":24},"end":{"line":21,"column":3}},"2":{"start":{"line":17,"column":4},"end":{"line":19,"column":5}},"3":{"start":{"line":18,"column":6},"end":{"line":18,"column":61}},"4":{"start":{"line":20,"column":4},"end":{"line":20,"column":16}},"5":{"start":{"line":23,"column":2},"end":{"line":32,"column":4}}},"fnMap":{"0":{"name":"(anonymous_0)","decl":{"start":{"line":11,"column":77},"end":{"line":11,"column":78}},"loc":{"start":{"line":15,"column":6},"end":{"line":33,"column":1}},"line":15},"1":{"name":"(anonymous_1)","decl":{"start":{"line":16,"column":24},"end":{"line":16,"column":25}},"loc":{"start":{"line":16,"column":30},"end":{"line":21,"column":3}},"line":16}},"branchMap":{"0":{"loc":{"start":{"line":17,"column":4},"end":{"line":19,"column":5}},"type":"if","locations":[{"start":{"line":17,"column":4},"end":{"line":19,"column":5}},{"start":{},"end":{}}],"line":17}},"s":{"0":0,"1":0,"2":0,"3":0,"4":0,"5":0},"f":{"0":0,"1":0},"b":{"0":[0,0]}}
,"/Users/tatsuya_kayama/Documents/Obsidian/40_Project/Atsume/atsume/src/components/common/AnimatedView.tsx": {"path":"/Users/tatsuya_kayama/Documents/Obsidian/40_Project/Atsume/atsume/src/components/common/AnimatedView.tsx","statementMap":{"0":{"start":{"line":12,"column":57},"end":{"line":103,"column":1}},"1":{"start":{"line":19,"column":18},"end":{"line":19,"column":117}},"2":{"start":{"line":20,"column":21},"end":{"line":20,"column":123}},"3":{"start":{"line":21,"column":21},"end":{"line":21,"column":126}},"4":{"start":{"line":22,"column":16},"end":{"line":22,"column":112}},"5":{"start":{"line":24,"column":2},"end":{"line":82,"column":35}},"6":{"start":{"line":25,"column":28},"end":{"line":30,"column":5}},"7":{"start":{"line":32,"column":4},"end":{"line":81,"column":5}},"8":{"start":{"line":34,"column":8},"end":{"line":34,"column":77}},"9":{"start":{"line":35,"column":8},"end":{"line":35,"column":14}},"10":{"start":{"line":39,"column":8},"end":{"line":46,"column":19}},"11":{"start":{"line":47,"column":8},"end":{"line":47,"column":14}},"12":{"start":{"line":51,"column":8},"end":{"line":58,"column":19}},"13":{"start":{"line":59,"column":8},"end":{"line":59,"column":14}},"14":{"start":{"line":62,"column":8},"end":{"line":69,"column":19}},"15":{"start":{"line":70,"column":8},"end":{"line":70,"column":14}},"16":{"start":{"line":73,"column":8},"end":{"line":79,"column":19}},"17":{"start":{"line":80,"column":8},"end":{"line":80,"column":14}},"18":{"start":{"line":84,"column":27},"end":{"line":96,"column":3}},"19":{"start":{"line":85,"column":66},"end":{"line":85,"column":77}},"20":{"start":{"line":87,"column":4},"end":{"line":93,"column":5}},"21":{"start":{"line":88,"column":6},"end":{"line":88,"column":49}},"22":{"start":{"line":89,"column":11},"end":{"line":93,"column":5}},"23":{"start":{"line":90,"column":6},"end":{"line":90,"column":49}},"24":{"start":{"line":91,"column":11},"end":{"line":93,"column":5}},"25":{"start":{"line":92,"column":6},"end":{"line":92,"column":44}},"26":{"start":{"line":95,"column":4},"end":{"line":95,"column":25}},"27":{"start":{"line":98,"column":2},"end":{"line":102,"column":4}},"28":{"start":{"line":114,"column":67},"end":{"line":157,"column":1}},"29":{"start":{"line":121,"column":16},"end":{"line":121,"column":53}},"30":{"start":{"line":123,"column":24},"end":{"line":131,"column":3}},"31":{"start":{"line":124,"column":4},"end":{"line":124,"column":25}},"32":{"start":{"line":124,"column":18},"end":{"line":124,"column":25}},"33":{"start":{"line":125,"column":4},"end":{"line":130,"column":15}},"34":{"start":{"line":133,"column":25},"end":{"line":140,"column":3}},"35":{"start":{"line":134,"column":4},"end":{"line":139,"column":15}},"36":{"start":{"line":142,"column":2},"end":{"line":156,"column":4}},"37":{"start":{"line":147,"column":8},"end":{"line":147,"column":25}},"38":{"start":{"line":148,"column":8},"end":{"line":150,"column":9}},"39":{"start":{"line":149,"column":10},"end":{"line":149,"column":20}},"40":{"start":{"line":166,"column":59},"end":{"line":184,"column":1}},"41":{"start":{"line":171,"column":2},"end":{"line":183,"column":4}},"42":{"start":{"line":174,"column":8},"end":{"line":180,"column":23}}},"fnMap":{"0":{"name":"(anonymous_0)","decl":{"start":{"line":12,"column":57},"end":{"line":12,"column":58}},"loc":{"start":{"line":18,"column":6},"end":{"line":103,"column":1}},"line":18},"1":{"name":"(anonymous_1)","decl":{"start":{"line":24,"column":12},"end":{"line":24,"column":13}},"loc":{"start":{"line":24,"column":18},"end":{"line":82,"column":3}},"line":24},"2":{"name":"(anonymous_2)","decl":{"start":{"line":84,"column":27},"end":{"line":84,"column":28}},"loc":{"start":{"line":84,"column":73},"end":{"line":96,"column":3}},"line":84},"3":{"name":"(anonymous_3)","decl":{"start":{"line":114,"column":67},"end":{"line":114,"column":68}},"loc":{"start":{"line":120,"column":6},"end":{"line":157,"column":1}},"line":120},"4":{"name":"(anonymous_4)","decl":{"start":{"line":123,"column":24},"end":{"line":123,"column":25}},"loc":{"start":{"line":123,"column":30},"end":{"line":131,"column":3}},"line":123},"5":{"name":"(anonymous_5)","decl":{"start":{"line":133,"column":25},"end":{"line":133,"column":26}},"loc":{"start":{"line":133,"column":31},"end":{"line":140,"column":3}},"line":133},"6":{"name":"(anonymous_6)","decl":{"start":{"line":146,"column":18},"end":{"line":146,"column":19}},"loc":{"start":{"line":146,"column":24},"end":{"line":151,"column":7}},"line":146},"7":{"name":"(anonymous_7)","decl":{"start":{"line":166,"column":59},"end":{"line":166,"column":60}},"loc":{"start":{"line":170,"column":6},"end":{"line":184,"column":1}},"line":170},"8":{"name":"(anonymous_8)","decl":{"start":{"line":173,"column":36},"end":{"line":173,"column":37}},"loc":{"start":{"line":174,"column":8},"end":{"line":180,"column":23}},"line":174}},"branchMap":{"0":{"loc":{"start":{"line":14,"column":2},"end":{"line":14,"column":22}},"type":"default-arg","locations":[{"start":{"line":14,"column":14},"end":{"line":14,"column":22}}],"line":14},"1":{"loc":{"start":{"line":15,"column":2},"end":{"line":15,"column":11}},"type":"default-arg","locations":[{"start":{"line":15,"column":10},"end":{"line":15,"column":11}}],"line":15},"2":{"loc":{"start":{"line":16,"column":2},"end":{"line":16,"column":16}},"type":"default-arg","locations":[{"start":{"line":16,"column":13},"end":{"line":16,"column":16}}],"line":16},"3":{"loc":{"start":{"line":19,"column":44},"end":{"line":19,"column":107}},"type":"cond-expr","locations":[{"start":{"line":19,"column":102},"end":{"line":19,"column":103}},{"start":{"line":19,"column":106},"end":{"line":19,"column":107}}],"line":19},"4":{"loc":{"start":{"line":19,"column":44},"end":{"line":19,"column":99}},"type":"binary-expr","locations":[{"start":{"line":19,"column":44},"end":{"line":19,"column":66}},{"start":{"line":19,"column":70},"end":{"line":19,"column":99}}],"line":19},"5":{"loc":{"start":{"line":20,"column":47},"end":{"line":20,"column":113}},"type":"cond-expr","locations":[{"start":{"line":20,"column":73},"end":{"line":20,"column":75}},{"start":{"line":20,"column":78},"end":{"line":20,"column":113}}],"line":20},"6":{"loc":{"start":{"line":20,"column":78},"end":{"line":20,"column":113}},"type":"cond-expr","locations":[{"start":{"line":20,"column":106},"end":{"line":20,"column":109}},{"start":{"line":20,"column":112},"end":{"line":20,"column":113}}],"line":20},"7":{"loc":{"start":{"line":21,"column":47},"end":{"line":21,"column":116}},"type":"cond-expr","locations":[{"start":{"line":21,"column":75},"end":{"line":21,"column":77}},{"start":{"line":21,"column":80},"end":{"line":21,"column":116}}],"line":21},"8":{"loc":{"start":{"line":21,"column":80},"end":{"line":21,"column":116}},"type":"cond-expr","locations":[{"start":{"line":21,"column":109},"end":{"line":21,"column":112}},{"start":{"line":21,"column":115},"end":{"line":21,"column":116}}],"line":21},"9":{"loc":{"start":{"line":22,"column":42},"end":{"line":22,"column":102}},"type":"cond-expr","locations":[{"start":{"line":22,"column":66},"end":{"line":22,"column":69}},{"start":{"line":22,"column":72},"end":{"line":22,"column":102}}],"line":22},"10":{"loc":{"start":{"line":22,"column":72},"end":{"line":22,"column":102}},"type":"cond-expr","locations":[{"start":{"line":22,"column":97},"end":{"line":22,"column":98}},{"start":{"line":22,"column":101},"end":{"line":22,"column":102}}],"line":22},"11":{"loc":{"start":{"line":32,"column":4},"end":{"line":81,"column":5}},"type":"switch","locations":[{"start":{"line":33,"column":6},"end":{"line":35,"column":14}},{"start":{"line":37,"column":6},"end":{"line":37,"column":21}},{"start":{"line":38,"column":6},"end":{"line":47,"column":14}},{"start":{"line":49,"column":6},"end":{"line":49,"column":23}},{"start":{"line":50,"column":6},"end":{"line":59,"column":14}},{"start":{"line":61,"column":6},"end":{"line":70,"column":14}},{"start":{"line":72,"column":6},"end":{"line":80,"column":14}}],"line":32},"12":{"loc":{"start":{"line":87,"column":4},"end":{"line":93,"column":5}},"type":"if","locations":[{"start":{"line":87,"column":4},"end":{"line":93,"column":5}},{"start":{"line":89,"column":11},"end":{"line":93,"column":5}}],"line":87},"13":{"loc":{"start":{"line":87,"column":8},"end":{"line":87,"column":60}},"type":"binary-expr","locations":[{"start":{"line":87,"column":8},"end":{"line":87,"column":31}},{"start":{"line":87,"column":35},"end":{"line":87,"column":60}}],"line":87},"14":{"loc":{"start":{"line":89,"column":11},"end":{"line":93,"column":5}},"type":"if","locations":[{"start":{"line":89,"column":11},"end":{"line":93,"column":5}},{"start":{"line":91,"column":11},"end":{"line":93,"column":5}}],"line":89},"15":{"loc":{"start":{"line":89,"column":15},"end":{"line":89,"column":70}},"type":"binary-expr","locations":[{"start":{"line":89,"column":15},"end":{"line":89,"column":40}},{"start":{"line":89,"column":44},"end":{"line":89,"column":70}}],"line":89},"16":{"loc":{"start":{"line":91,"column":11},"end":{"line":93,"column":5}},"type":"if","locations":[{"start":{"line":91,"column":11},"end":{"line":93,"column":5}},{"start":{},"end":{}}],"line":91},"17":{"loc":{"start":{"line":91,"column":15},"end":{"line":91,"column":62}},"type":"binary-expr","locations":[{"start":{"line":91,"column":15},"end":{"line":91,"column":36}},{"start":{"line":91,"column":40},"end":{"line":91,"column":62}}],"line":91},"18":{"loc":{"start":{"line":117,"column":2},"end":{"line":117,"column":18}},"type":"default-arg","locations":[{"start":{"line":117,"column":13},"end":{"line":117,"column":18}}],"line":117},"19":{"loc":{"start":{"line":119,"column":2},"end":{"line":119,"column":19}},"type":"default-arg","locations":[{"start":{"line":119,"column":15},"end":{"line":119,"column":19}}],"line":119},"20":{"loc":{"start":{"line":124,"column":4},"end":{"line":124,"column":25}},"type":"if","locations":[{"start":{"line":124,"column":4},"end":{"line":124,"column":25}},{"start":{},"end":{}}],"line":124},"21":{"loc":{"start":{"line":148,"column":8},"end":{"line":150,"column":9}},"type":"if","locations":[{"start":{"line":148,"column":8},"end":{"line":150,"column":9}},{"start":{},"end":{}}],"line":148},"22":{"loc":{"start":{"line":148,"column":12},"end":{"line":148,"column":32}},"type":"binary-expr","locations":[{"start":{"line":148,"column":12},"end":{"line":148,"column":21}},{"start":{"line":148,"column":25},"end":{"line":148,"column":32}}],"line":148},"23":{"loc":{"start":{"line":168,"column":2},"end":{"line":168,"column":19}},"type":"default-arg","locations":[{"start":{"line":168,"column":17},"end":{"line":168,"column":19}}],"line":168},"24":{"loc":{"start":{"line":169,"column":2},"end":{"line":169,"column":23}},"type":"default-arg","locations":[{"start":{"line":169,"column":14},"end":{"line":169,"column":23}}],"line":169}},"s":{"0":0,"1":0,"2":0,"3":0,"4":0,"5":0,"6":0,"7":0,"8":0,"9":0,"10":0,"11":0,"12":0,"13":0,"14":0,"15":0,"16":0,"17":0,"18":0,"19":0,"20":0,"21":0,"22":0,"23":0,"24":0,"25":0,"26":0,"27":0,"28":0,"29":0,"30":0,"31":0,"32":0,"33":0,"34":0,"35":0,"36":0,"37":0,"38":0,"39":0,"40":0,"41":0,"42":0},"f":{"0":0,"1":0,"2":0,"3":0,"4":0,"5":0,"6":0,"7":0,"8":0},"b":{"0":[0],"1":[0],"2":[0],"3":[0,0],"4":[0,0],"5":[0,0],"6":[0,0],"7":[0,0],"8":[0,0],"9":[0,0],"10":[0,0],"11":[0,0,0,0,0,0,0],"12":[0,0],"13":[0,0],"14":[0,0],"15":[0,0],"16":[0,0],"17":[0,0],"18":[0],"19":[0],"20":[0,0],"21":[0,0],"22":[0,0],"23":[0],"24":[0]}}
,"/Users/tatsuya_kayama/Documents/Obsidian/40_Project/Atsume/atsume/src/components/common/Avatar.tsx": {"path":"/Users/tatsuya_kayama/Documents/Obsidian/40_Project/Atsume/atsume/src/components/common/Avatar.tsx","statementMap":{"0":{"start":{"line":15,"column":16},"end":{"line":21,"column":1}},"1":{"start":{"line":23,"column":21},"end":{"line":30,"column":1}},"2":{"start":{"line":32,"column":25},"end":{"line":35,"column":1}},"3":{"start":{"line":33,"column":19},"end":{"line":33,"column":42}},"4":{"start":{"line":34,"column":2},"end":{"line":34,"column":54}},"5":{"start":{"line":37,"column":20},"end":{"line":44,"column":1}},"6":{"start":{"line":38,"column":2},"end":{"line":38,"column":24}},"7":{"start":{"line":38,"column":13},"end":{"line":38,"column":24}},"8":{"start":{"line":39,"column":16},"end":{"line":39,"column":40}},"9":{"start":{"line":40,"column":2},"end":{"line":42,"column":3}},"10":{"start":{"line":41,"column":4},"end":{"line":41,"column":44}},"11":{"start":{"line":43,"column":2},"end":{"line":43,"column":80}},"12":{"start":{"line":46,"column":45},"end":{"line":88,"column":1}},"13":{"start":{"line":53,"column":20},"end":{"line":53,"column":33}},"14":{"start":{"line":54,"column":18},"end":{"line":54,"column":59}},"15":{"start":{"line":56,"column":2},"end":{"line":68,"column":3}},"16":{"start":{"line":57,"column":35},"end":{"line":61,"column":5}},"17":{"start":{"line":62,"column":4},"end":{"line":67,"column":6}},"18":{"start":{"line":70,"column":2},"end":{"line":87,"column":4}},"19":{"start":{"line":90,"column":15},"end":{"line":99,"column":2}}},"fnMap":{"0":{"name":"(anonymous_0)","decl":{"start":{"line":32,"column":25},"end":{"line":32,"column":26}},"loc":{"start":{"line":32,"column":51},"end":{"line":35,"column":1}},"line":32},"1":{"name":"(anonymous_1)","decl":{"start":{"line":37,"column":20},"end":{"line":37,"column":21}},"loc":{"start":{"line":37,"column":46},"end":{"line":44,"column":1}},"line":37},"2":{"name":"(anonymous_2)","decl":{"start":{"line":46,"column":45},"end":{"line":46,"column":46}},"loc":{"start":{"line":52,"column":6},"end":{"line":88,"column":1}},"line":52}},"branchMap":{"0":{"loc":{"start":{"line":33,"column":19},"end":{"line":33,"column":42}},"type":"binary-expr","locations":[{"start":{"line":33,"column":19},"end":{"line":33,"column":37}},{"start":{"line":33,"column":41},"end":{"line":33,"column":42}}],"line":33},"1":{"loc":{"start":{"line":38,"column":2},"end":{"line":38,"column":24}},"type":"if","locations":[{"start":{"line":38,"column":2},"end":{"line":38,"column":24}},{"start":{},"end":{}}],"line":38},"2":{"loc":{"start":{"line":40,"column":2},"end":{"line":42,"column":3}},"type":"if","locations":[{"start":{"line":40,"column":2},"end":{"line":42,"column":3}},{"start":{},"end":{}}],"line":40},"3":{"loc":{"start":{"line":47,"column":2},"end":{"line":47,"column":11}},"type":"default-arg","locations":[{"start":{"line":47,"column":9},"end":{"line":47,"column":11}}],"line":47},"4":{"loc":{"start":{"line":49,"column":2},"end":{"line":49,"column":13}},"type":"default-arg","locations":[{"start":{"line":49,"column":9},"end":{"line":49,"column":13}}],"line":49},"5":{"loc":{"start":{"line":54,"column":18},"end":{"line":54,"column":59}},"type":"binary-expr","locations":[{"start":{"line":54,"column":18},"end":{"line":54,"column":33}},{"start":{"line":54,"column":37},"end":{"line":54,"column":59}}],"line":54},"6":{"loc":{"start":{"line":56,"column":2},"end":{"line":68,"column":3}},"type":"if","locations":[{"start":{"line":56,"column":2},"end":{"line":68,"column":3}},{"start":{},"end":{}}],"line":56}},"s":{"0":0,"1":0,"2":0,"3":0,"4":0,"5":0,"6":0,"7":0,"8":0,"9":0,"10":0,"11":0,"12":0,"13":0,"14":0,"15":0,"16":0,"17":0,"18":0,"19":0},"f":{"0":0,"1":0,"2":0},"b":{"0":[0,0],"1":[0,0],"2":[0,0],"3":[0],"4":[0],"5":[0,0],"6":[0,0]}}
,"/Users/tatsuya_kayama/Documents/Obsidian/40_Project/Atsume/atsume/src/components/common/Badge.tsx": {"path":"/Users/tatsuya_kayama/Documents/Obsidian/40_Project/Atsume/atsume/src/components/common/Badge.tsx","statementMap":{"0":{"start":{"line":26,"column":43},"end":{"line":174,"column":1}},"1":{"start":{"line":35,"column":29},"end":{"line":74,"column":3}},"2":{"start":{"line":36,"column":4},"end":{"line":38,"column":5}},"3":{"start":{"line":37,"column":6},"end":{"line":37,"column":27}},"4":{"start":{"line":39,"column":4},"end":{"line":56,"column":5}},"5":{"start":{"line":40,"column":6},"end":{"line":55,"column":7}},"6":{"start":{"line":42,"column":10},"end":{"line":42,"column":36}},"7":{"start":{"line":44,"column":10},"end":{"line":44,"column":38}},"8":{"start":{"line":46,"column":10},"end":{"line":46,"column":36}},"9":{"start":{"line":48,"column":10},"end":{"line":48,"column":36}},"10":{"start":{"line":50,"column":10},"end":{"line":50,"column":34}},"11":{"start":{"line":52,"column":10},"end":{"line":52,"column":33}},"12":{"start":{"line":54,"column":10},"end":{"line":54,"column":34}},"13":{"start":{"line":58,"column":4},"end":{"line":73,"column":5}},"14":{"start":{"line":60,"column":8},"end":{"line":60,"column":30}},"15":{"start":{"line":62,"column":8},"end":{"line":62,"column":32}},"16":{"start":{"line":64,"column":8},"end":{"line":64,"column":30}},"17":{"start":{"line":66,"column":8},"end":{"line":66,"column":30}},"18":{"start":{"line":68,"column":8},"end":{"line":68,"column":28}},"19":{"start":{"line":70,"column":8},"end":{"line":70,"column":27}},"20":{"start":{"line":72,"column":8},"end":{"line":72,"column":32}},"21":{"start":{"line":76,"column":23},"end":{"line":97,"column":3}},"22":{"start":{"line":77,"column":4},"end":{"line":79,"column":5}},"23":{"start":{"line":78,"column":6},"end":{"line":78,"column":26}},"24":{"start":{"line":81,"column":4},"end":{"line":96,"column":5}},"25":{"start":{"line":83,"column":8},"end":{"line":83,"column":30}},"26":{"start":{"line":85,"column":8},"end":{"line":85,"column":32}},"27":{"start":{"line":87,"column":8},"end":{"line":87,"column":30}},"28":{"start":{"line":89,"column":8},"end":{"line":89,"column":30}},"29":{"start":{"line":91,"column":8},"end":{"line":91,"column":28}},"30":{"start":{"line":93,"column":8},"end":{"line":93,"column":27}},"31":{"start":{"line":95,"column":8},"end":{"line":95,"column":32}},"32":{"start":{"line":99,"column":25},"end":{"line":117,"column":3}},"33":{"start":{"line":100,"column":4},"end":{"line":100,"column":48}},"34":{"start":{"line":100,"column":31},"end":{"line":100,"column":48}},"35":{"start":{"line":101,"column":4},"end":{"line":116,"column":5}},"36":{"start":{"line":103,"column":8},"end":{"line":103,"column":30}},"37":{"start":{"line":105,"column":8},"end":{"line":105,"column":32}},"38":{"start":{"line":107,"column":8},"end":{"line":107,"column":30}},"39":{"start":{"line":109,"column":8},"end":{"line":109,"column":30}},"40":{"start":{"line":111,"column":8},"end":{"line":111,"column":28}},"41":{"start":{"line":113,"column":8},"end":{"line":113,"column":27}},"42":{"start":{"line":115,"column":8},"end":{"line":115,"column":32}},"43":{"start":{"line":119,"column":23},"end":{"line":137,"column":3}},"44":{"start":{"line":120,"column":4},"end":{"line":136,"column":5}},"45":{"start":{"line":122,"column":8},"end":{"line":125,"column":10}},"46":{"start":{"line":127,"column":8},"end":{"line":130,"column":10}},"47":{"start":{"line":132,"column":8},"end":{"line":135,"column":10}},"48":{"start":{"line":139,"column":22},"end":{"line":148,"column":3}},"49":{"start":{"line":140,"column":4},"end":{"line":147,"column":5}},"50":{"start":{"line":142,"column":8},"end":{"line":142,"column":42}},"51":{"start":{"line":144,"column":8},"end":{"line":144,"column":38}},"52":{"start":{"line":146,"column":8},"end":{"line":146,"column":38}},"53":{"start":{"line":150,"column":22},"end":{"line":150,"column":38}},"54":{"start":{"line":152,"column":2},"end":{"line":173,"column":4}},"55":{"start":{"line":176,"column":15},"end":{"line":190,"column":2}}},"fnMap":{"0":{"name":"(anonymous_0)","decl":{"start":{"line":26,"column":43},"end":{"line":26,"column":44}},"loc":{"start":{"line":34,"column":6},"end":{"line":174,"column":1}},"line":34},"1":{"name":"(anonymous_1)","decl":{"start":{"line":35,"column":29},"end":{"line":35,"column":30}},"loc":{"start":{"line":35,"column":43},"end":{"line":74,"column":3}},"line":35},"2":{"name":"(anonymous_2)","decl":{"start":{"line":76,"column":23},"end":{"line":76,"column":24}},"loc":{"start":{"line":76,"column":37},"end":{"line":97,"column":3}},"line":76},"3":{"name":"(anonymous_3)","decl":{"start":{"line":99,"column":25},"end":{"line":99,"column":26}},"loc":{"start":{"line":99,"column":51},"end":{"line":117,"column":3}},"line":99},"4":{"name":"(anonymous_4)","decl":{"start":{"line":119,"column":23},"end":{"line":119,"column":24}},"loc":{"start":{"line":119,"column":40},"end":{"line":137,"column":3}},"line":119},"5":{"name":"(anonymous_5)","decl":{"start":{"line":139,"column":22},"end":{"line":139,"column":23}},"loc":{"start":{"line":139,"column":36},"end":{"line":148,"column":3}},"line":139}},"branchMap":{"0":{"loc":{"start":{"line":28,"column":2},"end":{"line":28,"column":19}},"type":"default-arg","locations":[{"start":{"line":28,"column":10},"end":{"line":28,"column":19}}],"line":28},"1":{"loc":{"start":{"line":29,"column":2},"end":{"line":29,"column":18}},"type":"default-arg","locations":[{"start":{"line":29,"column":12},"end":{"line":29,"column":18}}],"line":29},"2":{"loc":{"start":{"line":30,"column":2},"end":{"line":30,"column":13}},"type":"default-arg","locations":[{"start":{"line":30,"column":9},"end":{"line":30,"column":13}}],"line":30},"3":{"loc":{"start":{"line":36,"column":4},"end":{"line":38,"column":5}},"type":"if","locations":[{"start":{"line":36,"column":4},"end":{"line":38,"column":5}},{"start":{},"end":{}}],"line":36},"4":{"loc":{"start":{"line":39,"column":4},"end":{"line":56,"column":5}},"type":"if","locations":[{"start":{"line":39,"column":4},"end":{"line":56,"column":5}},{"start":{},"end":{}}],"line":39},"5":{"loc":{"start":{"line":40,"column":6},"end":{"line":55,"column":7}},"type":"switch","locations":[{"start":{"line":41,"column":8},"end":{"line":42,"column":36}},{"start":{"line":43,"column":8},"end":{"line":44,"column":38}},{"start":{"line":45,"column":8},"end":{"line":46,"column":36}},{"start":{"line":47,"column":8},"end":{"line":48,"column":36}},{"start":{"line":49,"column":8},"end":{"line":50,"column":34}},{"start":{"line":51,"column":8},"end":{"line":52,"column":33}},{"start":{"line":53,"column":8},"end":{"line":54,"column":34}}],"line":40},"6":{"loc":{"start":{"line":58,"column":4},"end":{"line":73,"column":5}},"type":"switch","locations":[{"start":{"line":59,"column":6},"end":{"line":60,"column":30}},{"start":{"line":61,"column":6},"end":{"line":62,"column":32}},{"start":{"line":63,"column":6},"end":{"line":64,"column":30}},{"start":{"line":65,"column":6},"end":{"line":66,"column":30}},{"start":{"line":67,"column":6},"end":{"line":68,"column":28}},{"start":{"line":69,"column":6},"end":{"line":70,"column":27}},{"start":{"line":71,"column":6},"end":{"line":72,"column":32}}],"line":58},"7":{"loc":{"start":{"line":77,"column":4},"end":{"line":79,"column":5}},"type":"if","locations":[{"start":{"line":77,"column":4},"end":{"line":79,"column":5}},{"start":{},"end":{}}],"line":77},"8":{"loc":{"start":{"line":81,"column":4},"end":{"line":96,"column":5}},"type":"switch","locations":[{"start":{"line":82,"column":6},"end":{"line":83,"column":30}},{"start":{"line":84,"column":6},"end":{"line":85,"column":32}},{"start":{"line":86,"column":6},"end":{"line":87,"column":30}},{"start":{"line":88,"column":6},"end":{"line":89,"column":30}},{"start":{"line":90,"column":6},"end":{"line":91,"column":28}},{"start":{"line":92,"column":6},"end":{"line":93,"column":27}},{"start":{"line":94,"column":6},"end":{"line":95,"column":32}}],"line":81},"9":{"loc":{"start":{"line":100,"column":4},"end":{"line":100,"column":48}},"type":"if","locations":[{"start":{"line":100,"column":4},"end":{"line":100,"column":48}},{"start":{},"end":{}}],"line":100},"10":{"loc":{"start":{"line":101,"column":4},"end":{"line":116,"column":5}},"type":"switch","locations":[{"start":{"line":102,"column":6},"end":{"line":103,"column":30}},{"start":{"line":104,"column":6},"end":{"line":105,"column":32}},{"start":{"line":106,"column":6},"end":{"line":107,"column":30}},{"start":{"line":108,"column":6},"end":{"line":109,"column":30}},{"start":{"line":110,"column":6},"end":{"line":111,"column":28}},{"start":{"line":112,"column":6},"end":{"line":113,"column":27}},{"start":{"line":114,"column":6},"end":{"line":115,"column":32}}],"line":101},"11":{"loc":{"start":{"line":120,"column":4},"end":{"line":136,"column":5}},"type":"switch","locations":[{"start":{"line":121,"column":6},"end":{"line":125,"column":10}},{"start":{"line":126,"column":6},"end":{"line":130,"column":10}},{"start":{"line":131,"column":6},"end":{"line":135,"column":10}}],"line":120},"12":{"loc":{"start":{"line":140,"column":4},"end":{"line":147,"column":5}},"type":"switch","locations":[{"start":{"line":141,"column":6},"end":{"line":142,"column":42}},{"start":{"line":143,"column":6},"end":{"line":144,"column":38}},{"start":{"line":145,"column":6},"end":{"line":146,"column":38}}],"line":140},"13":{"loc":{"start":{"line":158,"column":8},"end":{"line":158,"column":65}},"type":"cond-expr","locations":[{"start":{"line":158,"column":22},"end":{"line":158,"column":53}},{"start":{"line":158,"column":56},"end":{"line":158,"column":65}}],"line":158},"14":{"loc":{"start":{"line":162,"column":7},"end":{"line":162,"column":63}},"type":"binary-expr","locations":[{"start":{"line":162,"column":7},"end":{"line":162,"column":11}},{"start":{"line":162,"column":15},"end":{"line":162,"column":63}}],"line":162}},"s":{"0":0,"1":0,"2":0,"3":0,"4":0,"5":0,"6":0,"7":0,"8":0,"9":0,"10":0,"11":0,"12":0,"13":0,"14":0,"15":0,"16":0,"17":0,"18":0,"19":0,"20":0,"21":0,"22":0,"23":0,"24":0,"25":0,"26":0,"27":0,"28":0,"29":0,"30":0,"31":0,"32":0,"33":0,"34":0,"35":0,"36":0,"37":0,"38":0,"39":0,"40":0,"41":0,"42":0,"43":0,"44":0,"45":0,"46":0,"47":0,"48":0,"49":0,"50":0,"51":0,"52":0,"53":0,"54":0,"55":0},"f":{"0":0,"1":0,"2":0,"3":0,"4":0,"5":0},"b":{"0":[0],"1":[0],"2":[0],"3":[0,0],"4":[0,0],"5":[0,0,0,0,0,0,0],"6":[0,0,0,0,0,0,0],"7":[0,0],"8":[0,0,0,0,0,0,0],"9":[0,0],"10":[0,0,0,0,0,0,0],"11":[0,0,0],"12":[0,0,0],"13":[0,0],"14":[0,0]}}
,"/Users/tatsuya_kayama/Documents/Obsidian/40_Project/Atsume/atsume/src/components/common/Button.tsx": {"path":"/Users/tatsuya_kayama/Documents/Obsidian/40_Project/Atsume/atsume/src/components/common/Button.tsx","statementMap":{"0":{"start":{"line":20,"column":26},"end":{"line":20,"column":69}},"1":{"start":{"line":37,"column":45},"end":{"line":193,"column":1}},"2":{"start":{"line":51,"column":21},"end":{"line":51,"column":40}},"3":{"start":{"line":52,"column":16},"end":{"line":52,"column":33}},"4":{"start":{"line":54,"column":24},"end":{"line":56,"column":5}},"5":{"start":{"line":54,"column":48},"end":{"line":56,"column":3}},"6":{"start":{"line":58,"column":24},"end":{"line":60,"column":3}},"7":{"start":{"line":59,"column":4},"end":{"line":59,"column":68}},"8":{"start":{"line":62,"column":25},"end":{"line":64,"column":3}},"9":{"start":{"line":63,"column":4},"end":{"line":63,"column":65}},"10":{"start":{"line":66,"column":22},"end":{"line":72,"column":3}},"11":{"start":{"line":67,"column":4},"end":{"line":67,"column":27}},"12":{"start":{"line":67,"column":20},"end":{"line":67,"column":27}},"13":{"start":{"line":68,"column":4},"end":{"line":70,"column":5}},"14":{"start":{"line":69,"column":6},"end":{"line":69,"column":61}},"15":{"start":{"line":71,"column":4},"end":{"line":71,"column":14}},"16":{"start":{"line":74,"column":25},"end":{"line":119,"column":3}},"17":{"start":{"line":75,"column":33},"end":{"line":79,"column":5}},"18":{"start":{"line":81,"column":4},"end":{"line":118,"column":5}},"19":{"start":{"line":83,"column":8},"end":{"line":87,"column":10}},"20":{"start":{"line":89,"column":8},"end":{"line":92,"column":10}},"21":{"start":{"line":94,"column":8},"end":{"line":98,"column":10}},"22":{"start":{"line":100,"column":8},"end":{"line":105,"column":10}},"23":{"start":{"line":107,"column":8},"end":{"line":110,"column":10}},"24":{"start":{"line":112,"column":8},"end":{"line":115,"column":10}},"25":{"start":{"line":117,"column":8},"end":{"line":117,"column":25}},"26":{"start":{"line":121,"column":23},"end":{"line":149,"column":3}},"27":{"start":{"line":122,"column":37},"end":{"line":125,"column":5}},"28":{"start":{"line":127,"column":4},"end":{"line":148,"column":5}},"29":{"start":{"line":132,"column":8},"end":{"line":135,"column":10}},"30":{"start":{"line":137,"column":8},"end":{"line":140,"column":10}},"31":{"start":{"line":142,"column":8},"end":{"line":145,"column":10}},"32":{"start":{"line":147,"column":8},"end":{"line":147,"column":29}},"33":{"start":{"line":151,"column":24},"end":{"line":180,"column":3}},"34":{"start":{"line":152,"column":4},"end":{"line":159,"column":5}},"35":{"start":{"line":153,"column":6},"end":{"line":158,"column":8}},"36":{"start":{"line":161,"column":4},"end":{"line":168,"column":5}},"37":{"start":{"line":162,"column":6},"end":{"line":167,"column":8}},"38":{"start":{"line":170,"column":4},"end":{"line":177,"column":5}},"39":{"start":{"line":171,"column":6},"end":{"line":176,"column":8}},"40":{"start":{"line":179,"column":4},"end":{"line":179,"column":68}},"41":{"start":{"line":182,"column":2},"end":{"line":192,"column":4}},"42":{"start":{"line":195,"column":15},"end":{"line":243,"column":2}}},"fnMap":{"0":{"name":"(anonymous_0)","decl":{"start":{"line":37,"column":45},"end":{"line":37,"column":46}},"loc":{"start":{"line":50,"column":6},"end":{"line":193,"column":1}},"line":50},"1":{"name":"(anonymous_1)","decl":{"start":{"line":54,"column":41},"end":{"line":54,"column":42}},"loc":{"start":{"line":54,"column":48},"end":{"line":56,"column":3}},"line":54},"2":{"name":"(anonymous_2)","decl":{"start":{"line":58,"column":24},"end":{"line":58,"column":25}},"loc":{"start":{"line":58,"column":30},"end":{"line":60,"column":3}},"line":58},"3":{"name":"(anonymous_3)","decl":{"start":{"line":62,"column":25},"end":{"line":62,"column":26}},"loc":{"start":{"line":62,"column":31},"end":{"line":64,"column":3}},"line":62},"4":{"name":"(anonymous_4)","decl":{"start":{"line":66,"column":22},"end":{"line":66,"column":23}},"loc":{"start":{"line":66,"column":28},"end":{"line":72,"column":3}},"line":66},"5":{"name":"(anonymous_5)","decl":{"start":{"line":74,"column":25},"end":{"line":74,"column":26}},"loc":{"start":{"line":74,"column":42},"end":{"line":119,"column":3}},"line":74},"6":{"name":"(anonymous_6)","decl":{"start":{"line":121,"column":23},"end":{"line":121,"column":24}},"loc":{"start":{"line":121,"column":40},"end":{"line":149,"column":3}},"line":121},"7":{"name":"(anonymous_7)","decl":{"start":{"line":151,"column":24},"end":{"line":151,"column":25}},"loc":{"start":{"line":151,"column":30},"end":{"line":180,"column":3}},"line":151}},"branchMap":{"0":{"loc":{"start":{"line":40,"column":2},"end":{"line":40,"column":21}},"type":"default-arg","locations":[{"start":{"line":40,"column":12},"end":{"line":40,"column":21}}],"line":40},"1":{"loc":{"start":{"line":41,"column":2},"end":{"line":41,"column":13}},"type":"default-arg","locations":[{"start":{"line":41,"column":9},"end":{"line":41,"column":13}}],"line":41},"2":{"loc":{"start":{"line":42,"column":2},"end":{"line":42,"column":18}},"type":"default-arg","locations":[{"start":{"line":42,"column":13},"end":{"line":42,"column":18}}],"line":42},"3":{"loc":{"start":{"line":43,"column":2},"end":{"line":43,"column":17}},"type":"default-arg","locations":[{"start":{"line":43,"column":12},"end":{"line":43,"column":17}}],"line":43},"4":{"loc":{"start":{"line":44,"column":2},"end":{"line":44,"column":19}},"type":"default-arg","locations":[{"start":{"line":44,"column":14},"end":{"line":44,"column":19}}],"line":44},"5":{"loc":{"start":{"line":46,"column":2},"end":{"line":46,"column":23}},"type":"default-arg","locations":[{"start":{"line":46,"column":17},"end":{"line":46,"column":23}}],"line":46},"6":{"loc":{"start":{"line":49,"column":2},"end":{"line":49,"column":15}},"type":"default-arg","locations":[{"start":{"line":49,"column":11},"end":{"line":49,"column":15}}],"line":49},"7":{"loc":{"start":{"line":51,"column":21},"end":{"line":51,"column":40}},"type":"binary-expr","locations":[{"start":{"line":51,"column":21},"end":{"line":51,"column":29}},{"start":{"line":51,"column":33},"end":{"line":51,"column":40}}],"line":51},"8":{"loc":{"start":{"line":67,"column":4},"end":{"line":67,"column":27}},"type":"if","locations":[{"start":{"line":67,"column":4},"end":{"line":67,"column":27}},{"start":{},"end":{}}],"line":67},"9":{"loc":{"start":{"line":68,"column":4},"end":{"line":70,"column":5}},"type":"if","locations":[{"start":{"line":68,"column":4},"end":{"line":70,"column":5}},{"start":{},"end":{}}],"line":68},"10":{"loc":{"start":{"line":68,"column":8},"end":{"line":68,"column":39}},"type":"binary-expr","locations":[{"start":{"line":68,"column":8},"end":{"line":68,"column":14}},{"start":{"line":68,"column":18},"end":{"line":68,"column":39}}],"line":68},"11":{"loc":{"start":{"line":78,"column":10},"end":{"line":78,"column":39}},"type":"binary-expr","locations":[{"start":{"line":78,"column":10},"end":{"line":78,"column":19}},{"start":{"line":78,"column":23},"end":{"line":78,"column":39}}],"line":78},"12":{"loc":{"start":{"line":81,"column":4},"end":{"line":118,"column":5}},"type":"switch","locations":[{"start":{"line":82,"column":6},"end":{"line":87,"column":10}},{"start":{"line":88,"column":6},"end":{"line":92,"column":10}},{"start":{"line":93,"column":6},"end":{"line":98,"column":10}},{"start":{"line":99,"column":6},"end":{"line":105,"column":10}},{"start":{"line":106,"column":6},"end":{"line":110,"column":10}},{"start":{"line":111,"column":6},"end":{"line":115,"column":10}},{"start":{"line":116,"column":6},"end":{"line":117,"column":25}}],"line":81},"13":{"loc":{"start":{"line":85,"column":27},"end":{"line":85,"column":73}},"type":"cond-expr","locations":[{"start":{"line":85,"column":40},"end":{"line":85,"column":56}},{"start":{"line":85,"column":59},"end":{"line":85,"column":73}}],"line":85},"14":{"loc":{"start":{"line":86,"column":14},"end":{"line":86,"column":47}},"type":"cond-expr","locations":[{"start":{"line":86,"column":27},"end":{"line":86,"column":29}},{"start":{"line":86,"column":32},"end":{"line":86,"column":47}}],"line":86},"15":{"loc":{"start":{"line":91,"column":27},"end":{"line":91,"column":75}},"type":"cond-expr","locations":[{"start":{"line":91,"column":40},"end":{"line":91,"column":56}},{"start":{"line":91,"column":59},"end":{"line":91,"column":75}}],"line":91},"16":{"loc":{"start":{"line":96,"column":27},"end":{"line":96,"column":73}},"type":"cond-expr","locations":[{"start":{"line":96,"column":40},"end":{"line":96,"column":56}},{"start":{"line":96,"column":59},"end":{"line":96,"column":73}}],"line":96},"17":{"loc":{"start":{"line":97,"column":14},"end":{"line":97,"column":47}},"type":"cond-expr","locations":[{"start":{"line":97,"column":27},"end":{"line":97,"column":29}},{"start":{"line":97,"column":32},"end":{"line":97,"column":47}}],"line":97},"18":{"loc":{"start":{"line":102,"column":27},"end":{"line":102,"column":70}},"type":"cond-expr","locations":[{"start":{"line":102,"column":40},"end":{"line":102,"column":55}},{"start":{"line":102,"column":58},"end":{"line":102,"column":70}}],"line":102},"19":{"loc":{"start":{"line":104,"column":23},"end":{"line":104,"column":69}},"type":"cond-expr","locations":[{"start":{"line":104,"column":36},"end":{"line":104,"column":52}},{"start":{"line":104,"column":55},"end":{"line":104,"column":69}}],"line":104},"20":{"loc":{"start":{"line":109,"column":27},"end":{"line":109,"column":74}},"type":"cond-expr","locations":[{"start":{"line":109,"column":40},"end":{"line":109,"column":53}},{"start":{"line":109,"column":56},"end":{"line":109,"column":74}}],"line":109},"21":{"loc":{"start":{"line":114,"column":27},"end":{"line":114,"column":71}},"type":"cond-expr","locations":[{"start":{"line":114,"column":40},"end":{"line":114,"column":56}},{"start":{"line":114,"column":59},"end":{"line":114,"column":71}}],"line":114},"22":{"loc":{"start":{"line":127,"column":4},"end":{"line":148,"column":5}},"type":"switch","locations":[{"start":{"line":128,"column":6},"end":{"line":128,"column":21}},{"start":{"line":129,"column":6},"end":{"line":129,"column":23}},{"start":{"line":130,"column":6},"end":{"line":130,"column":21}},{"start":{"line":131,"column":6},"end":{"line":135,"column":10}},{"start":{"line":136,"column":6},"end":{"line":140,"column":10}},{"start":{"line":141,"column":6},"end":{"line":145,"column":10}},{"start":{"line":146,"column":6},"end":{"line":147,"column":29}}],"line":127},"23":{"loc":{"start":{"line":134,"column":17},"end":{"line":134,"column":61}},"type":"cond-expr","locations":[{"start":{"line":134,"column":30},"end":{"line":134,"column":46}},{"start":{"line":134,"column":49},"end":{"line":134,"column":61}}],"line":134},"24":{"loc":{"start":{"line":139,"column":17},"end":{"line":139,"column":63}},"type":"cond-expr","locations":[{"start":{"line":139,"column":30},"end":{"line":139,"column":46}},{"start":{"line":139,"column":49},"end":{"line":139,"column":63}}],"line":139},"25":{"loc":{"start":{"line":144,"column":17},"end":{"line":144,"column":63}},"type":"cond-expr","locations":[{"start":{"line":144,"column":30},"end":{"line":144,"column":46}},{"start":{"line":144,"column":49},"end":{"line":144,"column":63}}],"line":144},"26":{"loc":{"start":{"line":152,"column":4},"end":{"line":159,"column":5}},"type":"if","locations":[{"start":{"line":152,"column":4},"end":{"line":159,"column":5}},{"start":{},"end":{}}],"line":152},"27":{"loc":{"start":{"line":155,"column":17},"end":{"line":155,"column":93}},"type":"cond-expr","locations":[{"start":{"line":155,"column":64},"end":{"line":155,"column":78}},{"start":{"line":155,"column":81},"end":{"line":155,"column":93}}],"line":155},"28":{"loc":{"start":{"line":155,"column":17},"end":{"line":155,"column":61}},"type":"binary-expr","locations":[{"start":{"line":155,"column":17},"end":{"line":155,"column":38}},{"start":{"line":155,"column":42},"end":{"line":155,"column":61}}],"line":155},"29":{"loc":{"start":{"line":161,"column":4},"end":{"line":168,"column":5}},"type":"if","locations":[{"start":{"line":161,"column":4},"end":{"line":168,"column":5}},{"start":{},"end":{}}],"line":161},"30":{"loc":{"start":{"line":161,"column":8},"end":{"line":161,"column":39}},"type":"binary-expr","locations":[{"start":{"line":161,"column":8},"end":{"line":161,"column":12}},{"start":{"line":161,"column":16},"end":{"line":161,"column":39}}],"line":161},"31":{"loc":{"start":{"line":170,"column":4},"end":{"line":177,"column":5}},"type":"if","locations":[{"start":{"line":170,"column":4},"end":{"line":177,"column":5}},{"start":{},"end":{}}],"line":170},"32":{"loc":{"start":{"line":170,"column":8},"end":{"line":170,"column":40}},"type":"binary-expr","locations":[{"start":{"line":170,"column":8},"end":{"line":170,"column":12}},{"start":{"line":170,"column":16},"end":{"line":170,"column":40}}],"line":170}},"s":{"0":0,"1":0,"2":0,"3":0,"4":0,"5":0,"6":0,"7":0,"8":0,"9":0,"10":0,"11":0,"12":0,"13":0,"14":0,"15":0,"16":0,"17":0,"18":0,"19":0,"20":0,"21":0,"22":0,"23":0,"24":0,"25":0,"26":0,"27":0,"28":0,"29":0,"30":0,"31":0,"32":0,"33":0,"34":0,"35":0,"36":0,"37":0,"38":0,"39":0,"40":0,"41":0,"42":0},"f":{"0":0,"1":0,"2":0,"3":0,"4":0,"5":0,"6":0,"7":0},"b":{"0":[0],"1":[0],"2":[0],"3":[0],"4":[0],"5":[0],"6":[0],"7":[0,0],"8":[0,0],"9":[0,0],"10":[0,0],"11":[0,0],"12":[0,0,0,0,0,0,0],"13":[0,0],"14":[0,0],"15":[0,0],"16":[0,0],"17":[0,0],"18":[0,0],"19":[0,0],"20":[0,0],"21":[0,0],"22":[0,0,0,0,0,0,0],"23":[0,0],"24":[0,0],"25":[0,0],"26":[0,0],"27":[0,0],"28":[0,0],"29":[0,0],"30":[0,0],"31":[0,0],"32":[0,0]}}
,"/Users/tatsuya_kayama/Documents/Obsidian/40_Project/Atsume/atsume/src/components/common/Card.tsx": {"path":"/Users/tatsuya_kayama/Documents/Obsidian/40_Project/Atsume/atsume/src/components/common/Card.tsx","statementMap":{"0":{"start":{"line":17,"column":26},"end":{"line":17,"column":69}},"1":{"start":{"line":29,"column":41},"end":{"line":111,"column":1}},"2":{"start":{"line":38,"column":16},"end":{"line":38,"column":33}},"3":{"start":{"line":40,"column":24},"end":{"line":42,"column":5}},"4":{"start":{"line":40,"column":48},"end":{"line":42,"column":3}},"5":{"start":{"line":44,"column":24},"end":{"line":48,"column":3}},"6":{"start":{"line":45,"column":4},"end":{"line":47,"column":5}},"7":{"start":{"line":46,"column":6},"end":{"line":46,"column":70}},"8":{"start":{"line":50,"column":25},"end":{"line":54,"column":3}},"9":{"start":{"line":51,"column":4},"end":{"line":53,"column":5}},"10":{"start":{"line":52,"column":6},"end":{"line":52,"column":67}},"11":{"start":{"line":56,"column":22},"end":{"line":62,"column":3}},"12":{"start":{"line":57,"column":4},"end":{"line":57,"column":37}},"13":{"start":{"line":57,"column":30},"end":{"line":57,"column":37}},"14":{"start":{"line":58,"column":4},"end":{"line":60,"column":5}},"15":{"start":{"line":59,"column":6},"end":{"line":59,"column":61}},"16":{"start":{"line":61,"column":4},"end":{"line":61,"column":14}},"17":{"start":{"line":64,"column":23},"end":{"line":90,"column":3}},"18":{"start":{"line":65,"column":4},"end":{"line":89,"column":5}},"19":{"start":{"line":67,"column":8},"end":{"line":70,"column":10}},"20":{"start":{"line":72,"column":8},"end":{"line":77,"column":10}},"21":{"start":{"line":79,"column":8},"end":{"line":83,"column":10}},"22":{"start":{"line":85,"column":8},"end":{"line":88,"column":10}},"23":{"start":{"line":92,"column":2},"end":{"line":104,"column":3}},"24":{"start":{"line":93,"column":4},"end":{"line":103,"column":6}},"25":{"start":{"line":106,"column":2},"end":{"line":110,"column":4}},"26":{"start":{"line":113,"column":15},"end":{"line":122,"column":2}}},"fnMap":{"0":{"name":"(anonymous_0)","decl":{"start":{"line":29,"column":41},"end":{"line":29,"column":42}},"loc":{"start":{"line":37,"column":6},"end":{"line":111,"column":1}},"line":37},"1":{"name":"(anonymous_1)","decl":{"start":{"line":40,"column":41},"end":{"line":40,"column":42}},"loc":{"start":{"line":40,"column":48},"end":{"line":42,"column":3}},"line":40},"2":{"name":"(anonymous_2)","decl":{"start":{"line":44,"column":24},"end":{"line":44,"column":25}},"loc":{"start":{"line":44,"column":30},"end":{"line":48,"column":3}},"line":44},"3":{"name":"(anonymous_3)","decl":{"start":{"line":50,"column":25},"end":{"line":50,"column":26}},"loc":{"start":{"line":50,"column":31},"end":{"line":54,"column":3}},"line":50},"4":{"name":"(anonymous_4)","decl":{"start":{"line":56,"column":22},"end":{"line":56,"column":23}},"loc":{"start":{"line":56,"column":28},"end":{"line":62,"column":3}},"line":56},"5":{"name":"(anonymous_5)","decl":{"start":{"line":64,"column":23},"end":{"line":64,"column":24}},"loc":{"start":{"line":64,"column":40},"end":{"line":90,"column":3}},"line":64}},"branchMap":{"0":{"loc":{"start":{"line":32,"column":2},"end":{"line":32,"column":21}},"type":"default-arg","locations":[{"start":{"line":32,"column":12},"end":{"line":32,"column":21}}],"line":32},"1":{"loc":{"start":{"line":34,"column":2},"end":{"line":34,"column":18}},"type":"default-arg","locations":[{"start":{"line":34,"column":13},"end":{"line":34,"column":18}}],"line":34},"2":{"loc":{"start":{"line":35,"column":2},"end":{"line":35,"column":17}},"type":"default-arg","locations":[{"start":{"line":35,"column":13},"end":{"line":35,"column":17}}],"line":35},"3":{"loc":{"start":{"line":36,"column":2},"end":{"line":36,"column":16}},"type":"default-arg","locations":[{"start":{"line":36,"column":11},"end":{"line":36,"column":16}}],"line":36},"4":{"loc":{"start":{"line":45,"column":4},"end":{"line":47,"column":5}},"type":"if","locations":[{"start":{"line":45,"column":4},"end":{"line":47,"column":5}},{"start":{},"end":{}}],"line":45},"5":{"loc":{"start":{"line":45,"column":8},"end":{"line":45,"column":27}},"type":"binary-expr","locations":[{"start":{"line":45,"column":8},"end":{"line":45,"column":16}},{"start":{"line":45,"column":20},"end":{"line":45,"column":27}}],"line":45},"6":{"loc":{"start":{"line":51,"column":4},"end":{"line":53,"column":5}},"type":"if","locations":[{"start":{"line":51,"column":4},"end":{"line":53,"column":5}},{"start":{},"end":{}}],"line":51},"7":{"loc":{"start":{"line":51,"column":8},"end":{"line":51,"column":27}},"type":"binary-expr","locations":[{"start":{"line":51,"column":8},"end":{"line":51,"column":16}},{"start":{"line":51,"column":20},"end":{"line":51,"column":27}}],"line":51},"8":{"loc":{"start":{"line":57,"column":4},"end":{"line":57,"column":37}},"type":"if","locations":[{"start":{"line":57,"column":4},"end":{"line":57,"column":37}},{"start":{},"end":{}}],"line":57},"9":{"loc":{"start":{"line":57,"column":8},"end":{"line":57,"column":28}},"type":"binary-expr","locations":[{"start":{"line":57,"column":8},"end":{"line":57,"column":16}},{"start":{"line":57,"column":20},"end":{"line":57,"column":28}}],"line":57},"10":{"loc":{"start":{"line":58,"column":4},"end":{"line":60,"column":5}},"type":"if","locations":[{"start":{"line":58,"column":4},"end":{"line":60,"column":5}},{"start":{},"end":{}}],"line":58},"11":{"loc":{"start":{"line":58,"column":8},"end":{"line":58,"column":39}},"type":"binary-expr","locations":[{"start":{"line":58,"column":8},"end":{"line":58,"column":14}},{"start":{"line":58,"column":18},"end":{"line":58,"column":39}}],"line":58},"12":{"loc":{"start":{"line":65,"column":4},"end":{"line":89,"column":5}},"type":"switch","locations":[{"start":{"line":66,"column":6},"end":{"line":70,"column":10}},{"start":{"line":71,"column":6},"end":{"line":77,"column":10}},{"start":{"line":78,"column":6},"end":{"line":83,"column":10}},{"start":{"line":84,"column":6},"end":{"line":88,"column":10}}],"line":65},"13":{"loc":{"start":{"line":92,"column":2},"end":{"line":104,"column":3}},"type":"if","locations":[{"start":{"line":92,"column":2},"end":{"line":104,"column":3}},{"start":{},"end":{}}],"line":92},"14":{"loc":{"start":{"line":95,"column":32},"end":{"line":95,"column":57}},"type":"binary-expr","locations":[{"start":{"line":95,"column":32},"end":{"line":95,"column":40}},{"start":{"line":95,"column":44},"end":{"line":95,"column":57}}],"line":95},"15":{"loc":{"start":{"line":95,"column":59},"end":{"line":95,"column":86}},"type":"binary-expr","locations":[{"start":{"line":95,"column":59},"end":{"line":95,"column":67}},{"start":{"line":95,"column":71},"end":{"line":95,"column":86}}],"line":95}},"s":{"0":0,"1":0,"2":0,"3":0,"4":0,"5":0,"6":0,"7":0,"8":0,"9":0,"10":0,"11":0,"12":0,"13":0,"14":0,"15":0,"16":0,"17":0,"18":0,"19":0,"20":0,"21":0,"22":0,"23":0,"24":0,"25":0,"26":0},"f":{"0":0,"1":0,"2":0,"3":0,"4":0,"5":0},"b":{"0":[0],"1":[0],"2":[0],"3":[0],"4":[0,0],"5":[0,0],"6":[0,0],"7":[0,0],"8":[0,0],"9":[0,0],"10":[0,0],"11":[0,0],"12":[0,0,0,0],"13":[0,0],"14":[0,0],"15":[0,0]}}
,"/Users/tatsuya_kayama/Documents/Obsidian/40_Project/Atsume/atsume/src/components/common/DateTimePicker.tsx": {"path":"/Users/tatsuya_kayama/Documents/Obsidian/40_Project/Atsume/atsume/src/components/common/DateTimePicker.tsx","statementMap":{"0":{"start":{"line":20,"column":61},"end":{"line":181,"column":1}},"1":{"start":{"line":27,"column":34},"end":{"line":27,"column":49}},"2":{"start":{"line":30,"column":2},"end":{"line":34,"column":23}},"3":{"start":{"line":31,"column":4},"end":{"line":33,"column":5}},"4":{"start":{"line":32,"column":6},"end":{"line":32,"column":25}},"5":{"start":{"line":36,"column":16},"end":{"line":43,"column":8}},"6":{"start":{"line":37,"column":24},"end":{"line":37,"column":48}},"7":{"start":{"line":38,"column":18},"end":{"line":38,"column":20}},"8":{"start":{"line":39,"column":4},"end":{"line":41,"column":5}},"9":{"start":{"line":39,"column":17},"end":{"line":39,"column":28}},"10":{"start":{"line":40,"column":6},"end":{"line":40,"column":47}},"11":{"start":{"line":42,"column":4},"end":{"line":42,"column":17}},"12":{"start":{"line":45,"column":17},"end":{"line":50,"column":8}},"13":{"start":{"line":46,"column":4},"end":{"line":49,"column":8}},"14":{"start":{"line":46,"column":49},"end":{"line":49,"column":5}},"15":{"start":{"line":52,"column":15},"end":{"line":60,"column":51}},"16":{"start":{"line":53,"column":17},"end":{"line":53,"column":39}},"17":{"start":{"line":54,"column":18},"end":{"line":54,"column":37}},"18":{"start":{"line":55,"column":24},"end":{"line":55,"column":62}},"19":{"start":{"line":56,"column":4},"end":{"line":59,"column":8}},"20":{"start":{"line":56,"column":58},"end":{"line":59,"column":5}},"21":{"start":{"line":62,"column":16},"end":{"line":67,"column":8}},"22":{"start":{"line":63,"column":4},"end":{"line":66,"column":8}},"23":{"start":{"line":63,"column":49},"end":{"line":66,"column":5}},"24":{"start":{"line":69,"column":18},"end":{"line":75,"column":8}},"25":{"start":{"line":71,"column":4},"end":{"line":74,"column":6}},"26":{"start":{"line":77,"column":27},"end":{"line":81,"column":3}},"27":{"start":{"line":78,"column":20},"end":{"line":78,"column":38}},"28":{"start":{"line":79,"column":4},"end":{"line":79,"column":40}},"29":{"start":{"line":80,"column":4},"end":{"line":80,"column":25}},"30":{"start":{"line":83,"column":28},"end":{"line":87,"column":3}},"31":{"start":{"line":84,"column":20},"end":{"line":84,"column":38}},"32":{"start":{"line":85,"column":4},"end":{"line":85,"column":44}},"33":{"start":{"line":86,"column":4},"end":{"line":86,"column":25}},"34":{"start":{"line":89,"column":26},"end":{"line":93,"column":3}},"35":{"start":{"line":90,"column":20},"end":{"line":90,"column":38}},"36":{"start":{"line":91,"column":4},"end":{"line":91,"column":35}},"37":{"start":{"line":92,"column":4},"end":{"line":92,"column":25}},"38":{"start":{"line":95,"column":27},"end":{"line":99,"column":3}},"39":{"start":{"line":96,"column":20},"end":{"line":96,"column":38}},"40":{"start":{"line":97,"column":4},"end":{"line":97,"column":37}},"41":{"start":{"line":98,"column":4},"end":{"line":98,"column":25}},"42":{"start":{"line":101,"column":29},"end":{"line":105,"column":3}},"43":{"start":{"line":102,"column":20},"end":{"line":102,"column":38}},"44":{"start":{"line":103,"column":4},"end":{"line":103,"column":41}},"45":{"start":{"line":104,"column":4},"end":{"line":104,"column":25}},"46":{"start":{"line":107,"column":24},"end":{"line":109,"column":3}},"47":{"start":{"line":108,"column":4},"end":{"line":108,"column":24}},"48":{"start":{"line":111,"column":2},"end":{"line":180,"column":4}},"49":{"start":{"line":123,"column":72},"end":{"line":123,"column":76}},"50":{"start":{"line":183,"column":15},"end":{"line":245,"column":2}}},"fnMap":{"0":{"name":"(anonymous_0)","decl":{"start":{"line":20,"column":61},"end":{"line":20,"column":62}},"loc":{"start":{"line":26,"column":6},"end":{"line":181,"column":1}},"line":26},"1":{"name":"(anonymous_1)","decl":{"start":{"line":30,"column":18},"end":{"line":30,"column":19}},"loc":{"start":{"line":30,"column":24},"end":{"line":34,"column":3}},"line":30},"2":{"name":"(anonymous_2)","decl":{"start":{"line":36,"column":24},"end":{"line":36,"column":25}},"loc":{"start":{"line":36,"column":30},"end":{"line":43,"column":3}},"line":36},"3":{"name":"(anonymous_3)","decl":{"start":{"line":45,"column":25},"end":{"line":45,"column":26}},"loc":{"start":{"line":45,"column":31},"end":{"line":50,"column":3}},"line":45},"4":{"name":"(anonymous_4)","decl":{"start":{"line":46,"column":38},"end":{"line":46,"column":39}},"loc":{"start":{"line":46,"column":49},"end":{"line":49,"column":5}},"line":46},"5":{"name":"(anonymous_5)","decl":{"start":{"line":52,"column":23},"end":{"line":52,"column":24}},"loc":{"start":{"line":52,"column":29},"end":{"line":60,"column":3}},"line":52},"6":{"name":"(anonymous_6)","decl":{"start":{"line":56,"column":47},"end":{"line":56,"column":48}},"loc":{"start":{"line":56,"column":58},"end":{"line":59,"column":5}},"line":56},"7":{"name":"(anonymous_7)","decl":{"start":{"line":62,"column":24},"end":{"line":62,"column":25}},"loc":{"start":{"line":62,"column":30},"end":{"line":67,"column":3}},"line":62},"8":{"name":"(anonymous_8)","decl":{"start":{"line":63,"column":38},"end":{"line":63,"column":39}},"loc":{"start":{"line":63,"column":49},"end":{"line":66,"column":5}},"line":63},"9":{"name":"(anonymous_9)","decl":{"start":{"line":69,"column":26},"end":{"line":69,"column":27}},"loc":{"start":{"line":69,"column":32},"end":{"line":75,"column":3}},"line":69},"10":{"name":"(anonymous_10)","decl":{"start":{"line":77,"column":27},"end":{"line":77,"column":28}},"loc":{"start":{"line":77,"column":54},"end":{"line":81,"column":3}},"line":77},"11":{"name":"(anonymous_11)","decl":{"start":{"line":83,"column":28},"end":{"line":83,"column":29}},"loc":{"start":{"line":83,"column":56},"end":{"line":87,"column":3}},"line":83},"12":{"name":"(anonymous_12)","decl":{"start":{"line":89,"column":26},"end":{"line":89,"column":27}},"loc":{"start":{"line":89,"column":52},"end":{"line":93,"column":3}},"line":89},"13":{"name":"(anonymous_13)","decl":{"start":{"line":95,"column":27},"end":{"line":95,"column":28}},"loc":{"start":{"line":95,"column":54},"end":{"line":99,"column":3}},"line":95},"14":{"name":"(anonymous_14)","decl":{"start":{"line":101,"column":29},"end":{"line":101,"column":30}},"loc":{"start":{"line":101,"column":58},"end":{"line":105,"column":3}},"line":101},"15":{"name":"(anonymous_15)","decl":{"start":{"line":107,"column":24},"end":{"line":107,"column":25}},"loc":{"start":{"line":107,"column":30},"end":{"line":109,"column":3}},"line":107},"16":{"name":"(anonymous_16)","decl":{"start":{"line":123,"column":66},"end":{"line":123,"column":67}},"loc":{"start":{"line":123,"column":72},"end":{"line":123,"column":76}},"line":123}},"branchMap":{"0":{"loc":{"start":{"line":31,"column":4},"end":{"line":33,"column":5}},"type":"if","locations":[{"start":{"line":31,"column":4},"end":{"line":33,"column":5}},{"start":{},"end":{}}],"line":31},"1":{"loc":{"start":{"line":125,"column":13},"end":{"line":125,"column":48}},"type":"cond-expr","locations":[{"start":{"line":125,"column":31},"end":{"line":125,"column":38}},{"start":{"line":125,"column":41},"end":{"line":125,"column":48}}],"line":125},"2":{"loc":{"start":{"line":129,"column":13},"end":{"line":166,"column":13}},"type":"cond-expr","locations":[{"start":{"line":130,"column":14},"end":{"line":149,"column":17}},{"start":{"line":151,"column":14},"end":{"line":165,"column":17}}],"line":129},"3":{"loc":{"start":{"line":161,"column":33},"end":{"line":161,"column":101}},"type":"cond-expr","locations":[{"start":{"line":161,"column":62},"end":{"line":161,"column":63}},{"start":{"line":161,"column":66},"end":{"line":161,"column":101}}],"line":161},"4":{"loc":{"start":{"line":161,"column":66},"end":{"line":161,"column":101}},"type":"cond-expr","locations":[{"start":{"line":161,"column":95},"end":{"line":161,"column":97}},{"start":{"line":161,"column":100},"end":{"line":161,"column":101}}],"line":161}},"s":{"0":0,"1":0,"2":0,"3":0,"4":0,"5":0,"6":0,"7":0,"8":0,"9":0,"10":0,"11":0,"12":0,"13":0,"14":0,"15":0,"16":0,"17":0,"18":0,"19":0,"20":0,"21":0,"22":0,"23":0,"24":0,"25":0,"26":0,"27":0,"28":0,"29":0,"30":0,"31":0,"32":0,"33":0,"34":0,"35":0,"36":0,"37":0,"38":0,"39":0,"40":0,"41":0,"42":0,"43":0,"44":0,"45":0,"46":0,"47":0,"48":0,"49":0,"50":0},"f":{"0":0,"1":0,"2":0,"3":0,"4":0,"5":0,"6":0,"7":0,"8":0,"9":0,"10":0,"11":0,"12":0,"13":0,"14":0,"15":0,"16":0},"b":{"0":[0,0],"1":[0,0],"2":[0,0],"3":[0,0],"4":[0,0]}}
,"/Users/tatsuya_kayama/Documents/Obsidian/40_Project/Atsume/atsume/src/components/common/Input.tsx": {"path":"/Users/tatsuya_kayama/Documents/Obsidian/40_Project/Atsume/atsume/src/components/common/Input.tsx","statementMap":{"0":{"start":{"line":26,"column":43},"end":{"line":135,"column":1}},"1":{"start":{"line":39,"column":36},"end":{"line":39,"column":51}},"2":{"start":{"line":40,"column":52},"end":{"line":40,"column":67}},"3":{"start":{"line":41,"column":25},"end":{"line":41,"column":62}},"4":{"start":{"line":43,"column":29},"end":{"line":43,"column":58}},"5":{"start":{"line":45,"column":22},"end":{"line":53,"column":3}},"6":{"start":{"line":46,"column":4},"end":{"line":46,"column":23}},"7":{"start":{"line":47,"column":4},"end":{"line":51,"column":15}},"8":{"start":{"line":52,"column":4},"end":{"line":52,"column":23}},"9":{"start":{"line":55,"column":21},"end":{"line":63,"column":3}},"10":{"start":{"line":56,"column":4},"end":{"line":56,"column":24}},"11":{"start":{"line":57,"column":4},"end":{"line":61,"column":15}},"12":{"start":{"line":62,"column":4},"end":{"line":62,"column":22}},"13":{"start":{"line":65,"column":25},"end":{"line":69,"column":3}},"14":{"start":{"line":66,"column":4},"end":{"line":66,"column":35}},"15":{"start":{"line":66,"column":15},"end":{"line":66,"column":35}},"16":{"start":{"line":67,"column":4},"end":{"line":67,"column":41}},"17":{"start":{"line":67,"column":19},"end":{"line":67,"column":41}},"18":{"start":{"line":68,"column":4},"end":{"line":68,"column":28}},"19":{"start":{"line":71,"column":29},"end":{"line":76,"column":3}},"20":{"start":{"line":72,"column":4},"end":{"line":74,"column":5}},"21":{"start":{"line":73,"column":6},"end":{"line":73,"column":56}},"22":{"start":{"line":75,"column":4},"end":{"line":75,"column":24}},"23":{"start":{"line":78,"column":2},"end":{"line":134,"column":4}},"24":{"start":{"line":115,"column":27},"end":{"line":115,"column":67}},"25":{"start":{"line":137,"column":15},"end":{"line":237,"column":2}}},"fnMap":{"0":{"name":"(anonymous_0)","decl":{"start":{"line":26,"column":43},"end":{"line":26,"column":44}},"loc":{"start":{"line":38,"column":6},"end":{"line":135,"column":1}},"line":38},"1":{"name":"(anonymous_1)","decl":{"start":{"line":45,"column":22},"end":{"line":45,"column":23}},"loc":{"start":{"line":45,"column":34},"end":{"line":53,"column":3}},"line":45},"2":{"name":"(anonymous_2)","decl":{"start":{"line":55,"column":21},"end":{"line":55,"column":22}},"loc":{"start":{"line":55,"column":33},"end":{"line":63,"column":3}},"line":55},"3":{"name":"(anonymous_3)","decl":{"start":{"line":65,"column":25},"end":{"line":65,"column":26}},"loc":{"start":{"line":65,"column":31},"end":{"line":69,"column":3}},"line":65},"4":{"name":"(anonymous_4)","decl":{"start":{"line":71,"column":29},"end":{"line":71,"column":30}},"loc":{"start":{"line":71,"column":35},"end":{"line":76,"column":3}},"line":71},"5":{"name":"(anonymous_5)","decl":{"start":{"line":115,"column":21},"end":{"line":115,"column":22}},"loc":{"start":{"line":115,"column":27},"end":{"line":115,"column":67}},"line":115}},"branchMap":{"0":{"loc":{"start":{"line":36,"column":2},"end":{"line":36,"column":21}},"type":"default-arg","locations":[{"start":{"line":36,"column":12},"end":{"line":36,"column":21}}],"line":36},"1":{"loc":{"start":{"line":43,"column":29},"end":{"line":43,"column":58}},"type":"binary-expr","locations":[{"start":{"line":43,"column":29},"end":{"line":43,"column":44}},{"start":{"line":43,"column":48},"end":{"line":43,"column":58}}],"line":43},"2":{"loc":{"start":{"line":66,"column":4},"end":{"line":66,"column":35}},"type":"if","locations":[{"start":{"line":66,"column":4},"end":{"line":66,"column":35}},{"start":{},"end":{}}],"line":66},"3":{"loc":{"start":{"line":67,"column":4},"end":{"line":67,"column":41}},"type":"if","locations":[{"start":{"line":67,"column":4},"end":{"line":67,"column":41}},{"start":{},"end":{}}],"line":67},"4":{"loc":{"start":{"line":72,"column":4},"end":{"line":74,"column":5}},"type":"if","locations":[{"start":{"line":72,"column":4},"end":{"line":74,"column":5}},{"start":{},"end":{}}],"line":72},"5":{"loc":{"start":{"line":73,"column":13},"end":{"line":73,"column":55}},"type":"cond-expr","locations":[{"start":{"line":73,"column":25},"end":{"line":73,"column":37}},{"start":{"line":73,"column":40},"end":{"line":73,"column":55}}],"line":73},"6":{"loc":{"start":{"line":80,"column":7},"end":{"line":84,"column":7}},"type":"binary-expr","locations":[{"start":{"line":80,"column":7},"end":{"line":80,"column":12}},{"start":{"line":81,"column":8},"end":{"line":83,"column":15}}],"line":80},"7":{"loc":{"start":{"line":81,"column":36},"end":{"line":81,"column":62}},"type":"binary-expr","locations":[{"start":{"line":81,"column":36},"end":{"line":81,"column":41}},{"start":{"line":81,"column":45},"end":{"line":81,"column":62}}],"line":81},"8":{"loc":{"start":{"line":91,"column":25},"end":{"line":91,"column":44}},"type":"cond-expr","locations":[{"start":{"line":91,"column":37},"end":{"line":91,"column":38}},{"start":{"line":91,"column":41},"end":{"line":91,"column":44}}],"line":91},"9":{"loc":{"start":{"line":93,"column":10},"end":{"line":93,"column":36}},"type":"binary-expr","locations":[{"start":{"line":93,"column":10},"end":{"line":93,"column":15}},{"start":{"line":93,"column":19},"end":{"line":93,"column":36}}],"line":93},"10":{"loc":{"start":{"line":96,"column":9},"end":{"line":96,"column":68}},"type":"binary-expr","locations":[{"start":{"line":96,"column":9},"end":{"line":96,"column":17}},{"start":{"line":96,"column":21},"end":{"line":96,"column":68}}],"line":96},"11":{"loc":{"start":{"line":97,"column":9},"end":{"line":97,"column":62}},"type":"binary-expr","locations":[{"start":{"line":97,"column":9},"end":{"line":97,"column":15}},{"start":{"line":97,"column":19},"end":{"line":97,"column":62}}],"line":97},"12":{"loc":{"start":{"line":101,"column":12},"end":{"line":101,"column":71}},"type":"cond-expr","locations":[{"start":{"line":101,"column":35},"end":{"line":101,"column":59}},{"start":{"line":101,"column":62},"end":{"line":101,"column":71}}],"line":101},"13":{"loc":{"start":{"line":101,"column":13},"end":{"line":101,"column":31}},"type":"binary-expr","locations":[{"start":{"line":101,"column":13},"end":{"line":101,"column":21}},{"start":{"line":101,"column":25},"end":{"line":101,"column":31}}],"line":101},"14":{"loc":{"start":{"line":102,"column":12},"end":{"line":102,"column":95}},"type":"cond-expr","locations":[{"start":{"line":102,"column":58},"end":{"line":102,"column":83}},{"start":{"line":102,"column":86},"end":{"line":102,"column":95}}],"line":102},"15":{"loc":{"start":{"line":102,"column":13},"end":{"line":102,"column":54}},"type":"binary-expr","locations":[{"start":{"line":102,"column":13},"end":{"line":102,"column":22}},{"start":{"line":102,"column":26},"end":{"line":102,"column":44}},{"start":{"line":102,"column":48},"end":{"line":102,"column":54}}],"line":102},"16":{"loc":{"start":{"line":103,"column":12},"end":{"line":103,"column":52}},"type":"binary-expr","locations":[{"start":{"line":103,"column":12},"end":{"line":103,"column":27}},{"start":{"line":103,"column":31},"end":{"line":103,"column":52}}],"line":103},"17":{"loc":{"start":{"line":108,"column":27},"end":{"line":108,"column":64}},"type":"binary-expr","locations":[{"start":{"line":108,"column":27},"end":{"line":108,"column":42}},{"start":{"line":108,"column":46},"end":{"line":108,"column":64}}],"line":108},"18":{"loc":{"start":{"line":112,"column":9},"end":{"line":122,"column":9}},"type":"binary-expr","locations":[{"start":{"line":112,"column":9},"end":{"line":112,"column":27}},{"start":{"line":113,"column":10},"end":{"line":121,"column":29}}],"line":112},"19":{"loc":{"start":{"line":119,"column":15},"end":{"line":119,"column":46}},"type":"cond-expr","locations":[{"start":{"line":119,"column":35},"end":{"line":119,"column":39}},{"start":{"line":119,"column":42},"end":{"line":119,"column":46}}],"line":119},"20":{"loc":{"start":{"line":123,"column":9},"end":{"line":123,"column":62}},"type":"binary-expr","locations":[{"start":{"line":123,"column":9},"end":{"line":123,"column":15}},{"start":{"line":123,"column":19},"end":{"line":123,"column":62}}],"line":123},"21":{"loc":{"start":{"line":124,"column":9},"end":{"line":124,"column":71}},"type":"binary-expr","locations":[{"start":{"line":124,"column":9},"end":{"line":124,"column":18}},{"start":{"line":124,"column":22},"end":{"line":124,"column":71}}],"line":124},"22":{"loc":{"start":{"line":126,"column":7},"end":{"line":131,"column":7}},"type":"binary-expr","locations":[{"start":{"line":126,"column":7},"end":{"line":126,"column":12}},{"start":{"line":127,"column":8},"end":{"line":130,"column":15}}],"line":126},"23":{"loc":{"start":{"line":132,"column":7},"end":{"line":132,"column":64}},"type":"binary-expr","locations":[{"start":{"line":132,"column":7},"end":{"line":132,"column":11}},{"start":{"line":132,"column":15},"end":{"line":132,"column":21}},{"start":{"line":132,"column":25},"end":{"line":132,"column":64}}],"line":132}},"s":{"0":0,"1":0,"2":0,"3":0,"4":0,"5":0,"6":0,"7":0,"8":0,"9":0,"10":0,"11":0,"12":0,"13":0,"14":0,"15":0,"16":0,"17":0,"18":0,"19":0,"20":0,"21":0,"22":0,"23":0,"24":0,"25":0},"f":{"0":0,"1":0,"2":0,"3":0,"4":0,"5":0},"b":{"0":[0],"1":[0,0],"2":[0,0],"3":[0,0],"4":[0,0],"5":[0,0],"6":[0,0],"7":[0,0],"8":[0,0],"9":[0,0],"10":[0,0],"11":[0,0],"12":[0,0],"13":[0,0],"14":[0,0],"15":[0,0,0],"16":[0,0],"17":[0,0],"18":[0,0],"19":[0,0],"20":[0,0],"21":[0,0],"22":[0,0],"23":[0,0,0]}}
,"/Users/tatsuya_kayama/Documents/Obsidian/40_Project/Atsume/atsume/src/components/common/SkeletonLoader.tsx": {"path":"/Users/tatsuya_kayama/Documents/Obsidian/40_Project/Atsume/atsume/src/components/common/SkeletonLoader.tsx","statementMap":{"0":{"start":{"line":19,"column":61},"end":{"line":54,"column":1}},"1":{"start":{"line":25,"column":23},"end":{"line":25,"column":40}},"2":{"start":{"line":27,"column":2},"end":{"line":33,"column":21}},"3":{"start":{"line":28,"column":4},"end":{"line":32,"column":6}},"4":{"start":{"line":35,"column":24},"end":{"line":42,"column":20}},"5":{"start":{"line":36,"column":20},"end":{"line":40,"column":5}},"6":{"start":{"line":41,"column":4},"end":{"line":41,"column":23}},"7":{"start":{"line":44,"column":2},"end":{"line":53,"column":4}},"8":{"start":{"line":60,"column":57},"end":{"line":73,"column":1}},"9":{"start":{"line":61,"column":2},"end":{"line":72,"column":4}},"10":{"start":{"line":80,"column":57},"end":{"line":88,"column":1}},"11":{"start":{"line":81,"column":2},"end":{"line":87,"column":4}},"12":{"start":{"line":84,"column":8},"end":{"line":84,"column":94}},"13":{"start":{"line":90,"column":15},"end":{"line":113,"column":2}}},"fnMap":{"0":{"name":"(anonymous_0)","decl":{"start":{"line":19,"column":61},"end":{"line":19,"column":62}},"loc":{"start":{"line":24,"column":6},"end":{"line":54,"column":1}},"line":24},"1":{"name":"(anonymous_1)","decl":{"start":{"line":27,"column":12},"end":{"line":27,"column":13}},"loc":{"start":{"line":27,"column":18},"end":{"line":33,"column":3}},"line":27},"2":{"name":"(anonymous_2)","decl":{"start":{"line":35,"column":41},"end":{"line":35,"column":42}},"loc":{"start":{"line":35,"column":47},"end":{"line":42,"column":3}},"line":35},"3":{"name":"(anonymous_3)","decl":{"start":{"line":60,"column":57},"end":{"line":60,"column":58}},"loc":{"start":{"line":60,"column":72},"end":{"line":73,"column":1}},"line":60},"4":{"name":"(anonymous_4)","decl":{"start":{"line":80,"column":57},"end":{"line":80,"column":58}},"loc":{"start":{"line":80,"column":83},"end":{"line":88,"column":1}},"line":80},"5":{"name":"(anonymous_5)","decl":{"start":{"line":83,"column":41},"end":{"line":83,"column":42}},"loc":{"start":{"line":84,"column":8},"end":{"line":84,"column":94}},"line":84}},"branchMap":{"0":{"loc":{"start":{"line":20,"column":2},"end":{"line":20,"column":16}},"type":"default-arg","locations":[{"start":{"line":20,"column":10},"end":{"line":20,"column":16}}],"line":20},"1":{"loc":{"start":{"line":21,"column":2},"end":{"line":21,"column":13}},"type":"default-arg","locations":[{"start":{"line":21,"column":11},"end":{"line":21,"column":13}}],"line":21},"2":{"loc":{"start":{"line":22,"column":16},"end":{"line":22,"column":40}},"type":"default-arg","locations":[{"start":{"line":22,"column":25},"end":{"line":22,"column":40}}],"line":22},"3":{"loc":{"start":{"line":80,"column":60},"end":{"line":80,"column":69}},"type":"default-arg","locations":[{"start":{"line":80,"column":68},"end":{"line":80,"column":69}}],"line":80},"4":{"loc":{"start":{"line":84,"column":41},"end":{"line":84,"column":90}},"type":"cond-expr","locations":[{"start":{"line":84,"column":61},"end":{"line":84,"column":78}},{"start":{"line":84,"column":81},"end":{"line":84,"column":90}}],"line":84}},"s":{"0":0,"1":0,"2":0,"3":0,"4":0,"5":0,"6":0,"7":0,"8":0,"9":0,"10":0,"11":0,"12":0,"13":0},"f":{"0":0,"1":0,"2":0,"3":0,"4":0,"5":0},"b":{"0":[0],"1":[0],"2":[0],"3":[0],"4":[0,0]}}
,"/Users/tatsuya_kayama/Documents/Obsidian/40_Project/Atsume/atsume/src/components/common/Toast.tsx": {"path":"/Users/tatsuya_kayama/Documents/Obsidian/40_Project/Atsume/atsume/src/components/common/Toast.tsx","statementMap":{"0":{"start":{"line":25,"column":43},"end":{"line":113,"column":1}},"1":{"start":{"line":32,"column":17},"end":{"line":32,"column":36}},"2":{"start":{"line":33,"column":21},"end":{"line":33,"column":41}},"3":{"start":{"line":34,"column":18},"end":{"line":34,"column":35}},"4":{"start":{"line":36,"column":2},"end":{"line":63,"column":16}},"5":{"start":{"line":37,"column":4},"end":{"line":62,"column":5}},"6":{"start":{"line":39,"column":6},"end":{"line":47,"column":7}},"7":{"start":{"line":40,"column":8},"end":{"line":46,"column":9}},"8":{"start":{"line":41,"column":10},"end":{"line":41,"column":78}},"9":{"start":{"line":42,"column":15},"end":{"line":46,"column":9}},"10":{"start":{"line":43,"column":10},"end":{"line":43,"column":76}},"11":{"start":{"line":45,"column":10},"end":{"line":45,"column":65}},"12":{"start":{"line":50,"column":6},"end":{"line":50,"column":72}},"13":{"start":{"line":51,"column":6},"end":{"line":51,"column":36}},"14":{"start":{"line":54,"column":20},"end":{"line":59,"column":18}},"15":{"start":{"line":55,"column":8},"end":{"line":55,"column":77}},"16":{"start":{"line":56,"column":8},"end":{"line":58,"column":11}},"17":{"start":{"line":57,"column":10},"end":{"line":57,"column":31}},"18":{"start":{"line":61,"column":6},"end":{"line":61,"column":39}},"19":{"start":{"line":61,"column":19},"end":{"line":61,"column":38}},"20":{"start":{"line":65,"column":24},"end":{"line":68,"column":5}},"21":{"start":{"line":65,"column":48},"end":{"line":68,"column":3}},"22":{"start":{"line":70,"column":29},"end":{"line":81,"column":3}},"23":{"start":{"line":71,"column":4},"end":{"line":80,"column":5}},"24":{"start":{"line":73,"column":8},"end":{"line":73,"column":30}},"25":{"start":{"line":75,"column":8},"end":{"line":75,"column":28}},"26":{"start":{"line":77,"column":8},"end":{"line":77,"column":30}},"27":{"start":{"line":79,"column":8},"end":{"line":79,"column":30}},"28":{"start":{"line":83,"column":18},"end":{"line":95,"column":3}},"29":{"start":{"line":84,"column":22},"end":{"line":84,"column":55}},"30":{"start":{"line":85,"column":4},"end":{"line":94,"column":5}},"31":{"start":{"line":87,"column":8},"end":{"line":87,"column":40}},"32":{"start":{"line":89,"column":8},"end":{"line":89,"column":36}},"33":{"start":{"line":91,"column":8},"end":{"line":91,"column":48}},"34":{"start":{"line":93,"column":8},"end":{"line":93,"column":39}},"35":{"start":{"line":97,"column":2},"end":{"line":97,"column":28}},"36":{"start":{"line":97,"column":16},"end":{"line":97,"column":28}},"37":{"start":{"line":99,"column":2},"end":{"line":112,"column":4}},"38":{"start":{"line":115,"column":15},"end":{"line":136,"column":2}}},"fnMap":{"0":{"name":"(anonymous_0)","decl":{"start":{"line":25,"column":43},"end":{"line":25,"column":44}},"loc":{"start":{"line":31,"column":6},"end":{"line":113,"column":1}},"line":31},"1":{"name":"(anonymous_1)","decl":{"start":{"line":36,"column":12},"end":{"line":36,"column":13}},"loc":{"start":{"line":36,"column":18},"end":{"line":63,"column":3}},"line":36},"2":{"name":"(anonymous_2)","decl":{"start":{"line":54,"column":31},"end":{"line":54,"column":32}},"loc":{"start":{"line":54,"column":37},"end":{"line":59,"column":7}},"line":54},"3":{"name":"(anonymous_3)","decl":{"start":{"line":56,"column":42},"end":{"line":56,"column":43}},"loc":{"start":{"line":56,"column":48},"end":{"line":58,"column":9}},"line":56},"4":{"name":"(anonymous_4)","decl":{"start":{"line":61,"column":13},"end":{"line":61,"column":14}},"loc":{"start":{"line":61,"column":19},"end":{"line":61,"column":38}},"line":61},"5":{"name":"(anonymous_5)","decl":{"start":{"line":65,"column":41},"end":{"line":65,"column":42}},"loc":{"start":{"line":65,"column":48},"end":{"line":68,"column":3}},"line":65},"6":{"name":"(anonymous_6)","decl":{"start":{"line":70,"column":29},"end":{"line":70,"column":30}},"loc":{"start":{"line":70,"column":35},"end":{"line":81,"column":3}},"line":70},"7":{"name":"(anonymous_7)","decl":{"start":{"line":83,"column":18},"end":{"line":83,"column":19}},"loc":{"start":{"line":83,"column":24},"end":{"line":95,"column":3}},"line":83}},"branchMap":{"0":{"loc":{"start":{"line":27,"column":2},"end":{"line":27,"column":15}},"type":"default-arg","locations":[{"start":{"line":27,"column":9},"end":{"line":27,"column":15}}],"line":27},"1":{"loc":{"start":{"line":28,"column":2},"end":{"line":28,"column":17}},"type":"default-arg","locations":[{"start":{"line":28,"column":13},"end":{"line":28,"column":17}}],"line":28},"2":{"loc":{"start":{"line":37,"column":4},"end":{"line":62,"column":5}},"type":"if","locations":[{"start":{"line":37,"column":4},"end":{"line":62,"column":5}},{"start":{},"end":{}}],"line":37},"3":{"loc":{"start":{"line":39,"column":6},"end":{"line":47,"column":7}},"type":"if","locations":[{"start":{"line":39,"column":6},"end":{"line":47,"column":7}},{"start":{},"end":{}}],"line":39},"4":{"loc":{"start":{"line":40,"column":8},"end":{"line":46,"column":9}},"type":"if","locations":[{"start":{"line":40,"column":8},"end":{"line":46,"column":9}},{"start":{"line":42,"column":15},"end":{"line":46,"column":9}}],"line":40},"5":{"loc":{"start":{"line":42,"column":15},"end":{"line":46,"column":9}},"type":"if","locations":[{"start":{"line":42,"column":15},"end":{"line":46,"column":9}},{"start":{"line":44,"column":15},"end":{"line":46,"column":9}}],"line":42},"6":{"loc":{"start":{"line":71,"column":4},"end":{"line":80,"column":5}},"type":"switch","locations":[{"start":{"line":72,"column":6},"end":{"line":73,"column":30}},{"start":{"line":74,"column":6},"end":{"line":75,"column":28}},{"start":{"line":76,"column":6},"end":{"line":77,"column":30}},{"start":{"line":78,"column":6},"end":{"line":79,"column":30}}],"line":71},"7":{"loc":{"start":{"line":85,"column":4},"end":{"line":94,"column":5}},"type":"switch","locations":[{"start":{"line":86,"column":6},"end":{"line":87,"column":40}},{"start":{"line":88,"column":6},"end":{"line":89,"column":36}},{"start":{"line":90,"column":6},"end":{"line":91,"column":48}},{"start":{"line":92,"column":6},"end":{"line":93,"column":39}}],"line":85},"8":{"loc":{"start":{"line":97,"column":2},"end":{"line":97,"column":28}},"type":"if","locations":[{"start":{"line":97,"column":2},"end":{"line":97,"column":28}},{"start":{},"end":{}}],"line":97}},"s":{"0":0,"1":0,"2":0,"3":0,"4":0,"5":0,"6":0,"7":0,"8":0,"9":0,"10":0,"11":0,"12":0,"13":0,"14":0,"15":0,"16":0,"17":0,"18":0,"19":0,"20":0,"21":0,"22":0,"23":0,"24":0,"25":0,"26":0,"27":0,"28":0,"29":0,"30":0,"31":0,"32":0,"33":0,"34":0,"35":0,"36":0,"37":0,"38":0},"f":{"0":0,"1":0,"2":0,"3":0,"4":0,"5":0,"6":0,"7":0},"b":{"0":[0],"1":[0],"2":[0,0],"3":[0,0],"4":[0,0],"5":[0,0],"6":[0,0,0,0],"7":[0,0,0,0],"8":[0,0]}}
,"/Users/tatsuya_kayama/Documents/Obsidian/40_Project/Atsume/atsume/src/components/common/WheelPicker.tsx": {"path":"/Users/tatsuya_kayama/Documents/Obsidian/40_Project/Atsume/atsume/src/components/common/WheelPicker.tsx","statementMap":{"0":{"start":{"line":14,"column":20},"end":{"line":14,"column":22}},"1":{"start":{"line":15,"column":22},"end":{"line":15,"column":23}},"2":{"start":{"line":24,"column":55},"end":{"line":107,"column":1}},"3":{"start":{"line":30,"column":24},"end":{"line":30,"column":48}},"4":{"start":{"line":31,"column":24},"end":{"line":31,"column":79}},"5":{"start":{"line":31,"column":50},"end":{"line":31,"column":78}},"6":{"start":{"line":33,"column":2},"end":{"line":40,"column":9}},"7":{"start":{"line":34,"column":4},"end":{"line":39,"column":5}},"8":{"start":{"line":35,"column":6},"end":{"line":38,"column":9}},"9":{"start":{"line":42,"column":26},"end":{"line":58,"column":3}},"10":{"start":{"line":43,"column":20},"end":{"line":43,"column":53}},"11":{"start":{"line":44,"column":18},"end":{"line":44,"column":51}},"12":{"start":{"line":45,"column":25},"end":{"line":45,"column":71}},"13":{"start":{"line":47,"column":4},"end":{"line":57,"column":5}},"14":{"start":{"line":48,"column":6},"end":{"line":48,"column":47}},"15":{"start":{"line":51,"column":6},"end":{"line":56,"column":7}},"16":{"start":{"line":52,"column":8},"end":{"line":55,"column":11}},"17":{"start":{"line":60,"column":26},"end":{"line":68,"column":3}},"18":{"start":{"line":61,"column":4},"end":{"line":61,"column":30}},"19":{"start":{"line":62,"column":4},"end":{"line":67,"column":5}},"20":{"start":{"line":63,"column":6},"end":{"line":66,"column":9}},"21":{"start":{"line":70,"column":2},"end":{"line":106,"column":4}},"22":{"start":{"line":85,"column":29},"end":{"line":85,"column":57}},"23":{"start":{"line":86,"column":10},"end":{"line":102,"column":12}},"24":{"start":{"line":90,"column":29},"end":{"line":90,"column":57}},"25":{"start":{"line":109,"column":15},"end":{"line":137,"column":2}}},"fnMap":{"0":{"name":"(anonymous_0)","decl":{"start":{"line":24,"column":55},"end":{"line":24,"column":56}},"loc":{"start":{"line":29,"column":6},"end":{"line":107,"column":1}},"line":29},"1":{"name":"(anonymous_1)","decl":{"start":{"line":31,"column":40},"end":{"line":31,"column":41}},"loc":{"start":{"line":31,"column":50},"end":{"line":31,"column":78}},"line":31},"2":{"name":"(anonymous_2)","decl":{"start":{"line":33,"column":12},"end":{"line":33,"column":13}},"loc":{"start":{"line":33,"column":18},"end":{"line":40,"column":3}},"line":33},"3":{"name":"(anonymous_3)","decl":{"start":{"line":42,"column":26},"end":{"line":42,"column":27}},"loc":{"start":{"line":42,"column":78},"end":{"line":58,"column":3}},"line":42},"4":{"name":"(anonymous_4)","decl":{"start":{"line":60,"column":26},"end":{"line":60,"column":27}},"loc":{"start":{"line":60,"column":94},"end":{"line":68,"column":3}},"line":60},"5":{"name":"(anonymous_5)","decl":{"start":{"line":84,"column":19},"end":{"line":84,"column":20}},"loc":{"start":{"line":84,"column":36},"end":{"line":103,"column":9}},"line":84},"6":{"name":"(anonymous_6)","decl":{"start":{"line":90,"column":23},"end":{"line":90,"column":24}},"loc":{"start":{"line":90,"column":29},"end":{"line":90,"column":57}},"line":90}},"branchMap":{"0":{"loc":{"start":{"line":28,"column":2},"end":{"line":28,"column":12}},"type":"default-arg","locations":[{"start":{"line":28,"column":10},"end":{"line":28,"column":12}}],"line":28},"1":{"loc":{"start":{"line":34,"column":4},"end":{"line":39,"column":5}},"type":"if","locations":[{"start":{"line":34,"column":4},"end":{"line":39,"column":5}},{"start":{},"end":{}}],"line":34},"2":{"loc":{"start":{"line":34,"column":8},"end":{"line":34,"column":51}},"type":"binary-expr","locat
[...]
lumn":3}},"line":84},"5":{"name":"(anonymous_5)","decl":{"start":{"line":100,"column":46},"end":{"line":100,"column":47}},"loc":{"start":{"line":100,"column":61},"end":{"line":389,"column":1}},"line":100},"6":{"name":"(anonymous_6)","decl":{"start":{"line":105,"column":14},"end":{"line":105,"column":15}},"loc":{"start":{"line":105,"column":41},"end":{"line":130,"column":3}},"line":105},"7":{"name":"(anonymous_7)","decl":{"start":{"line":132,"column":15},"end":{"line":132,"column":16}},"loc":{"start":{"line":132,"column":83},"end":{"line":159,"column":3}},"line":132},"8":{"name":"(anonymous_8)","decl":{"start":{"line":161,"column":14},"end":{"line":161,"column":15}},"loc":{"start":{"line":161,"column":61},"end":{"line":181,"column":3}},"line":161},"9":{"name":"(anonymous_9)","decl":{"start":{"line":171,"column":10},"end":{"line":171,"column":11}},"loc":{"start":{"line":171,"column":22},"end":{"line":176,"column":7}},"line":171},"10":{"name":"(anonymous_10)","decl":{"start":{"line":172,"column":31},"end":{"line":172,"column":32}},"loc":{"start":{"line":173,"column":10},"end":{"line":173,"column":58}},"line":173},"11":{"name":"(anonymous_11)","decl":{"start":{"line":183,"column":14},"end":{"line":183,"column":15}},"loc":{"start":{"line":183,"column":40},"end":{"line":207,"column":3}},"line":183},"12":{"name":"(anonymous_12)","decl":{"start":{"line":199,"column":10},"end":{"line":199,"column":11}},"loc":{"start":{"line":199,"column":22},"end":{"line":202,"column":7}},"line":199},"13":{"name":"(anonymous_13)","decl":{"start":{"line":200,"column":34},"end":{"line":200,"column":35}},"loc":{"start":{"line":200,"column":44},"end":{"line":200,"column":62}},"line":200},"14":{"name":"(anonymous_14)","decl":{"start":{"line":209,"column":18},"end":{"line":209,"column":19}},"loc":{"start":{"line":209,"column":45},"end":{"line":239,"column":3}},"line":209},"15":{"name":"(anonymous_15)","decl":{"start":{"line":219,"column":34},"end":{"line":219,"column":35}},"loc":{"start":{"line":219,"column":41},"end":{"line":219,"column":45}},"line":219},"16":{"name":"(anonymous_16)","decl":{"start":{"line":241,"column":19},"end":{"line":241,"column":20}},"loc":{"start":{"line":241,"column":68},"end":{"line":263,"column":3}},"line":241},"17":{"name":"(anonymous_17)","decl":{"start":{"line":254,"column":36},"end":{"line":254,"column":37}},"loc":{"start":{"line":254,"column":43},"end":{"line":254,"column":58}},"line":254},"18":{"name":"(anonymous_18)","decl":{"start":{"line":265,"column":24},"end":{"line":265,"column":25}},"loc":{"start":{"line":265,"column":52},"end":{"line":293,"column":3}},"line":265},"19":{"name":"(anonymous_19)","decl":{"start":{"line":271,"column":41},"end":{"line":271,"column":42}},"loc":{"start":{"line":271,"column":48},"end":{"line":271,"column":65}},"line":271},"20":{"name":"(anonymous_20)","decl":{"start":{"line":295,"column":20},"end":{"line":295,"column":21}},"loc":{"start":{"line":295,"column":67},"end":{"line":315,"column":3}},"line":295},"21":{"name":"(anonymous_21)","decl":{"start":{"line":306,"column":36},"end":{"line":306,"column":37}},"loc":{"start":{"line":306,"column":43},"end":{"line":306,"column":61}},"line":306},"22":{"name":"(anonymous_22)","decl":{"start":{"line":317,"column":19},"end":{"line":317,"column":20}},"loc":{"start":{"line":317,"column":94},"end":{"line":384,"column":3}},"line":317},"23":{"name":"(anonymous_23)","decl":{"start":{"line":350,"column":25},"end":{"line":350,"column":26}},"loc":{"start":{"line":350,"column":49},"end":{"line":352,"column":9}},"line":350},"24":{"name":"(anonymous_24)","decl":{"start":{"line":360,"column":26},"end":{"line":360,"column":27}},"loc":{"start":{"line":360,"column":50},"end":{"line":367,"column":7}},"line":360},"25":{"name":"(anonymous_25)","decl":{"start":{"line":361,"column":24},"end":{"line":361,"column":25}},"loc":{"start":{"line":361,"column":41},"end":{"line":366,"column":9}},"line":361},"26":{"name":"(anonymous_26)","decl":{"start":{"line":386,"column":14},"end":{"line":386,"column":15}},"loc":{"start":{"line":386,"column":20},"end":{"line":388,"column":3}},"line":386}},"branchMap":{"0":{"loc":{"start":{"line":50,"column":15},"end":{"line":50,"column":42}},"type":"binary-expr","locations":[{"start":{"line":50,"column":15},"end":{"line":50,"column":29}},{"start":{"line":50,"column":33},"end":{"line":50,"column":42}}],"line":50},"1":{"loc":{"start":{"line":70,"column":19},"end":{"line":70,"column":37}},"type":"binary-expr","locations":[{"start":{"line":70,"column":19},"end":{"line":70,"column":32}},{"start":{"line":70,"column":36},"end":{"line":70,"column":37}}],"line":70},"2":{"loc":{"start":{"line":71,"column":19},"end":{"line":71,"column":37}},"type":"binary-expr","locations":[{"start":{"line":71,"column":19},"end":{"line":71,"column":32}},{"start":{"line":71,"column":36},"end":{"line":71,"column":37}}],"line":71},"3":{"loc":{"start":{"line":88,"column":4},"end":{"line":94,"column":5}},"type":"if","locations":[{"start":{"line":88,"column":4},"end":{"line":94,"column":5}},{"start":{"line":91,"column":11},"end":{"line":94,"column":5}}],"line":88},"4":{"loc":{"start":{"line":91,"column":11},"end":{"line":94,"column":5}},"type":"if","locations":[{"start":{"line":91,"column":11},"end":{"line":94,"column":5}},{"start":{},"end":{}}],"line":91},"5":{"loc":{"start":{"line":123,"column":6},"end":{"line":123,"column":39}},"type":"if","locations":[{"start":{"line":123,"column":6},"end":{"line":123,"column":39}},{"start":{},"end":{}}],"line":123},"6":{"loc":{"start":{"line":125,"column":19},"end":{"line":125,"column":30}},"type":"binary-expr","locations":[{"start":{"line":125,"column":19},"end":{"line":125,"column":24}},{"start":{"line":125,"column":28},"end":{"line":125,"column":30}}],"line":125},"7":{"loc":{"start":{"line":139,"column":16},"end":{"line":139,"column":53}},"type":"binary-expr","locations":[{"start":{"line":139,"column":16},"end":{"line":139,"column":30}},{"start":{"line":139,"column":34},"end":{"line":139,"column":53}}],"line":139},"8":{"loc":{"start":{"line":150,"column":6},"end":{"line":150,"column":29}},"type":"if","locations":[{"start":{"line":150,"column":6},"end":{"line":150,"column":29}},{"start":{},"end":{}}],"line":150},"9":{"loc":{"start":{"line":169,"column":6},"end":{"line":169,"column":29}},"type":"if","locations":[{"start":{"line":169,"column":6},"end":{"line":169,"column":29}},{"start":{},"end":{}}],"line":169},"10":{"loc":{"start":{"line":173,"column":10},"end":{"line":173,"column":58}},"type":"cond-expr","locations":[{"start":{"line":173,"column":31},"end":{"line":173,"column":51}},{"start":{"line":173,"column":54},"end":{"line":173,"column":58}}],"line":173},"11":{"loc":{"start":{"line":197,"column":6},"end":{"line":197,"column":29}},"type":"if","locations":[{"start":{"line":197,"column":6},"end":{"line":197,"column":29}},{"start":{},"end":{}}],"line":197},"12":{"loc":{"start":{"line":218,"column":6},"end":{"line":232,"column":7}},"type":"if","locations":[{"start":{"line":218,"column":6},"end":{"line":232,"column":7}},{"start":{},"end":{}}],"line":218},"13":{"loc":{"start":{"line":218,"column":10},"end":{"line":218,"column":35}},"type":"binary-expr","locations":[{"start":{"line":218,"column":10},"end":{"line":218,"column":15}},{"start":{"line":218,"column":19},"end":{"line":218,"column":35}}],"line":218},"14":{"loc":{"start":{"line":251,"column":6},"end":{"line":251,"column":29}},"type":"if","locations":[{"start":{"line":251,"column":6},"end":{"line":251,"column":29}},{"start":{},"end":{}}],"line":251},"15":{"loc":{"start":{"line":255,"column":6},"end":{"line":257,"column":7}},"type":"if","locations":[{"start":{"line":255,"column":6},"end":{"line":257,"column":7}},{"start":{},"end":{}}],"line":255},"16":{"loc":{"start":{"line":272,"column":8},"end":{"line":275,"column":9}},"type":"if","locations":[{"start":{"line":272,"column":8},"end":{"line":275,"column":9}},{"start":{},"end":{}}],"line":272},"17":{"loc":{"start":{"line":283,"column":6},"end":{"line":283,"column":29}},"type":"if","locations":[{"start":{"line":283,"column":6},"end":{"line":283,"column":29}},{"start":{},"end":{}}],"line":283},"18":{"loc":{"start":{"line":285,"column":6},"end":{"line":287,"column":7}},"type":"if","locations":[{"start":{"line":285,"column":6},"end":{"line":287,"column":7}},{"start":{},"end":{}}],"line":285},"19":{"loc":{"start":{"line":303,"column":6},"end":{"line":303,"column":29}},"type":"if","locations":[{"start":{"line":303,"column":6},"end":{"line":303,"column":29}},{"start":{},"end":{}}],"line":303},"20":{"loc":{"start":{"line":307,"column":6},"end":{"line":309,"column":7}},"type":"if","locations":[{"start":{"line":307,"column":6},"end":{"line":309,"column":7}},{"start":{},"end":{}}],"line":307},"21":{"loc":{"start":{"line":333,"column":6},"end":{"line":333,"column":53}},"type":"if","locations":[{"start":{"line":333,"column":6},"end":{"line":333,"column":53}},{"start":{},"end":{}}],"line":333},"22":{"loc":{"start":{"line":334,"column":6},"end":{"line":336,"column":7}},"type":"if","locations":[{"start":{"line":334,"column":6},"end":{"line":336,"column":7}},{"start":{},"end":{}}],"line":334},"23":{"loc":{"start":{"line":334,"column":10},"end":{"line":334,"column":52}},"type":"binary-expr","locations":[{"start":{"line":334,"column":10},"end":{"line":334,"column":23}},{"start":{"line":334,"column":27},"end":{"line":334,"column":52}}],"line":334},"24":{"loc":{"start":{"line":344,"column":6},"end":{"line":356,"column":7}},"type":"if","locations":[{"start":{"line":344,"column":6},"end":{"line":356,"column":7}},{"start":{"line":353,"column":13},"end":{"line":356,"column":7}}],"line":344},"25":{"loc":{"start":{"line":369,"column":6},"end":{"line":375,"column":7}},"type":"if","locations":[{"start":{"line":369,"column":6},"end":{"line":375,"column":7}},{"start":{},"end":{}}],"line":369},"26":{"loc":{"start":{"line":374,"column":8},"end":{"line":374,"column":43}},"type":"if","locations":[{"start":{"line":374,"column":8},"end":{"line":374,"column":43}},{"start":{},"end":{}}],"line":374}},"s":{"0":0,"1":0,"2":0,"3":0,"4":0,"5":0,"6":0,"7":0,"8":0,"9":0,"10":0,"11":0,"12":0,"13":0,"14":0,"15":0,"16":0,"17":0,"18":0,"19":0,"20":0,"21":0,"22":0,"23":0,"24":0,"25":0,"26":0,"27":0,"28":0,"29":0,"30":0,"31":0,"32":0,"33":0,"34":0,"35":0,"36":0,"37":0,"38":0,"39":0,"40":0,"41":0,"42":0,"43":0,"44":0,"45":0,"46":0,"47":0,"48":0,"49":0,"50":0,"51":0,"52":0,"53":0,"54":0,"55":0,"56":0,"57":0,"58":0,"59":0,"60":0,"61":0,"62":0,"63":0,"64":0,"65":0,"66":0,"67":0,"68":0,"69":0,"70":0,"71":0,"72":0,"73":0,"74":0,"75":0,"76":0,"77":0,"78":0,"79":0,"80":0,"81":0,"82":0,"83":0,"84":0,"85":0,"86":0,"87":0,"88":0,"89":0,"90":0,"91":0,"92":0,"93":0,"94":0,"95":0,"96":0,"97":0,"98":0,"99":0,"100":0,"101":0,"102":0,"103":0,"104":0,"105":0,"106":0,"107":0,"108":0,"109":0,"110":0,"111":0,"112":0,"113":0,"114":0,"115":0,"116":0,"117":0,"118":0,"119":0,"120":0,"121":0,"122":0,"123":0,"124":0,"125":0,"126":0,"127":0,"128":0,"129":0,"130":0,"131":0,"132":0,"133":0,"134":0,"135":0,"136":0,"137":0,"138":0,"139":0,"140":0,"141":0,"142":0,"143":0,"144":0,"145":0,"146":0,"147":0,"148":0,"149":0,"150":0,"151":0,"152":0,"153":0,"154":0,"155":0,"156":0,"157":0,"158":0,"159":0},"f":{"0":0,"1":0,"2":0,"3":0,"4":0,"5":0,"6":0,"7":0,"8":0,"9":0,"10":0,"11":0,"12":0,"13":0,"14":0,"15":0,"16":0,"17":0,"18":0,"19":0,"20":0,"21":0,"22":0,"23":0,"24":0,"25":0,"26":0},"b":{"0":[0,0],"1":[0,0],"2":[0,0],"3":[0,0],"4":[0,0],"5":[0,0],"6":[0,0],"7":[0,0],"8":[0,0],"9":[0,0],"10":[0,0],"11":[0,0],"12":[0,0],"13":[0,0],"14":[0,0],"15":[0,0],"16":[0,0],"17":[0,0],"18":[0,0],"19":[0,0],"20":[0,0],"21":[0,0],"22":[0,0],"23":[0,0],"24":[0,0],"25":[0,0],"26":[0,0]}}
,"/Users/tatsuya_kayama/Documents/Obsidian/40_Project/Atsume/atsume/src/types/database.ts": {"path":"/Users/tatsuya_kayama/Documents/Obsidian/40_Project/Atsume/atsume/src/types/database.ts","statementMap":{},"fnMap":{},"branchMap":{},"s":{},"f":{},"b":{}}
,"/Users/tatsuya_kayama/Documents/Obsidian/40_Project/Atsume/atsume/src/utils/crypto.ts": {"path":"/Users/tatsuya_kayama/Documents/Obsidian/40_Project/Atsume/atsume/src/utils/crypto.ts","statementMap":{"0":{"start":{"line":3,"column":20},"end":{"line":3,"column":22}},"1":{"start":{"line":4,"column":24},"end":{"line":4,"column":29}},"2":{"start":{"line":9,"column":21},"end":{"line":14,"column":1}},"3":{"start":{"line":10,"column":22},"end":{"line":10,"column":67}},"4":{"start":{"line":11,"column":2},"end":{"line":13,"column":14}},"5":{"start":{"line":12,"column":16},"end":{"line":12,"column":47}},"6":{"start":{"line":20,"column":28},"end":{"line":33,"column":1}},"7":{"start":{"line":21,"column":15},"end":{"line":21,"column":35}},"8":{"start":{"line":24,"column":13},"end":{"line":24,"column":28}},"9":{"start":{"line":25,"column":2},"end":{"line":30,"column":3}},"10":{"start":{"line":25,"column":15},"end":{"line":25,"column":16}},"11":{"start":{"line":26,"column":4},"end":{"line":29,"column":6}},"12":{"start":{"line":32,"column":2},"end":{"line":32,"column":27}},"13":{"start":{"line":41,"column":30},"end":{"line":61,"column":1}},"14":{"start":{"line":45,"column":31},"end":{"line":45,"column":52}},"15":{"start":{"line":47,"column":2},"end":{"line":49,"column":3}},"16":{"start":{"line":48,"column":4},"end":{"line":48,"column":17}},"17":{"start":{"line":52,"column":13},"end":{"line":52,"column":28}},"18":{"start":{"line":53,"column":2},"end":{"line":58,"column":3}},"19":{"start":{"line":53,"column":15},"end":{"line":53,"column":16}},"20":{"start":{"line":54,"column":4},"end":{"line":57,"column":6}},"21":{"start":{"line":60,"column":2},"end":{"line":60,"column":31}}},"fnMap":{"0":{"name":"(anonymous_0)","decl":{"start":{"line":9,"column":21},"end":{"line":9,"column":22}},"loc":{"start":{"line":9,"column":50},"end":{"line":14,"column":1}},"line":9},"1":{"name":"(anonymous_1)","decl":{"start":{"line":12,"column":9},"end":{"line":12,"column":10}},"loc":{"start":{"line":12,"column":16},"end":{"line":12,"column":47}},"line":12},"2":{"name":"(anonymous_2)","decl":{"start":{"line":20,"column":28},"end":{"line":20,"column":29}},"loc":{"start":{"line":20,"column":73},"end":{"line":33,"column":1}},"line":20},"3":{"name":"(anonymous_3)","decl":{"start":{"line":41,"column":30},"end":{"line":41,"column":31}},"loc":{"start":{"line":44,"column":23},"end":{"line":61,"column":1}},"line":44}},"branchMap":{"0":{"loc":{"start":{"line":47,"column":2},"end":{"line":49,"column":3}},"type":"if","locations":[{"start":{"line":47,"column":2},"end":{"line":49,"column":3}},{"start":{},"end":{}}],"line":47},"1":{"loc":{"start":{"line":47,"column":6},"end":{"line":47,"column":28}},"type":"binary-expr","locations":[{"start":{"line":47,"column":6},"end":{"line":47,"column":11}},{"start":{"line":47,"column":15},"end":{"line":47,"column":28}}],"line":47}},"s":{"0":1,"1":1,"2":1,"3":7,"4":7,"5":112,"6":1,"7":7,"8":7,"9":7,"10":7,"11":70000,"12":7,"13":1,"14":6,"15":6,"16":4,"17":2,"18":2,"19":2,"20":20000,"21":2},"f":{"0":7,"1":112,"2":7,"3":6},"b":{"0":[4,2],"1":[6,4]},"_coverageSchema":"1a1c01bbd47fc00a2c39e90264f33305004495a9","hash":"c72f2d4cdb9dccc5242df80cfc5fd8fbebe8719b"}
,"/Users/tatsuya_kayama/Documents/Obsidian/40_Project/Atsume/atsume/src/utils/logger.ts": {"path":"/Users/tatsuya_kayama/Documents/Obsidian/40_Project/Atsume/atsume/src/utils/logger.ts","statementMap":{"0":{"start":{"line":6,"column":14},"end":{"line":6,"column":21}},"1":{"start":{"line":8,"column":22},"end":{"line":57,"column":1}},"2":{"start":{"line":10,"column":4},"end":{"line":12,"column":5}},"3":{"start":{"line":11,"column":6},"end":{"line":11,"column":27}},"4":{"start":{"line":16,"column":4},"end":{"line":18,"column":5}},"5":{"start":{"line":17,"column":6},"end":{"line":17,"column":28}},"6":{"start":{"line":23,"column":4},"end":{"line":43,"column":5}},"7":{"start":{"line":24,"column":6},"end":{"line":24,"column":29}},"8":{"start":{"line":27,"column":28},"end":{"line":41,"column":8}},"9":{"start":{"line":28,"column":8},"end":{"line":30,"column":9}},"10":{"start":{"line":29,"column":10},"end":{"line":29,"column":29}},"11":{"start":{"line":31,"column":8},"end":{"line":39,"column":9}},"12":{"start":{"line":33,"column":28},"end":{"line":33,"column":65}},"13":{"start":{"line":34,"column":10},"end":{"line":34,"column":33}},"14":{"start":{"line":35,"column":10},"end":{"line":35,"column":36}},"15":{"start":{"line":36,"column":10},"end":{"line":36,"column":33}},"16":{"start":{"line":37,"column":10},"end":{"line":37,"column":35}},"17":{"start":{"line":38,"column":10},"end":{"line":38,"column":27}},"18":{"start":{"line":40,"column":8},"end":{"line":40,"column":19}},"19":{"start":{"line":42,"column":6},"end":{"line":42,"column":49}},"20":{"start":{"line":47,"column":4},"end":{"line":49,"column":5}},"21":{"start":{"line":48,"column":6},"end":{"line":48,"column":28}},"22":{"start":{"line":53,"column":4},"end":{"line":55,"column":5}},"23":{"start":{"line":54,"column":6},"end":{"line":54,"column":29}}},"fnMap":{"0":{"name":"(anonymous_0)","decl":{"start":{"line":9,"column":7},"end":{"line":9,"column":8}},"loc":{"start":{"line":9,"column":31},"end":{"line":13,"column":3}},"line":9},"1":{"name":"(anonymous_1)","decl":{"start":{"line":15,"column":8},"end":{"line":15,"column":9}},"loc":{"start":{"line":15,"column":32},"end":{"line":19,"column":3}},"line":15},"2":{"name":"(anonymous_2)","decl":{"start":{"line":21,"column":9},"end":{"line":21,"column":10}},"loc":{"start":{"line":21,"column":33},"end":{"line":44,"column":3}},"line":21},"3":{"name":"(anonymous_3)","decl":{"start":{"line":27,"column":37},"end":{"line":27,"column":38}},"loc":{"start":{"line":27,"column":46},"end":{"line":41,"column":7}},"line":27},"4":{"name":"(anonymous_4)","decl":{"start":{"line":46,"column":8},"end":{"line":46,"column":9}},"loc":{"start":{"line":46,"column":32},"end":{"line":50,"column":3}},"line":46},"5":{"name":"(anonymous_5)","decl":{"start":{"line":52,"column":9},"end":{"line":52,"column":10}},"loc":{"start":{"line":52,"column":33},"end":{"line":56,"column":3}},"line":52}},"branchMap":{"0":{"loc":{"start":{"line":10,"column":4},"end":{"line":12,"column":5}},"type":"if","locations":[{"start":{"line":10,"column":4},"end":{"line":12,"column":5}},{"start":{},"end":{}}],"line":10},"1":{"loc":{"start":{"line":16,"column":4},"end":{"line":18,"column":5}},"type":"if","locations":[{"start":{"line":16,"column":4},"end":{"line":18,"column":5}},{"start":{},"end":{}}],"line":16},"2":{"loc":{"start":{"line":23,"column":4},"end":{"line":43,"column":5}},"type":"if","locations":[{"start":{"line":23,"column":4},"end":{"line":43,"column":5}},{"start":{"line":25,"column":11},"end":{"line":43,"column":5}}],"line":23},"3":{"loc":{"start":{"line":28,"column":8},"end":{"line":30,"column":9}},"type":"if","locations":[{"start":{"line":28,"column":8},"end":{"line":30,"column":9}},{"start":{},"end":{}}],"line":28},"4":{"loc":{"start":{"line":31,"column":8},"end":{"line":39,"column":9}},"type":"if","locations":[{"start":{"line":31,"column":8},"end":{"line":39,"column":9}},{"start":{},"end":{}}],"line":31},"5":{"loc":{"start":{"line":31,"column":12},"end":{"line":31,"column":51}},"type":"binary-expr","locations":[{"start":{"line":31,"column":12},"end":{"line":31,"column":35}},{"start":{"line":31,"column":39},"end":{"line":31,"column":51}}],"line":31},"6":{"loc":{"start":{"line":47,"column":4},"end":{"line":49,"column":5}},"type":"if","locations":[{"start":{"line":47,"column":4},"end":{"line":49,"column":5}},{"start":{},"end":{}}],"line":47},"7":{"loc":{"start":{"line":53,"column":4},"end":{"line":55,"column":5}},"type":"if","locations":[{"start":{"line":53,"column":4},"end":{"line":55,"column":5}},{"start":{},"end":{}}],"line":53}},"s":{"0":0,"1":0,"2":0,"3":0,"4":0,"5":0,"6":0,"7":0,"8":0,"9":0,"10":0,"11":0,"12":0,"13":0,"14":0,"15":0,"16":0,"17":0,"18":0,"19":0,"20":0,"21":0,"22":0,"23":0},"f":{"0":0,"1":0,"2":0,"3":0,"4":0,"5":0},"b":{"0":[0,0],"1":[0,0],"2":[0,0],"3":[0,0],"4":[0,0],"5":[0,0],"6":[0,0],"7":[0,0]}}
}
