TN:
SF:src/components/common/AnimatedRefreshControl.tsx
FN:11,(anonymous_0)
FN:16,(anonymous_1)
FNF:2
FNH:0
FNDA:0,(anonymous_0)
FNDA:0,(anonymous_1)
DA:11,0
DA:16,0
DA:17,0
DA:18,0
DA:20,0
DA:23,0
LF:6
LH:0
BRDA:17,0,0,0
BRDA:17,0,1,0
BRF:2
BRH:0
end_of_record
TN:
SF:src/components/common/AnimatedView.tsx
FN:12,(anonymous_0)
FN:24,(anonymous_1)
FN:84,(anonymous_2)
FN:114,(anonymous_3)
FN:123,(anonymous_4)
FN:133,(anonymous_5)
FN:146,(anonymous_6)
FN:166,(anonymous_7)
FN:173,(anonymous_8)
FNF:9
FNH:0
FNDA:0,(anonymous_0)
FNDA:0,(anonymous_1)
FNDA:0,(anonymous_2)
FNDA:0,(anonymous_3)
FNDA:0,(anonymous_4)
FNDA:0,(anonymous_5)
FNDA:0,(anonymous_6)
FNDA:0,(anonymous_7)
FNDA:0,(anonymous_8)
DA:12,0
DA:19,0
DA:20,0
DA:21,0
DA:22,0
DA:24,0
DA:25,0
DA:32,0
DA:34,0
DA:35,0
DA:39,0
DA:47,0
DA:51,0
DA:59,0
DA:62,0
DA:70,0
DA:73,0
DA:80,0
DA:84,0
DA:85,0
DA:87,0
DA:88,0
DA:89,0
DA:90,0
DA:91,0
DA:92,0
DA:95,0
DA:98,0
DA:114,0
DA:121,0
DA:123,0
DA:124,0
DA:125,0
DA:133,0
DA:134,0
DA:142,0
DA:147,0
DA:148,0
DA:149,0
DA:166,0
DA:171,0
DA:174,0
LF:42
LH:0
BRDA:14,0,0,0
BRDA:15,1,0,0
BRDA:16,2,0,0
BRDA:19,3,0,0
BRDA:19,3,1,0
BRDA:19,4,0,0
BRDA:19,4,1,0
BRDA:20,5,0,0
BRDA:20,5,1,0
BRDA:20,6,0,0
BRDA:20,6,1,0
BRDA:21,7,0,0
BRDA:21,7,1,0
BRDA:21,8,0,0
BRDA:21,8,1,0
BRDA:22,9,0,0
BRDA:22,9,1,0
BRDA:22,10,0,0
BRDA:22,10,1,0
BRDA:32,11,0,0
BRDA:32,11,1,0
BRDA:32,11,2,0
BRDA:32,11,3,0
BRDA:32,11,4,0
BRDA:32,11,5,0
BRDA:32,11,6,0
BRDA:87,12,0,0
BRDA:87,12,1,0
BRDA:87,13,0,0
BRDA:87,13,1,0
BRDA:89,14,0,0
BRDA:89,14,1,0
BRDA:89,15,0,0
BRDA:89,15,1,0
BRDA:91,16,0,0
BRDA:91,16,1,0
BRDA:91,17,0,0
BRDA:91,17,1,0
BRDA:117,18,0,0
BRDA:119,19,0,0
BRDA:124,20,0,0
BRDA:124,20,1,0
BRDA:148,21,0,0
BRDA:148,21,1,0
BRDA:148,22,0,0
BRDA:148,22,1,0
BRDA:168,23,0,0
BRDA:169,24,0,0
BRF:48
BRH:0
end_of_record
TN:
SF:src/components/common/Avatar.tsx
FN:32,(anonymous_0)
FN:37,(anonymous_1)
FN:46,(anonymous_2)
FNF:3
FNH:0
FNDA:0,(anonymous_0)
FNDA:0,(anonymous_1)
FNDA:0,(anonymous_2)
DA:15,0
DA:23,0
DA:32,0
DA:33,0
DA:34,0
DA:37,0
DA:38,0
DA:39,0
DA:40,0
DA:41,0
DA:43,0
DA:46,0
DA:53,0
DA:54,0
DA:56,0
DA:57,0
DA:62,0
DA:70,0
DA:90,0
LF:19
LH:0
BRDA:33,0,0,0
BRDA:33,0,1,0
BRDA:38,1,0,0
BRDA:38,1,1,0
BRDA:40,2,0,0
BRDA:40,2,1,0
BRDA:47,3,0,0
BRDA:49,4,0,0
BRDA:54,5,0,0
BRDA:54,5,1,0
BRDA:56,6,0,0
BRDA:56,6,1,0
BRF:12
BRH:0
end_of_record
TN:
SF:src/components/common/Badge.tsx
FN:26,(anonymous_0)
FN:35,(anonymous_1)
FN:76,(anonymous_2)
FN:99,(anonymous_3)
FN:119,(anonymous_4)
FN:139,(anonymous_5)
FNF:6
FNH:0
FNDA:0,(anonymous_0)
FNDA:0,(anonymous_1)
FNDA:0,(anonymous_2)
FNDA:0,(anonymous_3)
FNDA:0,(anonymous_4)
FNDA:0,(anonymous_5)
DA:26,0
DA:35,0
DA:36,0
DA:37,0
DA:39,0
DA:40,0
DA:42,0
DA:44,0
DA:46,0
DA:48,0
DA:50,0
DA:52,0
DA:54,0
DA:58,0
DA:60,0
DA:62,0
DA:64,0
DA:66,0
DA:68,0
DA:70,0
DA:72,0
DA:76,0
DA:77,0
DA:78,0
DA:81,0
DA:83,0
DA:85,0
DA:87,0
DA:89,0
DA:91,0
DA:93,0
DA:95,0
DA:99,0
DA:100,0
DA:101,0
DA:103,0
DA:105,0
DA:107,0
DA:109,0
DA:111,0
DA:113,0
DA:115,0
DA:119,0
DA:120,0
DA:122,0
DA:127,0
DA:132,0
DA:139,0
DA:140,0
DA:142,0
DA:144,0
DA:146,0
DA:150,0
DA:152,0
DA:176,0
LF:55
LH:0
BRDA:28,0,0,0
BRDA:29,1,0,0
BRDA:30,2,0,0
BRDA:36,3,0,0
BRDA:36,3,1,0
BRDA:39,4,0,0
BRDA:39,4,1,0
BRDA:40,5,0,0
BRDA:40,5,1,0
BRDA:40,5,2,0
BRDA:40,5,3,0
BRDA:40,5,4,0
BRDA:40,5,5,0
BRDA:40,5,6,0
BRDA:58,6,0,0
BRDA:58,6,1,0
BRDA:58,6,2,0
BRDA:58,6,3,0
BRDA:58,6,4,0
BRDA:58,6,5,0
BRDA:58,6,6,0
BRDA:77,7,0,0
BRDA:77,7,1,0
BRDA:81,8,0,0
BRDA:81,8,1,0
BRDA:81,8,2,0
BRDA:81,8,3,0
BRDA:81,8,4,0
BRDA:81,8,5,0
BRDA:81,8,6,0
BRDA:100,9,0,0
BRDA:100,9,1,0
BRDA:101,10,0,0
BRDA:101,10,1,0
BRDA:101,10,2,0
BRDA:101,10,3,0
BRDA:101,10,4,0
BRDA:101,10,5,0
BRDA:101,10,6,0
BRDA:120,11,0,0
BRDA:120,11,1,0
BRDA:120,11,2,0
BRDA:140,12,0,0
BRDA:140,12,1,0
BRDA:140,12,2,0
BRDA:158,13,0,0
BRDA:158,13,1,0
BRDA:162,14,0,0
BRDA:162,14,1,0
BRF:49
BRH:0
end_of_record
TN:
SF:src/components/common/Button.tsx
FN:37,(anonymous_0)
FN:54,(anonymous_1)
FN:58,(anonymous_2)
FN:62,(anonymous_3)
FN:66,(anonymous_4)
FN:74,(anonymous_5)
FN:121,(anonymous_6)
FN:151,(anonymous_7)
FNF:8
FNH:0
FNDA:0,(anonymous_0)
FNDA:0,(anonymous_1)
FNDA:0,(anonymous_2)
FNDA:0,(anonymous_3)
FNDA:0,(anonymous_4)
FNDA:0,(anonymous_5)
FNDA:0,(anonymous_6)
FNDA:0,(anonymous_7)
DA:20,0
DA:37,0
DA:51,0
DA:52,0
DA:54,0
DA:58,0
DA:59,0
DA:62,0
DA:63,0
DA:66,0
DA:67,0
DA:68,0
DA:69,0
DA:71,0
DA:74,0
DA:75,0
DA:81,0
DA:83,0
DA:89,0
DA:94,0
DA:100,0
DA:107,0
DA:112,0
DA:117,0
DA:121,0
DA:122,0
DA:127,0
DA:132,0
DA:137,0
DA:142,0
DA:147,0
DA:151,0
DA:152,0
DA:153,0
DA:161,0
DA:162,0
DA:170,0
DA:171,0
DA:179,0
DA:182,0
DA:195,0
LF:41
LH:0
BRDA:40,0,0,0
BRDA:41,1,0,0
BRDA:42,2,0,0
BRDA:43,3,0,0
BRDA:44,4,0,0
BRDA:46,5,0,0
BRDA:49,6,0,0
BRDA:51,7,0,0
BRDA:51,7,1,0
BRDA:67,8,0,0
BRDA:67,8,1,0
BRDA:68,9,0,0
BRDA:68,9,1,0
BRDA:68,10,0,0
BRDA:68,10,1,0
BRDA:78,11,0,0
BRDA:78,11,1,0
BRDA:81,12,0,0
BRDA:81,12,1,0
BRDA:81,12,2,0
BRDA:81,12,3,0
BRDA:81,12,4,0
BRDA:81,12,5,0
BRDA:81,12,6,0
BRDA:85,13,0,0
BRDA:85,13,1,0
BRDA:86,14,0,0
BRDA:86,14,1,0
BRDA:91,15,0,0
BRDA:91,15,1,0
BRDA:96,16,0,0
BRDA:96,16,1,0
BRDA:97,17,0,0
BRDA:97,17,1,0
BRDA:102,18,0,0
BRDA:102,18,1,0
BRDA:104,19,0,0
BRDA:104,19,1,0
BRDA:109,20,0,0
BRDA:109,20,1,0
BRDA:114,21,0,0
BRDA:114,21,1,0
BRDA:127,22,0,0
BRDA:127,22,1,0
BRDA:127,22,2,0
BRDA:127,22,3,0
BRDA:127,22,4,0
BRDA:127,22,5,0
BRDA:127,22,6,0
BRDA:134,23,0,0
BRDA:134,23,1,0
BRDA:139,24,0,0
BRDA:139,24,1,0
BRDA:144,25,0,0
BRDA:144,25,1,0
BRDA:152,26,0,0
BRDA:152,26,1,0
BRDA:155,27,0,0
BRDA:155,27,1,0
BRDA:155,28,0,0
BRDA:155,28,1,0
BRDA:161,29,0,0
BRDA:161,29,1,0
BRDA:161,30,0,0
BRDA:161,30,1,0
BRDA:170,31,0,0
BRDA:170,31,1,0
BRDA:170,32,0,0
BRDA:170,32,1,0
BRF:69
BRH:0
end_of_record
TN:
SF:src/components/common/Card.tsx
FN:29,(anonymous_0)
FN:40,(anonymous_1)
FN:44,(anonymous_2)
FN:50,(anonymous_3)
FN:56,(anonymous_4)
FN:64,(anonymous_5)
FNF:6
FNH:0
FNDA:0,(anonymous_0)
FNDA:0,(anonymous_1)
FNDA:0,(anonymous_2)
FNDA:0,(anonymous_3)
FNDA:0,(anonymous_4)
FNDA:0,(anonymous_5)
DA:17,0
DA:29,0
DA:38,0
DA:40,0
DA:44,0
DA:45,0
DA:46,0
DA:50,0
DA:51,0
DA:52,0
DA:56,0
DA:57,0
DA:58,0
DA:59,0
DA:61,0
DA:64,0
DA:65,0
DA:67,0
DA:72,0
DA:79,0
DA:85,0
DA:92,0
DA:93,0
DA:106,0
DA:113,0
LF:25
LH:0
BRDA:32,0,0,0
BRDA:34,1,0,0
BRDA:35,2,0,0
BRDA:36,3,0,0
BRDA:45,4,0,0
BRDA:45,4,1,0
BRDA:45,5,0,0
BRDA:45,5,1,0
BRDA:51,6,0,0
BRDA:51,6,1,0
BRDA:51,7,0,0
BRDA:51,7,1,0
BRDA:57,8,0,0
BRDA:57,8,1,0
BRDA:57,9,0,0
BRDA:57,9,1,0
BRDA:58,10,0,0
BRDA:58,10,1,0
BRDA:58,11,0,0
BRDA:58,11,1,0
BRDA:65,12,0,0
BRDA:65,12,1,0
BRDA:65,12,2,0
BRDA:65,12,3,0
BRDA:92,13,0,0
BRDA:92,13,1,0
BRDA:95,14,0,0
BRDA:95,14,1,0
BRDA:95,15,0,0
BRDA:95,15,1,0
BRF:30
BRH:0
end_of_record
TN:
SF:src/components/common/DateTimePicker.tsx
FN:20,(anonymous_0)
FN:30,(anonymous_1)
FN:36,(anonymous_2)
FN:45,(anonymous_3)
FN:46,(anonymous_4)
FN:52,(anonymous_5)
FN:56,(anonymous_6)
FN:62,(anonymous_7)
FN:63,(anonymous_8)
FN:69,(anonymous_9)
FN:77,(anonymous_10)
FN:83,(anonymous_11)
FN:89,(anonymous_12)
FN:95,(anonymous_13)
FN:101,(anonymous_14)
FN:107,(anonymous_15)
FN:123,(anonymous_16)
FNF:17
FNH:0
FNDA:0,(anonymous_0)
FNDA:0,(anonymous_1)
FNDA:0,(anonymous_2)
FNDA:0,(anonymous_3)
FNDA:0,(anonymous_4)
FNDA:0,(anonymous_5)
FNDA:0,(anonymous_6)
FNDA:0,(anonymous_7)
FNDA:0,(anonymous_8)
FNDA:0,(anonymous_9)
FNDA:0,(anonymous_10)
FNDA:0,(anonymous_11)
FNDA:0,(anonymous_12)
FNDA:0,(anonymous_13)
FNDA:0,(anonymous_14)
FNDA:0,(anonymous_15)
FNDA:0,(anonymous_16)
DA:20,0
DA:27,0
DA:30,0
DA:31,0
DA:32,0
DA:36,0
DA:37,0
DA:38,0
DA:39,0
DA:40,0
DA:42,0
DA:45,0
DA:46,0
DA:52,0
DA:53,0
DA:54,0
DA:55,0
DA:56,0
DA:62,0
DA:63,0
DA:69,0
DA:71,0
DA:77,0
DA:78,0
DA:79,0
DA:80,0
DA:83,0
DA:84,0
DA:85,0
DA:86,0
DA:89,0
DA:90,0
DA:91,0
DA:92,0
DA:95,0
DA:96,0
DA:97,0
DA:98,0
DA:101,0
DA:102,0
DA:103,0
DA:104,0
DA:107,0
DA:108,0
DA:111,0
DA:123,0
DA:183,0
LF:47
LH:0
BRDA:31,0,0,0
BRDA:31,0,1,0
BRDA:125,1,0,0
BRDA:125,1,1,0
BRDA:129,2,0,0
BRDA:129,2,1,0
BRDA:161,3,0,0
BRDA:161,3,1,0
BRDA:161,4,0,0
BRDA:161,4,1,0
BRF:10
BRH:0
end_of_record
TN:
SF:src/components/common/Input.tsx
FN:26,(anonymous_0)
FN:45,(anonymous_1)
FN:55,(anonymous_2)
FN:65,(anonymous_3)
FN:71,(anonymous_4)
FN:115,(anonymous_5)
FNF:6
FNH:0
FNDA:0,(anonymous_0)
FNDA:0,(anonymous_1)
FNDA:0,(anonymous_2)
FNDA:0,(anonymous_3)
FNDA:0,(anonymous_4)
FNDA:0,(anonymous_5)
DA:26,0
DA:39,0
DA:40,0
DA:41,0
DA:43,0
DA:45,0
DA:46,0
DA:47,0
DA:52,0
DA:55,0
DA:56,0
DA:57,0
DA:62,0
DA:65,0
DA:66,0
DA:67,0
DA:68,0
DA:71,0
DA:72,0
DA:73,0
DA:75,0
DA:78,0
DA:115,0
DA:137,0
LF:24
LH:0
BRDA:36,0,0,0
BRDA:43,1,0,0
BRDA:43,1,1,0
BRDA:66,2,0,0
BRDA:66,2,1,0
BRDA:67,3,0,0
BRDA:67,3,1,0
BRDA:72,4,0,0
BRDA:72,4,1,0
BRDA:73,5,0,0
BRDA:73,5,1,0
BRDA:80,6,0,0
BRDA:80,6,1,0
BRDA:81,7,0,0
BRDA:81,7,1,0
BRDA:91,8,0,0
BRDA:91,8,1,0
BRDA:93,9,0,0
BRDA:93,9,1,0
BRDA:96,10,0,0
BRDA:96,10,1,0
BRDA:97,11,0,0
BRDA:97,11,1,0
BRDA:101,12,0,0
BRDA:101,12,1,0
BRDA:101,13,0,0
BRDA:101,13,1,0
BRDA:102,14,0,0
BRDA:102,14,1,0
BRDA:102,15,0,0
BRDA:102,15,1,0
BRDA:102,15,2,0
BRDA:103,16,0,0
BRDA:103,16,1,0
BRDA:108,17,0,0
BRDA:108,17,1,0
BRDA:112,18,0,0
BRDA:112,18,1,0
BRDA:119,19,0,0
BRDA:119,19,1,0
BRDA:123,20,0,0
BRDA:123,20,1,0
BRDA:124,21,0,0
BRDA:124,21,1,0
BRDA:126,22,0,0
BRDA:126,22,1,0
BRDA:132,23,0,0
BRDA:132,23,1,0
BRDA:132,23,2,0
BRF:49
BRH:0
end_of_record
TN:
SF:src/components/common/SkeletonLoader.tsx
FN:19,(anonymous_0)
FN:27,(anonymous_1)
FN:35,(anonymous_2)
FN:60,(anonymous_3)
FN:80,(anonymous_4)
FN:83,(anonymous_5)
FNF:6
FNH:0
FNDA:0,(anonymous_0)
FNDA:0,(anonymous_1)
FNDA:0,(anonymous_2)
FNDA:0,(anonymous_3)
FNDA:0,(anonymous_4)
FNDA:0,(anonymous_5)
DA:19,0
DA:25,0
DA:27,0
DA:28,0
DA:35,0
DA:36,0
DA:41,0
DA:44,0
DA:60,0
DA:61,0
DA:80,0
DA:81,0
DA:84,0
DA:90,0
LF:14
LH:0
BRDA:20,0,0,0
BRDA:21,1,0,0
BRDA:22,2,0,0
BRDA:80,3,0,0
BRDA:84,4,0,0
BRDA:84,4,1,0
BRF:6
BRH:0
end_of_record
TN:
SF:src/components/common/Toast.tsx
FN:25,(anonymous_0)
FN:36,(anonymous_1)
FN:54,(anonymous_2)
FN:56,(anonymous_3)
FN:61,(anonymous_4)
FN:65,(anonymous_5)
FN:70,(anonymous_6)
FN:83,(anonymous_7)
FNF:8
FNH:0
FNDA:0,(anonymous_0)
FNDA:0,(anonymous_1)
FNDA:0,(anonymous_2)
FNDA:0,(anonymous_3)
FNDA:0,(anonymous_4)
FNDA:0,(anonymous_5)
FNDA:0,(anonymous_6)
FNDA:0,(anonymous_7)
DA:25,0
DA:32,0
DA:33,0
DA:34,0
DA:36,0
DA:37,0
DA:39,0
DA:40,0
DA:41,0
DA:42,0
DA:43,0
DA:45,0
DA:50,0
DA:51,0
DA:54,0
DA:55,0
DA:56,0
DA:57,0
DA:61,0
DA:65,0
DA:70,0
DA:71,0
DA:73,0
DA:75,0
DA:77,0
DA:79,0
DA:83,0
DA:84,0
DA:85,0
DA:87,0
DA:89,0
DA:91,0
DA:93,0
DA:97,0
DA:99,0
DA:115,0
LF:36
LH:0
BRDA:27,0,0,0
BRDA:28,1,0,0
BRDA:37,2,0,0
BRDA:37,2,1,0
BRDA:39,3,0,0
BRDA:39,3,1,0
BRDA:40,4,0,0
BRDA:40,4,1,0
BRDA:42,5,0,0
BRDA:42,5,1,0
BRDA:71,6,0,0
BRDA:71,6,1,0
BRDA:71,6,2,0
BRDA:71,6,3,0
BRDA:85,7,0,0
BRDA:85,7,1,0
BRDA:85,7,2,0
BRDA:85,7,3,0
BRDA:97,8,0,0
BRDA:97,8,1,0
BRF:20
BRH:0
end_of_record
TN:
SF:src/components/common/WheelPicker.tsx
FN:24,(anonymous_0)
FN:31,(anonymous_1)
FN:33,(anonymous_2)
FN:42,(anonymous_3)
FN:60,(anonymous_4)
FN:84,(anonymous_5)
FN:90,(anonymous_6)
FNF:7
FNH:0
FNDA:0,(anonymous_0)
FNDA:0,(anonymous_1)
FNDA:0,(anonymous_2)
FNDA:0,(anonymous_3)
FNDA:0,(anonymous_4)
FNDA:0,(anonymous_5)
FNDA:0,(anonymous_6)
DA:14,0
DA:15,0
DA:24,0
DA:30,0
DA:31,0
DA:33,0
DA:34,0
DA:35,0
DA:42,0
DA:43,0
DA:44,0
DA:45,0
DA:47,0
DA:48,0
DA:51,0
DA:52,0
DA:60,0
DA:61,0
DA:62,0
DA:63,0
DA:70,0
DA:85,0
DA:86,0
DA:90,0
DA:109,0
LF:25
LH:0
BRDA:28,0,0,0
BRDA:34,1,0,0
BRDA:34,1,1,0
BRDA:34,2,0,0
BRDA:34,2,1,0
BRDA:47,3,0,0
BRDA:47,3,1,0
BRDA:51,4,0,0
BRDA:51,4,1,0
BRDA:51,5,0,0
BRDA:51,5,1,0
BRDA:62,6,0,0
BRDA:62,6,1,0
BRDA:76,7,0,0
BRDA:76,7,1,0
BRDA:96,8,0,0
BRDA:96,8,1,0
BRF:17
BRH:0
end_of_record
TN:
SF:src/components/events/AddParticipantModal.tsx
FN:44,(anonymous_0)
FN:58,(anonymous_1)
FN:83,(anonymous_2)
FN:136,(anonymous_3)
FN:146,(anonymous_4)
FN:169,(anonymous_5)
FN:176,(anonymous_6)
FN:202,(anonymous_7)
FN:209,(anonymous_8)
FN:234,(anonymous_9)
FN:241,(anonymous_10)
FNF:11
FNH:0
FNDA:0,(anonymous_0)
FNDA:0,(anonymous_1)
FNDA:0,(anonymous_2)
FNDA:0,(anonymous_3)
FNDA:0,(anonymous_4)
FNDA:0,(anonymous_5)
FNDA:0,(anonymous_6)
FNDA:0,(anonymous_7)
FNDA:0,(anonymous_8)
FNDA:0,(anonymous_9)
FNDA:0,(anonymous_10)
DA:32,0
DA:39,0
DA:44,0
DA:51,0
DA:52,0
DA:53,0
DA:54,0
DA:55,0
DA:56,0
DA:58,0
DA:59,0
DA:61,0
DA:62,0
DA:63,0
DA:70,0
DA:71,0
DA:72,0
DA:73,0
DA:74,0
DA:75,0
DA:77,0
DA:79,0
DA:83,0
DA:84,0
DA:85,0
DA:86,0
DA:87,0
DA:88,0
DA:89,0
DA:92,0
DA:137,0
DA:146,0
DA:170,0
DA:176,0
DA:203,0
DA:209,0
DA:235,0
DA:241,0
DA:289,0
LF:39
LH:0
BRDA:59,0,0,0
BRDA:59,0,1,0
BRDA:101,1,0,0
BRDA:101,1,1,0
BRDA:141,2,0,0
BRDA:141,2,1,0
BRDA:149,3,0,0
BRDA:149,3,1,0
BRDA:155,4,0,0
BRDA:155,4,1,0
BRDA:174,5,0,0
BRDA:174,5,1,0
BRDA:179,6,0,0
BRDA:179,6,1,0
BRDA:185,7,0,0
BRDA:185,7,1,0
BRDA:196,8,0,0
BRDA:196,8,1,0
BRDA:196,8,2,0
BRDA:199,9,0,0
BRDA:199,9,1,0
BRDA:207,10,0,0
BRDA:207,10,1,0
BRDA:212,11,0,0
BRDA:212,11,1,0
BRDA:218,12,0,0
BRDA:218,12,1,0
BRDA:230,13,0,0
BRDA:230,13,1,0
BRDA:230,13,2,0
BRDA:239,14,0,0
BRDA:239,14,1,0
BRDA:244,15,0,0
BRDA:244,15,1,0
BRDA:250,16,0,0
BRDA:250,16,1,0
BRF:36
BRH:0
end_of_record
TN:
SF:src/components/events/ReminderModal.tsx
FN:32,(anonymous_0)
FN:42,(anonymous_1)
FN:43,(anonymous_2)
FN:45,(anonymous_3)
FN:50,(anonymous_4)
FN:79,(anonymous_5)
FN:151,(anonymous_6)
FN:160,(anonymous_7)
FNF:8
FNH:0
FNDA:0,(anonymous_0)
FNDA:0,(anonymous_1)
FNDA:0,(anonymous_2)
FNDA:0,(anonymous_3)
FNDA:0,(anonymous_4)
FNDA:0,(anonymous_5)
FNDA:0,(anonymous_6)
FNDA:0,(anonymous_7)
DA:24,0
DA:32,0
DA:39,0
DA:40,0
DA:42,0
DA:43,0
DA:44,0
DA:45,0
DA:50,0
DA:51,0
DA:52,0
DA:53,0
DA:56,0
DA:58,0
DA:60,0
DA:62,0
DA:63,0
DA:64,0
DA:65,0
DA:69,0
DA:72,0
DA:77,0
DA:78,0
DA:79,0
DA:81,0
DA:83,0
DA:86,0
DA:88,0
DA:90,0
DA:94,0
DA:95,0
DA:127,0
DA:152,0
DA:153,0
DA:160,0
DA:200,0
LF:36
LH:0
BRDA:44,0,0,0
BRDA:44,0,1,0
BRDA:51,1,0,0
BRDA:51,1,1,0
BRDA:62,2,0,0
BRDA:62,2,1,0
BRDA:77,3,0,0
BRDA:77,3,1,0
BRDA:88,4,0,0
BRDA:88,4,1,0
BRDA:94,5,0,0
BRDA:94,5,1,0
BRDA:158,6,0,0
BRDA:158,6,1,0
BRDA:166,7,0,0
BRDA:166,7,1,0
BRDA:171,8,0,0
BRDA:171,8,1,0
BRF:18
BRH:0
end_of_record
TN:
SF:src/components/matches/MatchesTab.tsx
FN:52,(anonymous_0)
FN:89,(anonymous_1)
FN:95,(anonymous_2)
FN:123,(anonymous_3)
FN:134,(anonymous_4)
FN:137,(anonymous_5)
FN:195,(anonymous_6)
FN:198,(anonymous_7)
FN:229,(anonymous_8)
FN:257,(anonymous_9)
FN:274,(anonymous_10)
FN:294,(anonymous_11)
FN:301,(anonymous_12)
FN:325,(anonymous_13)
FN:326,(anonymous_14)
FN:334,(anonymous_15)
FN:336,(anonymous_16)
FN:364,(anonymous_17)
FN:371,(anonymous_18)
FN:392,(anonymous_19)
FN:399,(anonymous_20)
FN:410,(anonymous_21)
FN:426,(anonymous_22)
FN:433,(anonymous_23)
FN:444,(anonymous_24)
FN:455,(anonymous_25)
FN:494,(anonymous_26)
FN:504,(anonymous_27)
FN:505,(anonymous_28)
FN:516,(anonymous_29)
FN:525,(anonymous_30)
FN:581,(anonymous_31)
FN:610,(anonymous_32)
FN:626,(anonymous_33)
FN:627,(anonymous_34)
FN:648,(anonymous_35)
FN:681,(anonymous_36)
FN:711,(anonymous_37)
FN:730,(anonymous_38)
FN:739,(anonymous_39)
FN:747,(anonymous_40)
FNF:41
FNH:0
FNDA:0,(anonymous_0)
FNDA:0,(anonymous_1)
FNDA:0,(anonymous_2)
FNDA:0,(anonymous_3)
FNDA:0,(anonymous_4)
FNDA:0,(anonymous_5)
FNDA:0,(anonymous_6)
FNDA:0,(anonymous_7)
FNDA:0,(anonymous_8)
FNDA:0,(anonymous_9)
FNDA:0,(anonymous_10)
FNDA:0,(anonymous_11)
FNDA:0,(anonymous_12)
FNDA:0,(anonymous_13)
FNDA:0,(anonymous_14)
FNDA:0,(anonymous_15)
FNDA:0,(anonymous_16)
FNDA:0,(anonymous_17)
FNDA:0,(anonymous_18)
FNDA:0,(anonymous_19)
FNDA:0,(anonymous_20)
FNDA:0,(anonymous_21)
FNDA:0,(anonymous_22)
FNDA:0,(anonymous_23)
FNDA:0,(anonymous_24)
FNDA:0,(anonymous_25)
FNDA:0,(anonymous_26)
FNDA:0,(anonymous_27)
FNDA:0,(anonymous_28)
FNDA:0,(anonymous_29)
FNDA:0,(anonymous_30)
FNDA:0,(anonymous_31)
FNDA:0,(anonymous_32)
FNDA:0,(anonymous_33)
FNDA:0,(anonymous_34)
FNDA:0,(anonymous_35)
FNDA:0,(anonymous_36)
FNDA:0,(anonymous_37)
FNDA:0,(anonymous_38)
FNDA:0,(anonymous_39)
FNDA:0,(anonymous_40)
DA:40,0
DA:45,0
DA:52,0
DA:68,0
DA:70,0
DA:71,0
DA:72,0
DA:74,0
DA:75,0
DA:76,0
DA:77,0
DA:78,0
DA:79,0
DA:80,0
DA:81,0
DA:82,0
DA:83,0
DA:84,0
DA:86,0
DA:88,0
DA:90,0
DA:91,0
DA:95,0
DA:97,0
DA:98,0
DA:99,0
DA:100,0
DA:101,0
DA:103,0
DA:105,0
DA:108,0
DA:109,0
DA:110,0
DA:111,0
DA:113,0
DA:115,0
DA:119,0
DA:123,0
DA:124,0
DA:126,0
DA:127,0
DA:132,0
DA:133,0
DA:134,0
DA:135,0
DA:137,0
DA:141,0
DA:153,0
DA:154,0
DA:155,0
DA:156,0
DA:159,0
DA:160,0
DA:161,0
DA:162,0
DA:165,0
DA:167,0
DA:168,0
DA:169,0
DA:171,0
DA:174,0
DA:175,0
DA:176,0
DA:178,0
DA:183,0
DA:184,0
DA:185,0
DA:188,0
DA:195,0
DA:196,0
DA:198,0
DA:199,0
DA:200,0
DA:201,0
DA:202,0
DA:203,0
DA:205,0
DA:208,0
DA:209,0
DA:210,0
DA:212,0
DA:217,0
DA:218,0
DA:219,0
DA:222,0
DA:229,0
DA:230,0
DA:231,0
DA:233,0
DA:234,0
DA:235,0
DA:236,0
DA:238,0
DA:240,0
DA:243,0
DA:244,0
DA:245,0
DA:246,0
DA:248,0
DA:249,0
DA:250,0
DA:252,0
DA:257,0
DA:258,0
DA:259,0
DA:266,0
DA:267,0
DA:274,0
DA:295,0
DA:301,0
DA:325,0
DA:327,0
DA:329,0
DA:330,0
DA:335,0
DA:336,0
DA:338,0
DA:365,0
DA:371,0
DA:392,0
DA:399,0
DA:410,0
DA:426,0
DA:433,0
DA:444,0
DA:455,0
DA:494,0
DA:495,0
DA:496,0
DA:497,0
DA:499,0
DA:500,0
DA:504,0
DA:505,0
DA:506,0
DA:507,0
DA:508,0
DA:510,0
DA:511,0
DA:513,0
DA:516,0
DA:518,0
DA:525,0
DA:582,0
DA:612,0
DA:620,0
DA:626,0
DA:628,0
DA:629,0
DA:631,0
DA:649,0
DA:681,0
DA:711,0
DA:731,0
DA:732,0
DA:739,0
DA:747,0
DA:771,0
LF:158
LH:0
BRDA:97,0,0,0
BRDA:97,0,1,0
BRDA:98,1,0,0
BRDA:98,1,1,0
BRDA:100,2,0,0
BRDA:100,2,1,0
BRDA:108,3,0,0
BRDA:108,3,1,0
BRDA:110,4,0,0
BRDA:110,4,1,0
BRDA:119,5,0,0
BRDA:119,5,1,0
BRDA:126,6,0,0
BRDA:126,6,1,0
BRDA:132,7,0,0
BRDA:132,7,1,0
BRDA:145,8,0,0
BRDA:145,8,1,0
BRDA:146,9,0,0
BRDA:146,9,1,0
BRDA:153,10,0,0
BRDA:153,10,1,0
BRDA:155,11,0,0
BRDA:155,11,1,0
BRDA:159,12,0,0
BRDA:159,12,1,0
BRDA:161,13,0,0
BRDA:161,13,1,0
BRDA:168,14,0,0
BRDA:168,14,1,0
BRDA:174,15,0,0
BRDA:174,15,1,0
BRDA:175,16,0,0
BRDA:175,16,1,0
BRDA:183,17,0,0
BRDA:183,17,1,0
BRDA:184,18,0,0
BRDA:184,18,1,0
BRDA:196,19,0,0
BRDA:196,19,1,0
BRDA:202,20,0,0
BRDA:202,20,1,0
BRDA:208,21,0,0
BRDA:208,21,1,0
BRDA:209,22,0,0
BRDA:209,22,1,0
BRDA:217,23,0,0
BRDA:217,23,1,0
BRDA:218,24,0,0
BRDA:218,24,1,0
BRDA:233,25,0,0
BRDA:233,25,1,0
BRDA:233,26,0,0
BRDA:233,26,1,0
BRDA:235,27,0,0
BRDA:235,27,1,0
BRDA:248,28,0,0
BRDA:248,28,1,0
BRDA:249,29,0,0
BRDA:249,29,1,0
BRDA:260,30,0,0
BRDA:260,30,1,0
BRDA:261,31,0,0
BRDA:261,31,1,0
BRDA:266,32,0,0
BRDA:266,32,1,0
BRDA:280,33,0,0
BRDA:280,33,1,0
BRDA:299,34,0,0
BRDA:299,34,1,0
BRDA:306,35,0,0
BRDA:306,35,1,0
BRDA:318,36,0,0
BRDA:318,36,1,0
BRDA:325,37,0,0
BRDA:325,37,1,0
BRDA:329,38,0,0
BRDA:329,38,1,0
BRDA:329,38,2,0
BRDA:335,39,0,0
BRDA:335,39,1,0
BRDA:342,40,0,0
BRDA:342,40,1,0
BRDA:343,41,0,0
BRDA:343,41,1,0
BRDA:353,42,0,0
BRDA:353,42,1,0
BRDA:353,43,0,0
BRDA:353,43,1,0
BRDA:369,44,0,0
BRDA:369,44,1,0
BRDA:376,45,0,0
BRDA:376,45,1,0
BRDA:406,46,0,0
BRDA:406,46,1,0
BRDA:412,47,0,0
BRDA:412,47,1,0
BRDA:413,48,0,0
BRDA:413,48,1,0
BRDA:420,49,0,0
BRDA:420,49,1,0
BRDA:446,50,0,0
BRDA:446,50,1,0
BRDA:447,51,0,0
BRDA:447,51,1,0
BRDA:452,52,0,0
BRDA:452,52,1,0
BRDA:457,53,0,0
BRDA:457,53,1,0
BRDA:458,54,0,0
BRDA:458,54,1,0
BRDA:495,55,0,0
BRDA:495,55,1,0
BRDA:496,56,0,0
BRDA:496,56,1,0
BRDA:507,57,0,0
BRDA:507,57,1,0
BRDA:516,58,0,0
BRDA:516,58,1,0
BRDA:538,59,0,0
BRDA:538,59,1,0
BRDA:553,60,0,0
BRDA:553,60,1,0
BRDA:563,61,0,0
BRDA:563,61,1,0
BRDA:563,61,2,0
BRDA:588,62,0,0
BRDA:588,62,1,0
BRDA:612,63,0,0
BRDA:612,63,1,0
BRDA:614,64,0,0
BRDA:614,64,1,0
BRDA:616,65,0,0
BRDA:616,65,1,0
BRDA:622,66,0,0
BRDA:622,66,1,0
BRDA:622,66,2,0
BRDA:635,67,0,0
BRDA:635,67,1,0
BRDA:636,68,0,0
BRDA:636,68,1,0
BRDA:638,69,0,0
BRDA:638,69,1,0
BRDA:640,70,0,0
BRDA:640,70,1,0
BRDA:654,71,0,0
BRDA:654,71,1,0
BRDA:660,72,0,0
BRDA:660,72,1,0
BRDA:672,73,0,0
BRDA:672,73,1,0
BRDA:675,74,0,0
BRDA:675,74,1,0
BRDA:677,75,0,0
BRDA:677,75,1,0
BRDA:677,76,0,0
BRDA:677,76,1,0
BRDA:677,76,2,0
BRDA:687,77,0,0
BRDA:687,77,1,0
BRDA:702,78,0,0
BRDA:702,78,1,0
BRDA:705,79,0,0
BRDA:705,79,1,0
BRDA:707,80,0,0
BRDA:707,80,1,0
BRDA:707,81,0,0
BRDA:707,81,1,0
BRDA:707,81,2,0
BRDA:717,82,0,0
BRDA:717,82,1,0
BRDA:724,83,0,0
BRDA:724,83,1,0
BRDA:724,83,2,0
BRDA:726,84,0,0
BRDA:726,84,1,0
BRDA:751,85,0,0
BRDA:751,85,1,0
BRF:178
BRH:0
end_of_record
TN:
SF:src/components/teams/TeamsTab.tsx
FN:36,(anonymous_0)
FN:47,(anonymous_1)
FN:50,(anonymous_2)
FN:51,(anonymous_3)
FN:54,(anonymous_4)
FN:55,(anonymous_5)
FN:65,(anonymous_6)
FN:69,(anonymous_7)
FN:70,(anonymous_8)
FN:77,(anonymous_9)
FN:78,(anonymous_10)
FN:89,(anonymous_11)
FN:114,(anonymous_12)
FN:120,(anonymous_13)
FN:144,(anonymous_14)
FN:145,(anonymous_15)
FN:170,(anonymous_16)
FN:171,(anonymous_17)
FN:196,(anonymous_18)
FN:198,(anonymous_19)
FN:233,(anonymous_20)
FN:240,(anonymous_21)
FN:258,(anonymous_22)
FN:266,(anonymous_23)
FN:310,(anonymous_24)
FN:325,(anonymous_25)
FN:332,(anonymous_26)
FN:350,(anonymous_27)
FN:358,(anonymous_28)
FN:385,(anonymous_29)
FN:391,(anonymous_30)
FN:398,(anonymous_31)
FN:406,(anonymous_32)
FN:434,(anonymous_33)
FN:458,(anonymous_34)
FNF:35
FNH:0
FNDA:0,(anonymous_0)
FNDA:0,(anonymous_1)
FNDA:0,(anonymous_2)
FNDA:0,(anonymous_3)
FNDA:0,(anonymous_4)
FNDA:0,(anonymous_5)
FNDA:0,(anonymous_6)
FNDA:0,(anonymous_7)
FNDA:0,(anonymous_8)
FNDA:0,(anonymous_9)
FNDA:0,(anonymous_10)
FNDA:0,(anonymous_11)
FNDA:0,(anonymous_12)
FNDA:0,(anonymous_13)
FNDA:0,(anonymous_14)
FNDA:0,(anonymous_15)
FNDA:0,(anonymous_16)
FNDA:0,(anonymous_17)
FNDA:0,(anonymous_18)
FNDA:0,(anonymous_19)
FNDA:0,(anonymous_20)
FNDA:0,(anonymous_21)
FNDA:0,(anonymous_22)
FNDA:0,(anonymous_23)
FNDA:0,(anonymous_24)
FNDA:0,(anonymous_25)
FNDA:0,(anonymous_26)
FNDA:0,(anonymous_27)
FNDA:0,(anonymous_28)
FNDA:0,(anonymous_29)
FNDA:0,(anonymous_30)
FNDA:0,(anonymous_31)
FNDA:0,(anonymous_32)
FNDA:0,(anonymous_33)
FNDA:0,(anonymous_34)
DA:34,0
DA:36,0
DA:37,0
DA:38,0
DA:39,0
DA:41,0
DA:42,0
DA:43,0
DA:44,0
DA:46,0
DA:47,0
DA:49,0
DA:51,0
DA:52,0
DA:53,0
DA:61,0
DA:65,0
DA:66,0
DA:67,0
DA:68,0
DA:73,0
DA:77,0
DA:78,0
DA:79,0
DA:80,0
DA:81,0
DA:83,0
DA:85,0
DA:89,0
DA:90,0
DA:91,0
DA:92,0
DA:93,0
DA:95,0
DA:97,0
DA:100,0
DA:101,0
DA:102,0
DA:103,0
DA:105,0
DA:107,0
DA:110,0
DA:114,0
DA:115,0
DA:116,0
DA:117,0
DA:119,0
DA:120,0
DA:121,0
DA:123,0
DA:124,0
DA:125,0
DA:127,0
DA:132,0
DA:133,0
DA:134,0
DA:137,0
DA:144,0
DA:145,0
DA:146,0
DA:147,0
DA:149,0
DA:150,0
DA:151,0
DA:153,0
DA:158,0
DA:159,0
DA:160,0
DA:163,0
DA:170,0
DA:171,0
DA:172,0
DA:173,0
DA:175,0
DA:176,0
DA:177,0
DA:179,0
DA:184,0
DA:185,0
DA:186,0
DA:189,0
DA:196,0
DA:197,0
DA:198,0
DA:199,0
DA:200,0
DA:202,0
DA:206,0
DA:207,0
DA:234,0
DA:240,0
DA:258,0
DA:266,0
DA:292,0
DA:310,0
DA:326,0
DA:332,0
DA:350,0
DA:358,0
DA:385,0
DA:391,0
DA:399,0
DA:400,0
DA:402,0
DA:406,0
DA:435,0
DA:436,0
DA:437,0
DA:438,0
DA:440,0
DA:458,0
DA:478,0
LF:112
LH:0
BRDA:80,0,0,0
BRDA:80,0,1,0
BRDA:90,1,0,0
BRDA:90,1,1,0
BRDA:92,2,0,0
BRDA:92,2,1,0
BRDA:100,3,0,0
BRDA:100,3,1,0
BRDA:102,4,0,0
BRDA:102,4,1,0
BRDA:110,5,0,0
BRDA:110,5,1,0
BRDA:123,6,0,0
BRDA:123,6,1,0
BRDA:124,7,0,0
BRDA:124,7,1,0
BRDA:132,8,0,0
BRDA:132,8,1,0
BRDA:133,9,0,0
BRDA:133,9,1,0
BRDA:149,10,0,0
BRDA:149,10,1,0
BRDA:150,11,0,0
BRDA:150,11,1,0
BRDA:158,12,0,0
BRDA:158,12,1,0
BRDA:159,13,0,0
BRDA:159,13,1,0
BRDA:175,14,0,0
BRDA:175,14,1,0
BRDA:176,15,0,0
BRDA:176,15,1,0
BRDA:184,16,0,0
BRDA:184,16,1,0
BRDA:185,17,0,0
BRDA:185,17,1,0
BRDA:197,18,0,0
BRDA:197,18,1,0
BRDA:199,19,0,0
BRDA:199,19,1,0
BRDA:199,19,2,0
BRDA:206,20,0,0
BRDA:206,20,1,0
BRDA:220,21,0,0
BRDA:220,21,1,0
BRDA:238,22,0,0
BRDA:238,22,1,0
BRDA:245,23,0,0
BRDA:245,23,1,0
BRDA:306,24,0,0
BRDA:306,24,1,0
BRDA:313,25,0,0
BRDA:313,25,1,0
BRDA:320,26,0,0
BRDA:320,26,1,0
BRDA:330,27,0,0
BRDA:330,27,1,0
BRDA:337,28,0,0
BRDA:337,28,1,0
BRDA:421,29,0,0
BRDA:421,29,1,0
BRDA:429,30,0,0
BRDA:429,30,1,0
BRDA:431,31,0,0
BRDA:431,31,1,0
BRDA:437,32,0,0
BRDA:437,32,1,0
BRDA:438,33,0,0
BRDA:438,33,1,0
BRDA:438,33,2,0
BRDA:445,34,0,0
BRDA:445,34,1,0
BRDA:451,35,0,0
BRDA:451,35,1,0
BRDA:451,36,0,0
BRDA:451,36,1,0
BRDA:455,37,0,0
BRDA:455,37,1,0
BRF:78
BRH:0
end_of_record
TN:
SF:src/constants/theme.ts
FNF:0
FNH:0
DA:5,0
DA:100,0
DA:137,0
DA:150,0
DA:163,0
DA:231,0
DA:239,0
DA:256,0
DA:268,0
LF:9
LH:0
BRF:0
BRH:0
end_of_record
TN:
SF:src/contexts/ThemeContext.tsx
FN:82,(anonymous_0)
FN:85,(anonymous_1)
FN:87,(anonymous_2)
FN:91,(anonymous_3)
FN:127,(anonymous_4)
FNF:5
FNH:0
FNDA:0,(anonymous_0)
FNDA:0,(anonymous_1)
FNDA:0,(anonymous_2)
FNDA:0,(anonymous_3)
FNDA:0,(anonymous_4)
DA:80,0
DA:82,0
DA:83,0
DA:85,0
DA:87,0
DA:88,0
DA:91,0
DA:92,0
DA:97,0
DA:120,0
DA:127,0
DA:128,0
DA:129,0
DA:130,0
DA:132,0
LF:15
LH:0
BRDA:97,0,0,0
BRDA:97,0,1,0
BRDA:129,1,0,0
BRDA:129,1,1,0
BRF:4
BRH:0
end_of_record
TN:
SF:src/contexts/ToastContext.tsx
FN:17,(anonymous_0)
FN:20,(anonymous_1)
FN:25,(anonymous_2)
FN:45,(anonymous_3)
FNF:4
FNH:0
FNDA:0,(anonymous_0)
FNDA:0,(anonymous_1)
FNDA:0,(anonymous_2)
FNDA:0,(anonymous_3)
DA:15,0
DA:17,0
DA:18,0
DA:20,0
DA:21,0
DA:22,0
DA:25,0
DA:26,0
DA:29,0
DA:45,0
DA:46,0
DA:47,0
DA:48,0
DA:50,0
LF:14
LH:0
BRDA:20,0,0,0
BRDA:20,1,0,0
BRDA:32,2,0,0
BRDA:32,2,1,0
BRDA:47,3,0,0
BRDA:47,3,1,0
BRF:6
BRH:0
end_of_record
TN:
SF:src/hooks/useAnimations.ts
FN:8,(anonymous_0)
FN:11,(anonymous_1)
FN:27,(anonymous_2)
FN:31,(anonymous_3)
FN:56,(anonymous_4)
FN:62,(anonymous_5)
FN:71,(anonymous_6)
FN:91,(anonymous_7)
FN:93,(anonymous_8)
FN:99,(anonymous_9)
FN:100,(anonymous_10)
FN:122,(anonymous_11)
FN:131,(anonymous_12)
FN:134,(anonymous_13)
FN:154,(anonymous_14)
FN:163,(anonymous_15)
FN:166,(anonymous_16)
FN:182,(anonymous_17)
FN:185,(anonymous_18)
FN:200,(anonymous_19)
FN:203,(anonymous_20)
FN:218,(anonymous_21)
FN:221,(anonymous_22)
FN:233,(anonymous_23)
FNF:24
FNH:0
FNDA:0,(anonymous_0)
FNDA:0,(anonymous_1)
FNDA:0,(anonymous_2)
FNDA:0,(anonymous_3)
FNDA:0,(anonymous_4)
FNDA:0,(anonymous_5)
FNDA:0,(anonymous_6)
FNDA:0,(anonymous_7)
FNDA:0,(anonymous_8)
FNDA:0,(anonymous_9)
FNDA:0,(anonymous_10)
FNDA:0,(anonymous_11)
FNDA:0,(anonymous_12)
FNDA:0,(anonymous_13)
FNDA:0,(anonymous_14)
FNDA:0,(anonymous_15)
FNDA:0,(anonymous_16)
FNDA:0,(anonymous_17)
FNDA:0,(anonymous_18)
FNDA:0,(anonymous_19)
FNDA:0,(anonymous_20)
FNDA:0,(anonymous_21)
FNDA:0,(anonymous_22)
FNDA:0,(anonymous_23)
DA:8,0
DA:9,0
DA:11,0
DA:12,0
DA:21,0
DA:27,0
DA:28,0
DA:29,0
DA:31,0
DA:32,0
DA:50,0
DA:56,0
DA:60,0
DA:62,0
DA:63,0
DA:71,0
DA:72,0
DA:80,0
DA:91,0
DA:92,0
DA:93,0
DA:99,0
DA:100,0
DA:101,0
DA:119,0
DA:122,0
DA:131,0
DA:132,0
DA:134,0
DA:135,0
DA:152,0
DA:154,0
DA:157,0
DA:163,0
DA:164,0
DA:166,0
DA:167,0
DA:176,0
DA:182,0
DA:183,0
DA:185,0
DA:186,0
DA:194,0
DA:200,0
DA:201,0
DA:203,0
DA:204,0
DA:212,0
DA:218,0
DA:219,0
DA:221,0
DA:222,0
DA:231,0
DA:233,0
DA:236,0
DA:241,0
LF:56
LH:0
BRDA:8,0,0,0
BRDA:8,1,0,0
BRDA:27,2,0,0
BRDA:27,3,0,0
BRDA:57,4,0,0
BRDA:58,5,0,0
BRDA:91,6,0,0
BRDA:131,7,0,0
BRDA:131,8,0,0
BRDA:200,9,0,0
BRF:10
BRH:0
end_of_record
TN:
SF:src/navigation/AuthNavigator.tsx
FN:8,(anonymous_0)
FNF:1
FNH:0
FNDA:0,(anonymous_0)
DA:6,0
DA:8,0
DA:9,0
LF:3
LH:0
BRF:0
BRH:0
end_of_record
TN:
SF:src/navigation/MainNavigator.tsx
FN:14,(anonymous_0)
FN:54,(anonymous_1)
FN:64,(anonymous_2)
FN:74,(anonymous_3)
FNF:4
FNH:0
FNDA:0,(anonymous_0)
FNDA:0,(anonymous_1)
FNDA:0,(anonymous_2)
FNDA:0,(anonymous_3)
DA:12,0
DA:14,0
DA:15,0
DA:16,0
DA:17,0
DA:19,0
DA:55,0
DA:65,0
DA:75,0
LF:9
LH:0
BRDA:16,0,0,0
BRDA:16,0,1,0
BRDA:55,1,0,0
BRDA:55,1,1,0
BRDA:65,2,0,0
BRDA:65,2,1,0
BRDA:75,3,0,0
BRDA:75,3,1,0
BRF:8
BRH:0
end_of_record
TN:
SF:src/navigation/RootNavigator.tsx
FN:55,(anonymous_0)
FN:59,(anonymous_1)
FN:82,(anonymous_2)
FNF:3
FNH:0
FNDA:0,(anonymous_0)
FNDA:0,(anonymous_1)
FNDA:0,(anonymous_2)
DA:15,0
DA:17,0
DA:25,0
DA:41,0
DA:55,0
DA:56,0
DA:57,0
DA:59,0
DA:60,0
DA:63,0
DA:64,0
DA:71,0
DA:82,0
DA:178,0
LF:14
LH:0
BRDA:19,0,0,0
BRDA:19,0,1,0
BRDA:28,1,0,0
BRDA:28,1,1,0
BRDA:63,2,0,0
BRDA:63,2,1,0
BRDA:63,3,0,0
BRDA:63,3,1,0
BRDA:74,4,0,0
BRDA:74,4,1,0
BRDA:86,5,0,0
BRDA:86,5,1,0
BRF:12
BRH:0
end_of_record
TN:
SF:src/screens/auth/ForgotPasswordScreen.tsx
FN:36,(anonymous_0)
FN:53,(anonymous_1)
FN:91,(anonymous_2)
FN:122,(anonymous_3)
FN:147,(anonymous_4)
FNF:5
FNH:0
FNDA:0,(anonymous_0)
FNDA:0,(anonymous_1)
FNDA:0,(anonymous_2)
FNDA:0,(anonymous_3)
FNDA:0,(anonymous_4)
DA:23,0
DA:36,0
DA:37,0
DA:38,0
DA:39,0
DA:46,0
DA:53,0
DA:54,0
DA:55,0
DA:56,0
DA:58,0
DA:62,0
DA:63,0
DA:91,0
DA:101,0
DA:123,0
DA:147,0
DA:156,0
LF:18
LH:0
BRDA:58,0,0,0
BRDA:58,0,1,0
BRDA:62,1,0,0
BRDA:62,1,1,0
BRDA:104,2,0,0
BRDA:104,2,1,0
BRF:6
BRH:0
end_of_record
TN:
SF:src/screens/auth/LoginScreen.tsx
FN:43,(anonymous_0)
FN:60,(anonymous_1)
FN:104,(anonymous_2)
FN:123,(anonymous_3)
FN:140,(anonymous_4)
FN:167,(anonymous_5)
FNF:6
FNH:0
FNDA:0,(anonymous_0)
FNDA:0,(anonymous_1)
FNDA:0,(anonymous_2)
FNDA:0,(anonymous_3)
FNDA:0,(anonymous_4)
FNDA:0,(anonymous_5)
DA:24,0
DA:26,0
DA:43,0
DA:44,0
DA:45,0
DA:46,0
DA:52,0
DA:60,0
DA:61,0
DA:62,0
DA:63,0
DA:65,0
DA:69,0
DA:105,0
DA:124,0
DA:140,0
DA:167,0
DA:180,0
LF:18
LH:0
BRDA:65,0,0,0
BRDA:65,0,1,0
BRDA:72,1,0,0
BRDA:72,1,1,0
BRF:4
BRH:0
end_of_record
TN:
SF:src/screens/auth/ResetPasswordScreen.tsx
FN:32,(anonymous_0)
FN:39,(anonymous_1)
FN:57,(anonymous_2)
FN:106,(anonymous_3)
FN:158,(anonymous_4)
FN:176,(anonymous_5)
FNF:6
FNH:0
FNDA:0,(anonymous_0)
FNDA:0,(anonymous_1)
FNDA:0,(anonymous_2)
FNDA:0,(anonymous_3)
FNDA:0,(anonymous_4)
FNDA:0,(anonymous_5)
DA:22,0
DA:24,0
DA:32,0
DA:39,0
DA:40,0
DA:41,0
DA:42,0
DA:43,0
DA:49,0
DA:57,0
DA:58,0
DA:59,0
DA:60,0
DA:62,0
DA:66,0
DA:67,0
DA:106,0
DA:115,0
DA:159,0
DA:177,0
DA:216,0
LF:21
LH:0
BRDA:62,0,0,0
BRDA:62,0,1,0
BRDA:66,1,0,0
BRDA:66,1,1,0
BRDA:118,2,0,0
BRDA:118,2,1,0
BRF:6
BRH:0
end_of_record
TN:
SF:src/screens/auth/SignUpScreen.tsx
FN:38,(anonymous_0)
FN:49,(anonymous_1)
FN:67,(anonymous_2)
FN:99,(anonymous_3)
FN:115,(anonymous_4)
FN:133,(anonymous_5)
FN:150,(anonymous_6)
FN:175,(anonymous_7)
FNF:8
FNH:0
FNDA:0,(anonymous_0)
FNDA:0,(anonymous_1)
FNDA:0,(anonymous_2)
FNDA:0,(anonymous_3)
FNDA:0,(anonymous_4)
FNDA:0,(anonymous_5)
FNDA:0,(anonymous_6)
FNDA:0,(anonymous_7)
DA:22,0
DA:38,0
DA:49,0
DA:50,0
DA:51,0
DA:57,0
DA:67,0
DA:68,0
DA:69,0
DA:70,0
DA:75,0
DA:77,0
DA:81,0
DA:100,0
DA:116,0
DA:134,0
DA:151,0
DA:175,0
DA:184,0
LF:19
LH:0
BRDA:77,0,0,0
BRDA:77,0,1,0
BRDA:84,1,0,0
BRDA:84,1,1,0
BRF:4
BRH:0
end_of_record
TN:
SF:src/screens/events/EventCreateScreen.tsx
FN:57,(anonymous_0)
FN:61,(anonymous_1)
FN:71,(anonymous_2)
FN:105,(anonymous_3)
FN:114,(anonymous_4)
FN:120,(anonymous_5)
FN:127,(anonymous_6)
FN:134,(anonymous_7)
FN:211,(anonymous_8)
FN:227,(anonymous_9)
FN:256,(anonymous_10)
FN:267,(anonymous_11)
FN:278,(anonymous_12)
FN:304,(anonymous_13)
FN:322,(anonymous_14)
FN:349,(anonymous_15)
FN:374,(anonymous_16)
FN:396,(anonymous_17)
FN:425,(anonymous_18)
FN:447,(anonymous_19)
FN:450,(anonymous_20)
FN:472,(anonymous_21)
FN:481,(anonymous_22)
FN:495,(anonymous_23)
FN:510,(anonymous_24)
FN:528,(anonymous_25)
FN:550,(anonymous_26)
FN:566,(anonymous_27)
FN:576,(anonymous_28)
FN:594,(anonymous_29)
FN:608,(anonymous_30)
FN:641,(anonymous_31)
FN:650,(anonymous_32)
FNF:33
FNH:0
FNDA:0,(anonymous_0)
FNDA:0,(anonymous_1)
FNDA:0,(anonymous_2)
FNDA:0,(anonymous_3)
FNDA:0,(anonymous_4)
FNDA:0,(anonymous_5)
FNDA:0,(anonymous_6)
FNDA:0,(anonymous_7)
FNDA:0,(anonymous_8)
FNDA:0,(anonymous_9)
FNDA:0,(anonymous_10)
FNDA:0,(anonymous_11)
FNDA:0,(anonymous_12)
FNDA:0,(anonymous_13)
FNDA:0,(anonymous_14)
FNDA:0,(anonymous_15)
FNDA:0,(anonymous_16)
FNDA:0,(anonymous_17)
FNDA:0,(anonymous_18)
FNDA:0,(anonymous_19)
FNDA:0,(anonymous_20)
FNDA:0,(anonymous_21)
FNDA:0,(anonymous_22)
FNDA:0,(anonymous_23)
FNDA:0,(anonymous_24)
FNDA:0,(anonymous_25)
FNDA:0,(anonymous_26)
FNDA:0,(anonymous_27)
FNDA:0,(anonymous_28)
FNDA:0,(anonymous_29)
FNDA:0,(anonymous_30)
FNDA:0,(anonymous_31)
FNDA:0,(anonymous_32)
DA:26,0
DA:33,0
DA:38,0
DA:39,0
DA:42,0
DA:47,0
DA:57,0
DA:61,0
DA:71,0
DA:72,0
DA:73,0
DA:74,0
DA:75,0
DA:76,0
DA:79,0
DA:80,0
DA:81,0
DA:82,0
DA:85,0
DA:86,0
DA:87,0
DA:93,0
DA:105,0
DA:106,0
DA:107,0
DA:108,0
DA:109,0
DA:110,0
DA:111,0
DA:114,0
DA:115,0
DA:116,0
DA:117,0
DA:120,0
DA:121,0
DA:122,0
DA:123,0
DA:124,0
DA:127,0
DA:128,0
DA:129,0
DA:130,0
DA:131,0
DA:134,0
DA:135,0
DA:137,0
DA:139,0
DA:148,0
DA:155,0
DA:166,0
DA:168,0
DA:169,0
DA:172,0
DA:175,0
DA:177,0
DA:179,0
DA:183,0
DA:212,0
DA:228,0
DA:256,0
DA:267,0
DA:279,0
DA:305,0
DA:323,0
DA:350,0
DA:374,0
DA:396,0
DA:426,0
DA:427,0
DA:448,0
DA:449,0
DA:450,0
DA:451,0
DA:455,0
DA:473,0
DA:482,0
DA:483,0
DA:484,0
DA:496,0
DA:497,0
DA:511,0
DA:528,0
DA:550,0
DA:567,0
DA:577,0
DA:578,0
DA:582,0
DA:595,0
DA:609,0
DA:641,0
DA:650,0
DA:656,0
LF:92
LH:0
BRDA:57,0,0,0
BRDA:57,0,1,0
BRDA:57,0,2,0
BRDA:61,1,0,0
BRDA:61,1,1,0
BRDA:61,1,2,0
BRDA:139,2,0,0
BRDA:139,2,1,0
BRDA:148,3,0,0
BRDA:148,3,1,0
BRDA:160,4,0,0
BRDA:160,4,1,0
BRDA:161,5,0,0
BRDA:161,5,1,0
BRDA:162,6,0,0
BRDA:162,6,1,0
BRDA:179,7,0,0
BRDA:179,7,1,0
BRDA:186,8,0,0
BRDA:186,8,1,0
BRDA:386,9,0,0
BRDA:386,9,1,0
BRDA:391,10,0,0
BRDA:391,10,1,0
BRDA:399,11,0,0
BRDA:399,11,1,0
BRDA:402,12,0,0
BRDA:402,12,1,0
BRDA:406,13,0,0
BRDA:406,13,1,0
BRDA:422,14,0,0
BRDA:422,14,1,0
BRDA:426,15,0,0
BRDA:426,15,1,0
BRDA:435,16,0,0
BRDA:435,16,1,0
BRDA:444,17,0,0
BRDA:444,17,1,0
BRDA:448,18,0,0
BRDA:448,18,1,0
BRDA:451,19,0,0
BRDA:451,19,1,0
BRDA:463,20,0,0
BRDA:463,20,1,0
BRDA:506,21,0,0
BRDA:506,21,1,0
BRDA:522,22,0,0
BRDA:522,22,1,0
BRDA:540,23,0,0
BRDA:540,23,1,0
BRDA:545,24,0,0
BRDA:545,24,1,0
BRDA:553,25,0,0
BRDA:553,25,1,0
BRDA:556,26,0,0
BRDA:556,26,1,0
BRDA:560,27,0,0
BRDA:560,27,1,0
BRDA:575,28,0,0
BRDA:575,28,1,0
BRDA:580,29,0,0
BRDA:580,29,1,0
BRDA:604,30,0,0
BRDA:604,30,1,0
BRDA:612,31,0,0
BRDA:612,31,1,0
BRF:66
BRH:0
end_of_record
TN:
SF:src/screens/events/EventDetailScreen.tsx
FN:66,(anonymous_0)
FN:90,(anonymous_1)
FN:96,(anonymous_2)
FN:107,(anonymous_3)
FN:117,(anonymous_4)
FN:118,(anonymous_5)
FN:120,(anonymous_6)
FN:130,(anonymous_7)
FN:146,(anonymous_8)
FN:162,(anonymous_9)
FN:171,(anonymous_10)
FN:287,(anonymous_11)
FN:301,(anonymous_12)
FN:368,(anonymous_13)
FN:383,(anonymous_14)
FN:391,(anonymous_15)
FN:398,(anonymous_16)
FN:416,(anonymous_17)
FN:429,(anonymous_18)
FN:437,(anonymous_19)
FN:446,(anonymous_20)
FN:448,(anonymous_21)
FN:449,(anonymous_22)
FN:450,(anonymous_23)
FN:451,(anonymous_24)
FN:460,(anonymous_25)
FN:479,(anonymous_26)
FN:507,(anonymous_27)
FN:543,(anonymous_28)
FN:558,(anonymous_29)
FN:585,(anonymous_30)
FN:594,(anonymous_31)
FN:615,(anonymous_32)
FN:624,(anonymous_33)
FN:647,(anonymous_34)
FN:710,(anonymous_35)
FN:718,(anonymous_36)
FN:726,(anonymous_37)
FN:744,(anonymous_38)
FN:765,(anonymous_39)
FN:786,(anonymous_40)
FN:807,(anonymous_41)
FN:825,(anonymous_42)
FN:841,(anonymous_43)
FN:858,(anonymous_44)
FN:867,(anonymous_45)
FN:872,(anonymous_46)
FN:912,(anonymous_47)
FN:929,(anonymous_48)
FN:957,(anonymous_49)
FN:962,(anonymous_50)
FN:968,(anonymous_51)
FN:970,(anonymous_52)
FN:972,(anonymous_53)
FN:974,(anonymous_54)
FN:978,(anonymous_55)
FN:988,(anonymous_56)
FN:996,(anonymous_57)
FN:1008,(anonymous_58)
FN:1026,(anonymous_59)
FN:1134,(anonymous_60)
FN:1159,(anonymous_61)
FN:1178,(anonymous_62)
FN:1209,(anonymous_63)
FN:1215,(anonymous_64)
FN:1219,(anonymous_65)
FN:1220,(anonymous_66)
FN:1253,(anonymous_67)
FN:1258,(anonymous_68)
FN:1267,(anonymous_69)
FN:1268,(anonymous_70)
FN:1269,(anonymous_71)
FN:1271,(anonymous_72)
FN:1272,(anonymous_73)
FN:1273,(anonymous_74)
FN:1282,(anonymous_75)
FN:1283,(anonymous_76)
FN:1284,(anonymous_77)
FN:1289,(anonymous_78)
FN:1290,(anonymous_79)
FN:1291,(anonymous_80)
FN:1292,(anonymous_81)
FN:1295,(anonymous_82)
FN:1326,(anonymous_83)
FN:1718,(anonymous_84)
FN:1726,(anonymous_85)
FN:1728,(anonymous_86)
FN:1731,(anonymous_87)
FN:1735,(anonymous_88)
FN:1739,(anonymous_89)
FN:1745,(anonymous_90)
FN:1747,(anonymous_91)
FN:1755,(anonymous_92)
FN:1769,(anonymous_93)
FN:1775,(anonymous_94)
FN:1776,(anonymous_95)
FN:1778,(anonymous_96)
FN:1781,(anonymous_97)
FN:1819,(anonymous_98)
FN:1872,(anonymous_99)
FN:1875,(anonymous_100)
FN:1878,(anonymous_101)
FN:1881,(anonymous_102)
FN:1884,(anonymous_103)
FN:1887,(anonymous_104)
FN:1893,(anonymous_105)
FN:1895,(anonymous_106)
FN:1896,(anonymous_107)
FNF:108
FNH:0
FNDA:0,(anonymous_0)
FNDA:0,(anonymous_1)
FNDA:0,(anonymous_2)
FNDA:0,(anonymous_3)
FNDA:0,(anonymous_4)
FNDA:0,(anonymous_5)
FNDA:0,(anonymous_6)
FNDA:0,(anonymous_7)
FNDA:0,(anonymous_8)
FNDA:0,(anonymous_9)
FNDA:0,(anonymous_10)
FNDA:0,(anonymous_11)
FNDA:0,(anonymous_12)
FNDA:0,(anonymous_13)
FNDA:0,(anonymous_14)
FNDA:0,(anonymous_15)
FNDA:0,(anonymous_16)
FNDA:0,(anonymous_17)
FNDA:0,(anonymous_18)
FNDA:0,(anonymous_19)
FNDA:0,(anonymous_20)
FNDA:0,(anonymous_21)
FNDA:0,(anonymous_22)
FNDA:0,(anonymous_23)
FNDA:0,(anonymous_24)
FNDA:0,(anonymous_25)
FNDA:0,(anonymous_26)
FNDA:0,(anonymous_27)
FNDA:0,(anonymous_28)
FNDA:0,(anonymous_29)
FNDA:0,(anonymous_30)
FNDA:0,(anonymous_31)
FNDA:0,(anonymous_32)
FNDA:0,(anonymous_33)
FNDA:0,(anonymous_34)
FNDA:0,(anonymous_35)
FNDA:0,(anonymous_36)
FNDA:0,(anonymous_37)
FNDA:0,(anonymous_38)
FNDA:0,(anonymous_39)
FNDA:0,(anonymous_40)
FNDA:0,(anonymous_41)
FNDA:0,(anonymous_42)
FNDA:0,(anonymous_43)
FNDA:0,(anonymous_44)
FNDA:0,(anonymous_45)
FNDA:0,(anonymous_46)
FNDA:0,(anonymous_47)
FNDA:0,(anonymous_48)
FNDA:0,(anonymous_49)
FNDA:0,(anonymous_50)
FNDA:0,(anonymous_51)
FNDA:0,(anonymous_52)
FNDA:0,(anonymous_53)
FNDA:0,(anonymous_54)
FNDA:0,(anonymous_55)
FNDA:0,(anonymous_56)
FNDA:0,(anonymous_57)
FNDA:0,(anonymous_58)
FNDA:0,(anonymous_59)
FNDA:0,(anonymous_60)
FNDA:0,(anonymous_61)
FNDA:0,(anonymous_62)
FNDA:0,(anonymous_63)
FNDA:0,(anonymous_64)
FNDA:0,(anonymous_65)
FNDA:0,(anonymous_66)
FNDA:0,(anonymous_67)
FNDA:0,(anonymous_68)
FNDA:0,(anonymous_69)
FNDA:0,(anonymous_70)
FNDA:0,(anonymous_71)
FNDA:0,(anonymous_72)
FNDA:0,(anonymous_73)
FNDA:0,(anonymous_74)
FNDA:0,(anonymous_75)
FNDA:0,(anonymous_76)
FNDA:0,(anonymous_77)
FNDA:0,(anonymous_78)
FNDA:0,(anonymous_79)
FNDA:0,(anonymous_80)
FNDA:0,(anonymous_81)
FNDA:0,(anonymous_82)
FNDA:0,(anonymous_83)
FNDA:0,(anonymous_84)
FNDA:0,(anonymous_85)
FNDA:0,(anonymous_86)
FNDA:0,(anonymous_87)
FNDA:0,(anonymous_88)
FNDA:0,(anonymous_89)
FNDA:0,(anonymous_90)
FNDA:0,(anonymous_91)
FNDA:0,(anonymous_92)
FNDA:0,(anonymous_93)
FNDA:0,(anonymous_94)
FNDA:0,(anonymous_95)
FNDA:0,(anonymous_96)
FNDA:0,(anonymous_97)
FNDA:0,(anonymous_98)
FNDA:0,(anonymous_99)
FNDA:0,(anonymous_100)
FNDA:0,(anonymous_101)
FNDA:0,(anonymous_102)
FNDA:0,(anonymous_103)
FNDA:0,(anonymous_104)
FNDA:0,(anonymous_105)
FNDA:0,(anonymous_106)
FNDA:0,(anonymous_107)
DA:58,0
DA:59,0
DA:66,0
DA:67,0
DA:68,0
DA:69,0
DA:70,0
DA:71,0
DA:72,0
DA:73,0
DA:74,0
DA:76,0
DA:84,0
DA:90,0
DA:91,0
DA:92,0
DA:93,0
DA:95,0
DA:97,0
DA:98,0
DA:102,0
DA:104,0
DA:105,0
DA:107,0
DA:108,0
DA:109,0
DA:110,0
DA:111,0
DA:113,0
DA:117,0
DA:118,0
DA:120,0
DA:121,0
DA:122,0
DA:126,0
DA:130,0
DA:131,0
DA:132,0
DA:133,0
DA:135,0
DA:139,0
DA:147,0
DA:148,0
DA:163,0
DA:164,0
DA:171,0
DA:288,0
DA:302,0
DA:368,0
DA:383,0
DA:384,0
DA:385,0
DA:386,0
DA:387,0
DA:388,0
DA:390,0
DA:392,0
DA:396,0
DA:398,0
DA:407,0
DA:408,0
DA:409,0
DA:411,0
DA:412,0
DA:416,0
DA:417,0
DA:419,0
DA:421,0
DA:423,0
DA:425,0
DA:429,0
DA:430,0
DA:431,0
DA:433,0
DA:437,0
DA:438,0
DA:439,0
DA:440,0
DA:442,0
DA:446,0
DA:448,0
DA:449,0
DA:450,0
DA:451,0
DA:453,0
DA:460,0
DA:480,0
DA:481,0
DA:482,0
DA:483,0
DA:485,0
DA:508,0
DA:509,0
DA:510,0
DA:511,0
DA:513,0
DA:544,0
DA:545,0
DA:546,0
DA:558,0
DA:586,0
DA:587,0
DA:594,0
DA:616,0
DA:617,0
DA:624,0
DA:647,0
DA:710,0
DA:718,0
DA:726,0
DA:745,0
DA:766,0
DA:787,0
DA:808,0
DA:825,0
DA:841,0
DA:858,0
DA:860,0
DA:861,0
DA:862,0
DA:863,0
DA:866,0
DA:867,0
DA:871,0
DA:872,0
DA:875,0
DA:912,0
DA:929,0
DA:957,0
DA:958,0
DA:959,0
DA:961,0
DA:963,0
DA:967,0
DA:968,0
DA:970,0
DA:971,0
DA:972,0
DA:973,0
DA:974,0
DA:976,0
DA:978,0
DA:979,0
DA:980,0
DA:981,0
DA:982,0
DA:984,0
DA:988,0
DA:989,0
DA:997,0
DA:998,0
DA:1000,0
DA:1008,0
DA:1009,0
DA:1011,0
DA:1013,0
DA:1015,0
DA:1019,0
DA:1026,0
DA:1135,0
DA:1136,0
DA:1137,0
DA:1159,0
DA:1179,0
DA:1180,0
DA:1181,0
DA:1209,0
DA:1215,0
DA:1219,0
DA:1221,0
DA:1222,0
DA:1223,0
DA:1253,0
DA:1254,0
DA:1255,0
DA:1257,0
DA:1259,0
DA:1263,0
DA:1266,0
DA:1267,0
DA:1268,0
DA:1269,0
DA:1271,0
DA:1272,0
DA:1273,0
DA:1275,0
DA:1276,0
DA:1277,0
DA:1278,0
DA:1281,0
DA:1282,0
DA:1283,0
DA:1284,0
DA:1288,0
DA:1289,0
DA:1290,0
DA:1291,0
DA:1292,0
DA:1295,0
DA:1296,0
DA:1297,0
DA:1307,0
DA:1308,0
DA:1319,0
DA:1326,0
DA:1503,0
DA:1718,0
DA:1719,0
DA:1720,0
DA:1721,0
DA:1722,0
DA:1723,0
DA:1724,0
DA:1726,0
DA:1727,0
DA:1728,0
DA:1731,0
DA:1732,0
DA:1733,0
DA:1736,0
DA:1739,0
DA:1746,0
DA:1748,0
DA:1749,0
DA:1751,0
DA:1753,0
DA:1756,0
DA:1757,0
DA:1758,0
DA:1760,0
DA:1769,0
DA:1776,0
DA:1777,0
DA:1779,0
DA:1782,0
DA:1783,0
DA:1784,0
DA:1786,0
DA:1791,0
DA:1792,0
DA:1793,0
DA:1794,0
DA:1797,0
DA:1819,0
DA:1829,0
DA:1830,0
DA:1840,0
DA:1872,0
DA:1875,0
DA:1878,0
DA:1881,0
DA:1884,0
DA:1887,0
DA:1893,0
DA:1895,0
DA:1896,0
DA:1902,0
LF:257
LH:0
BRDA:102,0,0,0
BRDA:102,0,1,0
BRDA:108,1,0,0
BRDA:108,1,1,0
BRDA:157,2,0,0
BRDA:157,2,1,0
BRDA:169,3,0,0
BRDA:169,3,1,0
BRDA:176,4,0,0
BRDA:176,4,1,0
BRDA:220,5,0,0
BRDA:220,5,1,0
BRDA:264,6,0,0
BRDA:264,6,1,0
BRDA:281,7,0,0
BRDA:281,7,1,0
BRDA:284,8,0,0
BRDA:284,8,1,0
BRDA:297,9,0,0
BRDA:297,9,1,0
BRDA:305,10,0,0
BRDA:305,10,1,0
BRDA:315,11,0,0
BRDA:315,11,1,0
BRDA:361,12,0,0
BRDA:361,12,1,0
BRDA:368,13,0,0
BRDA:368,13,1,0
BRDA:368,13,2,0
BRDA:368,13,3,0
BRDA:411,14,0,0
BRDA:411,14,1,0
BRDA:417,15,0,0
BRDA:417,15,1,0
BRDA:417,15,2,0
BRDA:417,15,3,0
BRDA:440,16,0,0
BRDA:440,16,1,0
BRDA:442,17,0,0
BRDA:442,17,1,0
BRDA:468,18,0,0
BRDA:468,18,1,0
BRDA:468,18,2,0
BRDA:485,19,0,0
BRDA:485,19,1,0
BRDA:496,20,0,0
BRDA:496,20,1,0
BRDA:496,20,2,0
BRDA:513,21,0,0
BRDA:513,21,1,0
BRDA:524,22,0,0
BRDA:524,22,1,0
BRDA:529,23,0,0
BRDA:529,23,1,0
BRDA:551,24,0,0
BRDA:551,24,1,0
BRDA:552,25,0,0
BRDA:552,25,1,0
BRDA:553,26,0,0
BRDA:553,26,1,0
BRDA:554,27,0,0
BRDA:554,27,1,0
BRDA:563,28,0,0
BRDA:563,28,1,0
BRDA:569,29,0,0
BRDA:569,29,1,0
BRDA:579,30,0,0
BRDA:579,30,1,0
BRDA:582,31,0,0
BRDA:582,31,1,0
BRDA:592,32,0,0
BRDA:592,32,1,0
BRDA:599,33,0,0
BRDA:599,33,1,0
BRDA:611,34,0,0
BRDA:611,34,1,0
BRDA:622,35,0,0
BRDA:622,35,1,0
BRDA:629,36,0,0
BRDA:629,36,1,0
BRDA:632,37,0,0
BRDA:632,37,1,0
BRDA:644,38,0,0
BRDA:644,38,1,0
BRDA:646,39,0,0
BRDA:646,39,1,0
BRDA:651,40,0,0
BRDA:651,40,1,0
BRDA:652,41,0,0
BRDA:652,41,1,0
BRDA:655,42,0,0
BRDA:655,42,1,0
BRDA:658,43,0,0
BRDA:658,43,1,0
BRDA:659,44,0,0
BRDA:659,44,1,0
BRDA:662,45,0,0
BRDA:662,45,1,0
BRDA:663,46,0,0
BRDA:663,46,1,0
BRDA:664,47,0,0
BRDA:664,47,1,0
BRDA:702,48,0,0
BRDA:702,48,1,0
BRDA:702,48,2,0
BRDA:737,49,0,0
BRDA:737,49,1,0
BRDA:751,50,0,0
BRDA:751,50,1,0
BRDA:758,51,0,0
BRDA:758,51,1,0
BRDA:772,52,0,0
BRDA:772,52,1,0
BRDA:779,53,0,0
BRDA:779,53,1,0
BRDA:793,54,0,0
BRDA:793,54,1,0
BRDA:800,55,0,0
BRDA:800,55,1,0
BRDA:814,56,0,0
BRDA:814,56,1,0
BRDA:822,57,0,0
BRDA:822,57,1,0
BRDA:858,58,0,0
BRDA:860,59,0,0
BRDA:860,59,1,0
BRDA:860,59,2,0
BRDA:862,60,0,0
BRDA:862,60,1,0
BRDA:866,61,0,0
BRDA:866,61,1,0
BRDA:866,62,0,0
BRDA:866,62,1,0
BRDA:871,63,0,0
BRDA:871,63,1,0
BRDA:871,64,0,0
BRDA:871,64,1,0
BRDA:882,65,0,0
BRDA:882,65,1,0
BRDA:885,66,0,0
BRDA:885,66,1,0
BRDA:890,67,0,0
BRDA:890,67,1,0
BRDA:890,67,2,0
BRDA:892,68,0,0
BRDA:892,68,1,0
BRDA:897,69,0,0
BRDA:897,69,1,0
BRDA:904,70,0,0
BRDA:904,70,1,0
BRDA:904,70,2,0
BRDA:910,71,0,0
BRDA:910,71,1,0
BRDA:917,72,0,0
BRDA:917,72,1,0
BRDA:927,73,0,0
BRDA:927,73,1,0
BRDA:934,74,0,0
BRDA:934,74,1,0
BRDA:942,75,0,0
BRDA:942,75,1,0
BRDA:942,75,2,0
BRDA:945,76,0,0
BRDA:945,76,1,0
BRDA:946,77,0,0
BRDA:946,77,1,0
BRDA:971,78,0,0
BRDA:971,78,1,0
BRDA:973,79,0,0
BRDA:973,79,1,0
BRDA:976,80,0,0
BRDA:976,80,1,0
BRDA:979,81,0,0
BRDA:979,81,1,0
BRDA:1009,82,0,0
BRDA:1009,82,1,0
BRDA:1009,82,2,0
BRDA:1034,83,0,0
BRDA:1034,83,1,0
BRDA:1040,84,0,0
BRDA:1040,84,1,0
BRDA:1040,85,0,0
BRDA:1040,85,1,0
BRDA:1075,86,0,0
BRDA:1075,86,1,0
BRDA:1087,87,0,0
BRDA:1087,87,1,0
BRDA:1087,87,2,0
BRDA:1087,87,3,0
BRDA:1103,88,0,0
BRDA:1103,88,1,0
BRDA:1127,89,0,0
BRDA:1127,89,1,0
BRDA:1127,89,2,0
BRDA:1135,90,0,0
BRDA:1135,90,1,0
BRDA:1135,90,2,0
BRDA:1142,91,0,0
BRDA:1142,91,1,0
BRDA:1151,92,0,0
BRDA:1151,92,1,0
BRDA:1171,93,0,0
BRDA:1171,93,1,0
BRDA:1179,94,0,0
BRDA:1179,94,1,0
BRDA:1179,94,2,0
BRDA:1186,95,0,0
BRDA:1186,95,1,0
BRDA:1195,96,0,0
BRDA:1195,96,1,0
BRDA:1209,97,0,0
BRDA:1209,97,1,0
BRDA:1209,98,0,0
BRDA:1209,98,1,0
BRDA:1215,99,0,0
BRDA:1215,99,1,0
BRDA:1219,100,0,0
BRDA:1219,100,1,0
BRDA:1221,101,0,0
BRDA:1221,101,1,0
BRDA:1221,101,2,0
BRDA:1228,102,0,0
BRDA:1228,102,1,0
BRDA:1237,103,0,0
BRDA:1237,103,1,0
BRDA:1272,104,0,0
BRDA:1272,104,1,0
BRDA:1275,105,0,0
BRDA:1275,105,1,0
BRDA:1276,106,0,0
BRDA:1276,106,1,0
BRDA:1277,107,0,0
BRDA:1277,107,1,0
BRDA:1278,108,0,0
BRDA:1278,108,1,0
BRDA:1282,109,0,0
BRDA:1282,109,1,0
BRDA:1283,110,0,0
BRDA:1283,110,1,0
BRDA:1284,111,0,0
BRDA:1284,111,1,0
BRDA:1284,111,2,0
BRDA:1289,112,0,0
BRDA:1289,112,1,0
BRDA:1290,113,0,0
BRDA:1290,113,1,0
BRDA:1291,114,0,0
BRDA:1291,114,1,0
BRDA:1292,115,0,0
BRDA:1292,115,1,0
BRDA:1296,116,0,0
BRDA:1296,116,1,0
BRDA:1307,117,0,0
BRDA:1307,117,1,0
BRDA:1732,118,0,0
BRDA:1732,118,1,0
BRDA:1736,119,0,0
BRDA:1736,119,1,0
BRDA:1748,120,0,0
BRDA:1748,120,1,0
BRDA:1756,121,0,0
BRDA:1756,121,1,0
BRDA:1757,122,0,0
BRDA:1757,122,1,0
BRDA:1782,123,0,0
BRDA:1782,123,1,0
BRDA:1783,124,0,0
BRDA:1783,124,1,0
BRDA:1791,125,0,0
BRDA:1791,125,1,0
BRDA:1793,126,0,0
BRDA:1793,126,1,0
BRDA:1829,127,0,0
BRDA:1829,127,1,0
BRF:274
BRH:0
end_of_record
TN:
SF:src/screens/events/EventEditScreen.tsx
FN:54,(anonymous_0)
FN:66,(anonymous_1)
FN:102,(anonymous_2)
FN:106,(anonymous_3)
FN:135,(anonymous_4)
FN:144,(anonymous_5)
FN:150,(anonymous_6)
FN:157,(anonymous_7)
FN:164,(anonymous_8)
FN:248,(anonymous_9)
FN:264,(anonymous_10)
FN:289,(anonymous_11)
FN:298,(anonymous_12)
FN:313,(anonymous_13)
FN:322,(anonymous_14)
FN:335,(anonymous_15)
FN:353,(anonymous_16)
FN:373,(anonymous_17)
FN:401,(anonymous_18)
FN:425,(anonymous_19)
FN:446,(anonymous_20)
FN:475,(anonymous_21)
FN:497,(anonymous_22)
FN:500,(anonymous_23)
FN:522,(anonymous_24)
FN:531,(anonymous_25)
FN:545,(anonymous_26)
FN:559,(anonymous_27)
FN:577,(anonymous_28)
FN:599,(anonymous_29)
FN:615,(anonymous_30)
FN:625,(anonymous_31)
FN:643,(anonymous_32)
FN:657,(anonymous_33)
FNF:34
FNH:0
FNDA:0,(anonymous_0)
FNDA:0,(anonymous_1)
FNDA:0,(anonymous_2)
FNDA:0,(anonymous_3)
FNDA:0,(anonymous_4)
FNDA:0,(anonymous_5)
FNDA:0,(anonymous_6)
FNDA:0,(anonymous_7)
FNDA:0,(anonymous_8)
FNDA:0,(anonymous_9)
FNDA:0,(anonymous_10)
FNDA:0,(anonymous_11)
FNDA:0,(anonymous_12)
FNDA:0,(anonymous_13)
FNDA:0,(anonymous_14)
FNDA:0,(anonymous_15)
FNDA:0,(anonymous_16)
FNDA:0,(anonymous_17)
FNDA:0,(anonymous_18)
FNDA:0,(anonymous_19)
FNDA:0,(anonymous_20)
FNDA:0,(anonymous_21)
FNDA:0,(anonymous_22)
FNDA:0,(anonymous_23)
FNDA:0,(anonymous_24)
FNDA:0,(anonymous_25)
FNDA:0,(anonymous_26)
FNDA:0,(anonymous_27)
FNDA:0,(anonymous_28)
FNDA:0,(anonymous_29)
FNDA:0,(anonymous_30)
FNDA:0,(anonymous_31)
FNDA:0,(anonymous_32)
FNDA:0,(anonymous_33)
DA:25,0
DA:31,0
DA:36,0
DA:37,0
DA:39,0
DA:44,0
DA:54,0
DA:66,0
DA:67,0
DA:68,0
DA:69,0
DA:70,0
DA:71,0
DA:72,0
DA:75,0
DA:76,0
DA:77,0
DA:78,0
DA:81,0
DA:82,0
DA:83,0
DA:90,0
DA:102,0
DA:103,0
DA:106,0
DA:107,0
DA:108,0
DA:116,0
DA:119,0
DA:120,0
DA:121,0
DA:122,0
DA:126,0
DA:127,0
DA:128,0
DA:131,0
DA:135,0
DA:136,0
DA:137,0
DA:138,0
DA:139,0
DA:140,0
DA:141,0
DA:144,0
DA:145,0
DA:146,0
DA:147,0
DA:150,0
DA:151,0
DA:152,0
DA:153,0
DA:154,0
DA:157,0
DA:158,0
DA:159,0
DA:160,0
DA:161,0
DA:164,0
DA:165,0
DA:166,0
DA:174,0
DA:182,0
DA:183,0
DA:184,0
DA:185,0
DA:186,0
DA:189,0
DA:202,0
DA:204,0
DA:205,0
DA:207,0
DA:209,0
DA:211,0
DA:212,0
DA:213,0
DA:215,0
DA:220,0
DA:221,0
DA:228,0
DA:249,0
DA:265,0
DA:289,0
DA:298,0
DA:313,0
DA:322,0
DA:336,0
DA:354,0
DA:374,0
DA:402,0
DA:425,0
DA:446,0
DA:476,0
DA:477,0
DA:498,0
DA:499,0
DA:500,0
DA:501,0
DA:505,0
DA:523,0
DA:532,0
DA:533,0
DA:534,0
DA:546,0
DA:547,0
DA:560,0
DA:577,0
DA:599,0
DA:616,0
DA:626,0
DA:627,0
DA:631,0
DA:644,0
DA:658,0
DA:687,0
LF:114
LH:0
BRDA:54,0,0,0
BRDA:54,0,1,0
BRDA:107,1,0,0
BRDA:107,1,1,0
BRDA:107,2,0,0
BRDA:107,2,1,0
BRDA:110,3,0,0
BRDA:110,3,1,0
BRDA:113,4,0,0
BRDA:113,4,1,0
BRDA:119,5,0,0
BRDA:119,5,1,0
BRDA:121,6,0,0
BRDA:121,6,1,0
BRDA:122,7,0,0
BRDA:122,7,1,0
BRDA:126,8,0,0
BRDA:126,8,1,0
BRDA:128,9,0,0
BRDA:128,9,1,0
BRDA:166,10,0,0
BRDA:166,10,1,0
BRDA:174,11,0,0
BRDA:174,11,1,0
BRDA:182,12,0,0
BRDA:182,12,1,0
BRDA:183,13,0,0
BRDA:183,13,1,0
BRDA:184,14,0,0
BRDA:184,14,1,0
BRDA:191,15,0,0
BRDA:191,15,1,0
BRDA:194,16,0,0
BRDA:194,16,1,0
BRDA:195,17,0,0
BRDA:195,17,1,0
BRDA:204,18,0,0
BRDA:204,18,1,0
BRDA:212,19,0,0
BRDA:212,19,1,0
BRDA:213,20,0,0
BRDA:213,20,1,0
BRDA:215,21,0,0
BRDA:215,21,1,0
BRDA:220,22,0,0
BRDA:220,22,1,0
BRDA:220,23,0,0
BRDA:220,23,1,0
BRDA:231,24,0,0
BRDA:231,24,1,0
BRDA:404,25,0,0
BRDA:404,25,1,0
BRDA:437,26,0,0
BRDA:437,26,1,0
BRDA:441,27,0,0
BRDA:441,27,1,0
BRDA:449,28,0,0
BRDA:449,28,1,0
BRDA:452,29,0,0
BRDA:452,29,1,0
BRDA:456,30,0,0
BRDA:456,30,1,0
BRDA:472,31,0,0
BRDA:472,31,1,0
BRDA:476,32,0,0
BRDA:476,32,1,0
BRDA:485,33,0,0
BRDA:485,33,1,0
BRDA:494,34,0,0
BRDA:494,34,1,0
BRDA:498,35,0,0
BRDA:498,35,1,0
BRDA:501,36,0,0
BRDA:501,36,1,0
BRDA:513,37,0,0
BRDA:513,37,1,0
BRDA:555,38,0,0
BRDA:555,38,1,0
BRDA:571,39,0,0
BRDA:571,39,1,0
BRDA:589,40,0,0
BRDA:589,40,1,0
BRDA:594,41,0,0
BRDA:594,41,1,0
BRDA:602,42,0,0
BRDA:602,42,1,0
BRDA:605,43,0,0
BRDA:605,43,1,0
BRDA:609,44,0,0
BRDA:609,44,1,0
BRDA:624,45,0,0
BRDA:624,45,1,0
BRDA:629,46,0,0
BRDA:629,46,1,0
BRDA:653,47,0,0
BRDA:653,47,1,0
BRDA:661,48,0,0
BRDA:661,48,1,0
BRF:98
BRH:0
end_of_record
TN:
SF:src/screens/events/HomeScreen.tsx
FN:53,(anonymous_0)
FN:77,(anonymous_1)
FN:88,(anonymous_2)
FN:97,(anonymous_3)
FN:98,(anonymous_4)
FN:102,(anonymous_5)
FN:103,(anonymous_6)
FN:108,(anonymous_7)
FN:110,(anonymous_8)
FN:146,(anonymous_9)
FN:148,(anonymous_10)
FN:155,(anonymous_11)
FN:159,(anonymous_12)
FN:163,(anonymous_13)
FN:170,(anonymous_14)
FN:178,(anonymous_15)
FN:183,(anonymous_16)
FN:195,(anonymous_17)
FN:264,(anonymous_18)
FN:293,(anonymous_19)
FN:297,(anonymous_20)
FN:305,(anonymous_21)
FN:312,(anonymous_22)
FN:326,(anonymous_23)
FN:329,(anonymous_24)
FN:346,(anonymous_25)
FN:356,(anonymous_26)
FN:377,(anonymous_27)
FN:396,(anonymous_28)
FN:431,(anonymous_29)
FN:453,(anonymous_30)
FN:511,(anonymous_31)
FN:523,(anonymous_32)
FN:540,(anonymous_33)
FN:561,(anonymous_34)
FN:564,(anonymous_35)
FN:574,(anonymous_36)
FN:577,(anonymous_37)
FNF:38
FNH:0
FNDA:0,(anonymous_0)
FNDA:0,(anonymous_1)
FNDA:0,(anonymous_2)
FNDA:0,(anonymous_3)
FNDA:0,(anonymous_4)
FNDA:0,(anonymous_5)
FNDA:0,(anonymous_6)
FNDA:0,(anonymous_7)
FNDA:0,(anonymous_8)
FNDA:0,(anonymous_9)
FNDA:0,(anonymous_10)
FNDA:0,(anonymous_11)
FNDA:0,(anonymous_12)
FNDA:0,(anonymous_13)
FNDA:0,(anonymous_14)
FNDA:0,(anonymous_15)
FNDA:0,(anonymous_16)
FNDA:0,(anonymous_17)
FNDA:0,(anonymous_18)
FNDA:0,(anonymous_19)
FNDA:0,(anonymous_20)
FNDA:0,(anonymous_21)
FNDA:0,(anonymous_22)
FNDA:0,(anonymous_23)
FNDA:0,(anonymous_24)
FNDA:0,(anonymous_25)
FNDA:0,(anonymous_26)
FNDA:0,(anonymous_27)
FNDA:0,(anonymous_28)
FNDA:0,(anonymous_29)
FNDA:0,(anonymous_30)
FNDA:0,(anonymous_31)
FNDA:0,(anonymous_32)
FNDA:0,(anonymous_33)
FNDA:0,(anonymous_34)
FNDA:0,(anonymous_35)
FNDA:0,(anonymous_36)
FNDA:0,(anonymous_37)
DA:36,0
DA:43,0
DA:47,0
DA:53,0
DA:54,0
DA:55,0
DA:56,0
DA:57,0
DA:59,0
DA:60,0
DA:62,0
DA:63,0
DA:64,0
DA:65,0
DA:66,0
DA:67,0
DA:69,0
DA:77,0
DA:78,0
DA:80,0
DA:82,0
DA:84,0
DA:88,0
DA:89,0
DA:90,0
DA:91,0
DA:92,0
DA:93,0
DA:94,0
DA:97,0
DA:98,0
DA:102,0
DA:103,0
DA:108,0
DA:109,0
DA:110,0
DA:111,0
DA:112,0
DA:113,0
DA:114,0
DA:119,0
DA:129,0
DA:130,0
DA:131,0
DA:132,0
DA:134,0
DA:142,0
DA:146,0
DA:147,0
DA:148,0
DA:152,0
DA:153,0
DA:155,0
DA:159,0
DA:163,0
DA:164,0
DA:165,0
DA:167,0
DA:170,0
DA:171,0
DA:172,0
DA:174,0
DA:177,0
DA:179,0
DA:183,0
DA:184,0
DA:185,0
DA:186,0
DA:188,0
DA:195,0
DA:264,0
DA:265,0
DA:292,0
DA:293,0
DA:297,0
DA:298,0
DA:299,0
DA:301,0
DA:305,0
DA:306,0
DA:307,0
DA:308,0
DA:309,0
DA:312,0
DA:313,0
DA:327,0
DA:330,0
DA:347,0
DA:348,0
DA:356,0
DA:377,0
DA:396,0
DA:397,0
DA:432,0
DA:454,0
DA:481,0
DA:512,0
DA:523,0
DA:541,0
DA:562,0
DA:565,0
DA:575,0
DA:578,0
DA:589,0
LF:104
LH:0
BRDA:70,0,0,0
BRDA:70,0,1,0
BRDA:70,1,0,0
BRDA:70,1,1,0
BRDA:78,2,0,0
BRDA:78,2,1,0
BRDA:78,2,2,0
BRDA:113,3,0,0
BRDA:113,3,1,0
BRDA:116,4,0,0
BRDA:116,4,1,0
BRDA:122,5,0,0
BRDA:122,5,1,0
BRDA:129,6,0,0
BRDA:129,6,1,0
BRDA:130,7,0,0
BRDA:130,7,1,0
BRDA:147,8,0,0
BRDA:147,8,1,0
BRDA:164,9,0,0
BRDA:164,9,1,0
BRDA:171,10,0,0
BRDA:171,10,1,0
BRDA:201,11,0,0
BRDA:201,11,1,0
BRDA:201,11,2,0
BRDA:205,12,0,0
BRDA:205,12,1,0
BRDA:205,12,2,0
BRDA:211,13,0,0
BRDA:211,13,1,0
BRDA:211,13,2,0
BRDA:224,14,0,0
BRDA:224,14,1,0
BRDA:245,15,0,0
BRDA:245,15,1,0
BRDA:298,16,0,0
BRDA:298,16,1,0
BRDA:307,17,0,0
BRDA:307,17,1,0
BRDA:308,18,0,0
BRDA:308,18,1,0
BRDA:319,19,0,0
BRDA:319,19,1,0
BRDA:334,20,0,0
BRDA:334,20,1,0
BRDA:334,21,0,0
BRDA:334,21,1,0
BRDA:345,22,0,0
BRDA:345,22,1,0
BRDA:352,23,0,0
BRDA:352,23,1,0
BRDA:355,24,0,0
BRDA:355,24,1,0
BRDA:359,25,0,0
BRDA:359,25,1,0
BRDA:432,26,0,0
BRDA:432,26,1,0
BRDA:438,27,0,0
BRDA:438,27,1,0
BRDA:448,28,0,0
BRDA:448,28,1,0
BRDA:485,29,0,0
BRDA:485,29,1,0
BRDA:485,30,0,0
BRDA:485,30,1,0
BRDA:489,31,0,0
BRDA:489,31,1,0
BRDA:504,32,0,0
BRDA:504,32,1,0
BRDA:504,33,0,0
BRDA:504,33,1,0
BRDA:506,34,0,0
BRDA:506,34,1,0
BRDA:519,35,0,0
BRDA:519,35,1,0
BRDA:533,36,0,0
BRDA:533,36,1,0
BRDA:538,37,0,0
BRDA:538,37,1,0
BRF:80
BRH:0
end_of_record
TN:
SF:src/screens/events/JoinEventScreen.tsx
FN:26,(anonymous_0)
FN:36,(anonymous_1)
FN:54,(anonymous_2)
FN:75,(anonymous_3)
FN:81,(anonymous_4)
FN:115,(anonymous_5)
FNF:6
FNH:0
FNDA:0,(anonymous_0)
FNDA:0,(anonymous_1)
FNDA:0,(anonymous_2)
FNDA:0,(anonymous_3)
FNDA:0,(anonymous_4)
FNDA:0,(anonymous_5)
DA:26,0
DA:27,0
DA:28,0
DA:29,0
DA:30,0
DA:31,0
DA:32,0
DA:33,0
DA:34,0
DA:36,0
DA:37,0
DA:38,0
DA:39,0
DA:42,0
DA:44,0
DA:45,0
DA:46,0
DA:49,0
DA:50,0
DA:51,0
DA:54,0
DA:55,0
DA:57,0
DA:58,0
DA:59,0
DA:62,0
DA:63,0
DA:64,0
DA:65,0
DA:67,0
DA:68,0
DA:70,0
DA:75,0
DA:76,0
DA:77,0
DA:78,0
DA:81,0
DA:82,0
DA:83,0
DA:94,0
DA:95,0
DA:115,0
DA:139,0
DA:220,0
LF:44
LH:0
BRDA:27,0,0,0
BRDA:27,0,1,0
BRDA:37,1,0,0
BRDA:37,1,1,0
BRDA:44,2,0,0
BRDA:44,2,1,0
BRDA:55,3,0,0
BRDA:55,3,1,0
BRDA:57,4,0,0
BRDA:57,4,1,0
BRDA:57,5,0,0
BRDA:57,5,1,0
BRDA:63,6,0,0
BRDA:63,6,1,0
BRDA:67,7,0,0
BRDA:67,7,1,0
BRDA:70,8,0,0
BRDA:70,8,1,0
BRDA:94,9,0,0
BRDA:94,9,1,0
BRDA:98,10,0,0
BRDA:98,10,1,0
BRDA:142,11,0,0
BRDA:142,11,1,0
BRDA:155,12,0,0
BRDA:155,12,1,0
BRDA:172,13,0,0
BRDA:172,13,1,0
BRDA:181,14,0,0
BRDA:181,14,1,0
BRDA:188,15,0,0
BRDA:188,15,1,0
BRDA:213,16,0,0
BRDA:213,16,1,0
BRF:34
BRH:0
end_of_record
TN:
SF:src/screens/settings/ChangePasswordScreen.tsx
FN:29,(anonymous_0)
FN:36,(anonymous_1)
FN:53,(anonymous_2)
FN:87,(anonymous_3)
FN:104,(anonymous_4)
FNF:5
FNH:0
FNDA:0,(anonymous_0)
FNDA:0,(anonymous_1)
FNDA:0,(anonymous_2)
FNDA:0,(anonymous_3)
FNDA:0,(anonymous_4)
DA:21,0
DA:29,0
DA:36,0
DA:37,0
DA:38,0
DA:39,0
DA:45,0
DA:53,0
DA:54,0
DA:55,0
DA:56,0
DA:58,0
DA:62,0
DA:88,0
DA:105,0
DA:133,0
LF:16
LH:0
BRDA:58,0,0,0
BRDA:58,0,1,0
BRDA:65,1,0,0
BRDA:65,1,1,0
BRF:4
BRH:0
end_of_record
TN:
SF:src/screens/settings/ContactScreen.tsx
FN:19,(anonymous_0)
FN:22,(anonymous_1)
FN:47,(anonymous_2)
FN:55,(anonymous_3)
FNF:4
FNH:0
FNDA:0,(anonymous_0)
FNDA:0,(anonymous_1)
FNDA:0,(anonymous_2)
FNDA:0,(anonymous_3)
DA:16,0
DA:17,0
DA:19,0
DA:20,0
DA:22,0
DA:23,0
DA:24,0
DA:33,0
DA:35,0
DA:36,0
DA:37,0
DA:38,0
DA:40,0
DA:43,0
DA:47,0
DA:48,0
DA:49,0
DA:51,0
DA:55,0
DA:56,0
DA:57,0
DA:58,0
DA:61,0
DA:65,0
DA:135,0
LF:25
LH:0
BRDA:37,0,0,0
BRDA:37,0,1,0
BRDA:56,1,0,0
BRDA:56,1,1,0
BRF:4
BRH:0
end_of_record
TN:
SF:src/screens/settings/NotificationSettingsScreen.tsx
FN:15,(anonymous_0)
FN:25,(anonymous_1)
FNF:2
FNH:0
FNDA:0,(anonymous_0)
FNDA:0,(anonymous_1)
DA:15,0
DA:23,0
DA:25,0
DA:26,0
DA:35,0
DA:128,0
LF:6
LH:0
BRDA:30,0,0,0
BRDA:30,0,1,0
BRF:2
BRH:0
end_of_record
TN:
SF:src/screens/settings/NotificationsScreen.tsx
FN:17,(anonymous_0)
FN:22,(anonymous_1)
FN:42,(anonymous_2)
FN:46,(anonymous_3)
FN:53,(anonymous_4)
FN:54,(anonymous_5)
FN:61,(anonymous_6)
FN:78,(anonymous_7)
FN:96,(anonymous_8)
FN:99,(anonymous_9)
FN:118,(anonymous_10)
FN:133,(anonymous_11)
FNF:12
FNH:0
FNDA:0,(anonymous_0)
FNDA:0,(anonymous_1)
FNDA:0,(anonymous_2)
FNDA:0,(anonymous_3)
FNDA:0,(anonymous_4)
FNDA:0,(anonymous_5)
FNDA:0,(anonymous_6)
FNDA:0,(anonymous_7)
FNDA:0,(anonymous_8)
FNDA:0,(anonymous_9)
FNDA:0,(anonymous_10)
FNDA:0,(anonymous_11)
DA:17,0
DA:18,0
DA:19,0
DA:20,0
DA:22,0
DA:23,0
DA:25,0
DA:26,0
DA:27,0
DA:33,0
DA:34,0
DA:36,0
DA:38,0
DA:42,0
DA:43,0
DA:46,0
DA:47,0
DA:48,0
DA:53,0
DA:54,0
DA:57,0
DA:61,0
DA:62,0
DA:63,0
DA:64,0
DA:66,0
DA:67,0
DA:69,0
DA:70,0
DA:72,0
DA:73,0
DA:75,0
DA:78,0
DA:79,0
DA:80,0
DA:82,0
DA:84,0
DA:86,0
DA:88,0
DA:90,0
DA:92,0
DA:96,0
DA:97,0
DA:99,0
DA:118,0
DA:119,0
DA:128,0
DA:133,0
DA:149,0
LF:49
LH:0
BRDA:23,0,0,0
BRDA:23,0,1,0
BRDA:33,1,0,0
BRDA:33,1,1,0
BRDA:34,2,0,0
BRDA:34,2,1,0
BRDA:54,3,0,0
BRDA:54,3,1,0
BRDA:67,4,0,0
BRDA:67,4,1,0
BRDA:70,5,0,0
BRDA:70,5,1,0
BRDA:73,6,0,0
BRDA:73,6,1,0
BRDA:80,7,0,0
BRDA:80,7,1,0
BRDA:80,7,2,0
BRDA:80,7,3,0
BRDA:80,7,4,0
BRDA:80,7,5,0
BRDA:98,8,0,0
BRDA:98,8,1,0
BRDA:106,9,0,0
BRDA:106,9,1,0
BRDA:114,10,0,0
BRDA:114,10,1,0
BRF:26
BRH:0
end_of_record
TN:
SF:src/screens/settings/PrivacyPolicyScreen.tsx
FN:5,(anonymous_0)
FNF:1
FNH:0
FNDA:0,(anonymous_0)
DA:5,0
DA:6,0
DA:135,0
LF:3
LH:0
BRF:0
BRH:0
end_of_record
TN:
SF:src/screens/settings/ProfileEditScreen.tsx
FN:34,(anonymous_0)
FN:51,(anonymous_1)
FN:61,(anonymous_2)
FN:133,(anonymous_3)
FNF:4
FNH:0
FNDA:0,(anonymous_0)
FNDA:0,(anonymous_1)
FNDA:0,(anonymous_2)
FNDA:0,(anonymous_3)
DA:25,0
DA:34,0
DA:35,0
DA:36,0
DA:37,0
DA:38,0
DA:44,0
DA:51,0
DA:52,0
DA:53,0
DA:54,0
DA:55,0
DA:57,0
DA:61,0
DA:62,0
DA:63,0
DA:64,0
DA:65,0
DA:66,0
DA:69,0
DA:76,0
DA:77,0
DA:78,0
DA:79,0
DA:80,0
DA:82,0
DA:84,0
DA:88,0
DA:92,0
DA:93,0
DA:95,0
DA:134,0
DA:167,0
LF:33
LH:0
BRDA:47,0,0,0
BRDA:47,0,1,0
BRDA:57,1,0,0
BRDA:57,1,1,0
BRDA:64,2,0,0
BRDA:64,2,1,0
BRDA:76,3,0,0
BRDA:76,3,1,0
BRDA:76,4,0,0
BRDA:76,4,1,0
BRDA:82,5,0,0
BRDA:82,5,1,0
BRDA:92,6,0,0
BRDA:92,6,1,0
BRDA:98,7,0,0
BRDA:98,7,1,0
BRDA:111,8,0,0
BRDA:111,8,1,0
BRDA:113,9,0,0
BRDA:113,9,1,0
BRF:20
BRH:0
end_of_record
TN:
SF:src/screens/settings/SettingsScreen.tsx
FN:34,(anonymous_0)
FN:47,(anonymous_1)
FN:80,(anonymous_2)
FN:81,(anonymous_3)
FN:110,(anonymous_4)
FN:111,(anonymous_5)
FN:171,(anonymous_6)
FN:188,(anonymous_7)
FN:201,(anonymous_8)
FN:211,(anonymous_9)
FN:238,(anonymous_10)
FN:248,(anonymous_11)
FN:258,(anonymous_12)
FN:279,(anonymous_13)
FNF:14
FNH:0
FNDA:0,(anonymous_0)
FNDA:0,(anonymous_1)
FNDA:0,(anonymous_2)
FNDA:0,(anonymous_3)
FNDA:0,(anonymous_4)
FNDA:0,(anonymous_5)
FNDA:0,(anonymous_6)
FNDA:0,(anonymous_7)
FNDA:0,(anonymous_8)
FNDA:0,(anonymous_9)
FNDA:0,(anonymous_10)
FNDA:0,(anonymous_11)
FNDA:0,(anonymous_12)
FNDA:0,(anonymous_13)
DA:28,0
DA:34,0
DA:35,0
DA:36,0
DA:37,0
DA:38,0
DA:39,0
DA:42,0
DA:43,0
DA:44,0
DA:45,0
DA:47,0
DA:48,0
DA:50,0
DA:51,0
DA:52,0
DA:53,0
DA:57,0
DA:64,0
DA:65,0
DA:66,0
DA:67,0
DA:68,0
DA:70,0
DA:72,0
DA:76,0
DA:80,0
DA:81,0
DA:82,0
DA:83,0
DA:84,0
DA:86,0
DA:90,0
DA:91,0
DA:92,0
DA:95,0
DA:110,0
DA:111,0
DA:112,0
DA:113,0
DA:114,0
DA:116,0
DA:120,0
DA:121,0
DA:122,0
DA:125,0
DA:140,0
DA:171,0
DA:188,0
DA:202,0
DA:203,0
DA:204,0
DA:211,0
DA:238,0
DA:248,0
DA:258,0
DA:279,0
DA:310,0
LF:58
LH:0
BRDA:42,0,0,0
BRDA:42,0,1,0
BRDA:43,1,0,0
BRDA:43,1,1,0
BRDA:44,2,0,0
BRDA:44,2,1,0
BRDA:51,3,0,0
BRDA:51,3,1,0
BRDA:64,4,0,0
BRDA:64,4,1,0
BRDA:64,5,0,0
BRDA:64,5,1,0
BRDA:70,6,0,0
BRDA:70,6,1,0
BRDA:86,7,0,0
BRDA:86,7,1,0
BRDA:90,8,0,0
BRDA:90,8,1,0
BRDA:91,9,0,0
BRDA:91,9,1,0
BRDA:116,10,0,0
BRDA:116,10,1,0
BRDA:120,11,0,0
BRDA:120,11,1,0
BRDA:121,12,0,0
BRDA:121,12,1,0
BRDA:149,13,0,0
BRDA:149,13,1,0
BRDA:151,14,0,0
BRDA:151,14,1,0
BRDA:209,15,0,0
BRDA:209,15,1,0
BRDA:215,16,0,0
BRDA:215,16,1,0
BRDA:220,17,0,0
BRDA:220,17,1,0
BRF:36
BRH:0
end_of_record
TN:
SF:src/screens/settings/TermsOfServiceScreen.tsx
FN:5,(anonymous_0)
FNF:1
FNH:0
FNDA:0,(anonymous_0)
DA:5,0
DA:6,0
DA:119,0
LF:3
LH:0
BRF:0
BRH:0
end_of_record
TN:
SF:src/services/notificationService.ts
FN:8,(anonymous_0)
FN:19,(anonymous_1)
FN:37,(anonymous_2)
FN:75,(anonymous_3)
FN:92,(anonymous_4)
FN:98,(anonymous_5)
FN:110,(anonymous_6)
FN:116,(anonymous_7)
FN:122,(anonymous_8)
FN:141,(anonymous_9)
FN:161,(anonymous_10)
FNF:11
FNH:0
FNDA:0,(anonymous_0)
FNDA:0,(anonymous_1)
FNDA:0,(anonymous_2)
FNDA:0,(anonymous_3)
FNDA:0,(anonymous_4)
FNDA:0,(anonymous_5)
FNDA:0,(anonymous_6)
FNDA:0,(anonymous_7)
FNDA:0,(anonymous_8)
FNDA:0,(anonymous_9)
FNDA:0,(anonymous_10)
DA:7,0
DA:8,0
DA:17,0
DA:20,0
DA:22,0
DA:25,0
DA:26,0
DA:28,0
DA:29,0
DA:30,0
DA:33,0
DA:41,0
DA:42,0
DA:45,0
DA:46,0
DA:47,0
DA:50,0
DA:51,0
DA:54,0
DA:67,0
DA:69,0
DA:70,0
DA:79,0
DA:81,0
DA:82,0
DA:83,0
DA:84,0
DA:88,0
DA:93,0
DA:94,0
DA:99,0
DA:101,0
DA:102,0
DA:103,0
DA:104,0
DA:111,0
DA:112,0
DA:117,0
DA:118,0
DA:127,0
DA:129,0
DA:142,0
DA:144,0
DA:145,0
DA:146,0
DA:147,0
DA:148,0
DA:150,0
DA:153,0
DA:155,0
DA:156,0
DA:162,0
DA:163,0
DA:164,0
DA:165,0
DA:167,0
LF:56
LH:0
BRDA:20,0,0,0
BRDA:20,0,1,0
BRDA:28,1,0,0
BRDA:28,1,1,0
BRDA:39,2,0,0
BRDA:41,3,0,0
BRDA:41,3,1,0
BRDA:50,4,0,0
BRDA:50,4,1,0
BRDA:77,5,0,0
BRDA:83,6,0,0
BRDA:83,6,1,0
BRDA:93,7,0,0
BRDA:93,7,1,0
BRDA:99,8,0,0
BRDA:99,8,1,0
BRDA:103,9,0,0
BRDA:103,9,1,0
BRDA:111,10,0,0
BRDA:111,10,1,0
BRDA:117,11,0,0
BRDA:117,11,1,0
BRDA:127,12,0,0
BRDA:127,12,1,0
BRDA:142,13,0,0
BRDA:142,13,1,0
BRDA:146,14,0,0
BRDA:146,14,1,0
BRDA:162,15,0,0
BRDA:162,15,1,0
BRDA:164,16,0,0
BRDA:164,16,1,0
BRF:32
BRH:0
end_of_record
TN:
SF:src/services/supabase.ts
FN:11,(anonymous_0)
FN:17,(anonymous_1)
FN:22,(anonymous_2)
FN:31,(anonymous_3)
FN:38,(anonymous_4)
FN:45,(anonymous_5)
FN:67,(anonymous_6)
FNF:7
FNH:0
FNDA:0,(anonymous_0)
FNDA:0,(anonymous_1)
FNDA:0,(anonymous_2)
FNDA:0,(anonymous_3)
FNDA:0,(anonymous_4)
FNDA:0,(anonymous_5)
FNDA:0,(anonymous_6)
DA:6,0
DA:7,0
DA:10,0
DA:12,0
DA:13,0
DA:15,0
DA:18,0
DA:19,0
DA:23,0
DA:24,0
DA:30,0
DA:32,0
DA:33,0
DA:35,0
DA:39,0
DA:40,0
DA:42,0
DA:46,0
DA:47,0
DA:49,0
DA:55,0
DA:57,0
DA:67,0
DA:68,0
LF:24
LH:0
BRDA:6,0,0,0
BRDA:6,0,1,0
BRDA:7,1,0,0
BRDA:7,1,1,0
BRDA:12,2,0,0
BRDA:12,2,1,0
BRDA:12,3,0,0
BRDA:12,3,1,0
BRDA:18,4,0,0
BRDA:18,4,1,0
BRDA:18,5,0,0
BRDA:18,5,1,0
BRDA:23,6,0,0
BRDA:23,6,1,0
BRDA:23,7,0,0
BRDA:23,7,1,0
BRDA:42,8,0,0
BRDA:42,8,1,0
BRDA:49,9,0,0
BRDA:49,9,1,0
BRDA:55,10,0,0
BRDA:55,10,1,0
BRDA:68,11,0,0
BRDA:68,11,1,0
BRF:24
BRH:0
end_of_record
TN:
SF:src/stores/authStore.ts
FN:8,(anonymous_0)
FN:19,(anonymous_1)
FN:20,(anonymous_2)
FN:44,(anonymous_3)
FN:52,(anonymous_4)
FN:89,(anonymous_5)
FN:116,(anonymous_6)
FN:144,(anonymous_7)
FN:190,(anonymous_8)
FN:204,(anonymous_9)
FN:221,(anonymous_10)
FN:244,(anonymous_11)
FN:296,(anonymous_12)
FN:321,(anonymous_13)
FN:352,(anonymous_14)
FN:353,(anonymous_15)
FNF:16
FNH:0
FNDA:0,(anonymous_0)
FNDA:0,(anonymous_1)
FNDA:0,(anonymous_2)
FNDA:0,(anonymous_3)
FNDA:0,(anonymous_4)
FNDA:0,(anonymous_5)
FNDA:0,(anonymous_6)
FNDA:0,(anonymous_7)
FNDA:0,(anonymous_8)
FNDA:0,(anonymous_9)
FNDA:0,(anonymous_10)
FNDA:0,(anonymous_11)
FNDA:0,(anonymous_12)
FNDA:0,(anonymous_13)
FNDA:0,(anonymous_14)
FNDA:0,(anonymous_15)
DA:8,0
DA:9,0
DA:11,0
DA:16,0
DA:19,0
DA:20,0
DA:44,0
DA:53,0
DA:54,0
DA:57,0
DA:59,0
DA:61,0
DA:63,0
DA:69,0
DA:70,0
DA:73,0
DA:80,0
DA:89,0
DA:90,0
DA:92,0
DA:94,0
DA:95,0
DA:96,0
DA:102,0
DA:103,0
DA:104,0
DA:108,0
DA:117,0
DA:118,0
DA:122,0
DA:133,0
DA:137,0
DA:139,0
DA:140,0
DA:145,0
DA:146,0
DA:148,0
DA:150,0
DA:155,0
DA:157,0
DA:159,0
DA:160,0
DA:163,0
DA:169,0
DA:171,0
DA:172,0
DA:175,0
DA:181,0
DA:184,0
DA:185,0
DA:186,0
DA:191,0
DA:192,0
DA:194,0
DA:195,0
DA:197,0
DA:199,0
DA:200,0
DA:205,0
DA:206,0
DA:208,0
DA:212,0
DA:214,0
DA:216,0
DA:217,0
DA:222,0
DA:223,0
DA:224,0
DA:226,0
DA:228,0
DA:235,0
DA:237,0
DA:239,0
DA:240,0
DA:245,0
DA:246,0
DA:247,0
DA:249,0
DA:252,0
DA:253,0
DA:254,0
DA:257,0
DA:258,0
DA:261,0
DA:269,0
DA:272,0
DA:276,0
DA:279,0
DA:286,0
DA:288,0
DA:290,0
DA:291,0
DA:292,0
DA:297,0
DA:298,0
DA:300,0
DA:304,0
DA:307,0
DA:309,0
DA:316,0
DA:317,0
DA:322,0
DA:323,0
DA:324,0
DA:326,0
DA:331,0
DA:336,0
DA:339,0
DA:341,0
DA:347,0
DA:348,0
DA:352,0
DA:353,0
LF:113
LH:0
BRDA:8,0,0,0
BRDA:9,1,0,0
BRDA:9,1,1,0
BRDA:11,2,0,0
BRDA:11,2,1,0
BRDA:59,3,0,0
BRDA:59,3,1,0
BRDA:61,4,0,0
BRDA:61,4,1,0
BRDA:69,5,0,0
BRDA:69,5,1,0
BRDA:69,6,0,0
BRDA:69,6,1,0
BRDA:75,7,0,0
BRDA:75,7,1,0
BRDA:92,8,0,0
BRDA:92,8,1,0
BRDA:95,9,0,0
BRDA:95,9,1,0
BRDA:95,10,0,0
BRDA:95,10,1,0
BRDA:102,11,0,0
BRDA:102,11,1,0
BRDA:103,12,0,0
BRDA:103,12,1,0
BRDA:133,13,0,0
BRDA:133,13,1,0
BRDA:157,14,0,0
BRDA:157,14,1,0
BRDA:159,15,0,0
BRDA:159,15,1,0
BRDA:171,16,0,0
BRDA:171,16,1,0
BRDA:171,17,0,0
BRDA:171,17,1,0
BRDA:176,18,0,0
BRDA:176,18,1,0
BRDA:195,19,0,0
BRDA:195,19,1,0
BRDA:212,20,0,0
BRDA:212,20,1,0
BRDA:224,21,0,0
BRDA:224,21,1,0
BRDA:235,22,0,0
BRDA:235,22,1,0
BRDA:247,23,0,0
BRDA:247,23,1,0
BRDA:252,24,0,0
BRDA:252,24,1,0
BRDA:269,25,0,0
BRDA:269,25,1,0
BRDA:286,26,0,0
BRDA:286,26,1,0
BRDA:304,27,0,0
BRDA:304,27,1,0
BRDA:324,28,0,0
BRDA:324,28,1,0
BRDA:336,29,0,0
BRDA:336,29,1,0
BRF:59
BRH:0
end_of_record
TN:
SF:src/stores/eventStore.ts
FN:61,(anonymous_0)
FN:70,(anonymous_1)
FN:77,(anonymous_2)
FN:101,(anonymous_3)
FN:117,(anonymous_4)
FN:125,(anonymous_5)
FN:143,(anonymous_6)
FN:188,(anonymous_7)
FN:201,(anonymous_8)
FN:212,(anonymous_9)
FN:213,(anonymous_10)
FN:225,(anonymous_11)
FN:245,(anonymous_12)
FN:246,(anonymous_13)
FN:256,(anonymous_14)
FN:260,(anonymous_15)
FN:281,(anonymous_16)
FN:352,(anonymous_17)
FN:373,(anonymous_18)
FN:396,(anonymous_19)
FN:432,(anonymous_20)
FN:442,(anonymous_21)
FN:453,(anonymous_22)
FN:454,(anonymous_23)
FN:465,(anonymous_24)
FN:476,(anonymous_25)
FN:477,(anonymous_26)
FN:486,(anonymous_27)
FN:497,(anonymous_28)
FN:498,(anonymous_29)
FN:509,(anonymous_30)
FN:525,(anonymous_31)
FN:526,(anonymous_32)
FN:537,(anonymous_33)
FN:548,(anonymous_34)
FN:549,(anonymous_35)
FN:560,(anonymous_36)
FN:574,(anonymous_37)
FN:575,(anonymous_38)
FN:592,(anonymous_39)
FN:596,(anonymous_40)
FN:611,(anonymous_41)
FN:666,(anonymous_42)
FN:678,(anonymous_43)
FN:693,(anonymous_44)
FN:694,(anonymous_45)
FN:707,(anonymous_46)
FN:725,(anonymous_47)
FN:726,(anonymous_48)
FN:739,(anonymous_49)
FN:765,(anonymous_50)
FN:766,(anonymous_51)
FNF:52
FNH:0
FNDA:0,(anonymous_0)
FNDA:0,(anonymous_1)
FNDA:0,(anonymous_2)
FNDA:0,(anonymous_3)
FNDA:0,(anonymous_4)
FNDA:0,(anonymous_5)
FNDA:0,(anonymous_6)
FNDA:0,(anonymous_7)
FNDA:0,(anonymous_8)
FNDA:0,(anonymous_9)
FNDA:0,(anonymous_10)
FNDA:0,(anonymous_11)
FNDA:0,(anonymous_12)
FNDA:0,(anonymous_13)
FNDA:0,(anonymous_14)
FNDA:0,(anonymous_15)
FNDA:0,(anonymous_16)
FNDA:0,(anonymous_17)
FNDA:0,(anonymous_18)
FNDA:0,(anonymous_19)
FNDA:0,(anonymous_20)
FNDA:0,(anonymous_21)
FNDA:0,(anonymous_22)
FNDA:0,(anonymous_23)
FNDA:0,(anonymous_24)
FNDA:0,(anonymous_25)
FNDA:0,(anonymous_26)
FNDA:0,(anonymous_27)
FNDA:0,(anonymous_28)
FNDA:0,(anonymous_29)
FNDA:0,(anonymous_30)
FNDA:0,(anonymous_31)
FNDA:0,(anonymous_32)
FNDA:0,(anonymous_33)
FNDA:0,(anonymous_34)
FNDA:0,(anonymous_35)
FNDA:0,(anonymous_36)
FNDA:0,(anonymous_37)
FNDA:0,(anonymous_38)
FNDA:0,(anonymous_39)
FNDA:0,(anonymous_40)
FNDA:0,(anonymous_41)
FNDA:0,(anonymous_42)
FNDA:0,(anonymous_43)
FNDA:0,(anonymous_44)
FNDA:0,(anonymous_45)
FNDA:0,(anonymous_46)
FNDA:0,(anonymous_47)
FNDA:0,(anonymous_48)
FNDA:0,(anonymous_49)
FNDA:0,(anonymous_50)
FNDA:0,(anonymous_51)
DA:61,0
DA:62,0
DA:63,0
DA:64,0
DA:65,0
DA:67,0
DA:70,0
DA:78,0
DA:79,0
DA:81,0
DA:82,0
DA:85,0
DA:91,0
DA:94,0
DA:99,0
DA:101,0
DA:103,0
DA:104,0
DA:105,0
DA:112,0
DA:113,0
DA:116,0
DA:117,0
DA:119,0
DA:121,0
DA:126,0
DA:127,0
DA:129,0
DA:135,0
DA:137,0
DA:139,0
DA:144,0
DA:145,0
DA:147,0
DA:149,0
DA:150,0
DA:151,0
DA:153,0
DA:154,0
DA:157,0
DA:159,0
DA:176,0
DA:178,0
DA:184,0
DA:186,0
DA:188,0
DA:193,0
DA:195,0
DA:196,0
DA:197,0
DA:202,0
DA:203,0
DA:205,0
DA:210,0
DA:212,0
DA:213,0
DA:220,0
DA:221,0
DA:226,0
DA:227,0
DA:230,0
DA:235,0
DA:238,0
DA:243,0
DA:245,0
DA:246,0
DA:251,0
DA:252,0
DA:257,0
DA:261,0
DA:262,0
DA:264,0
DA:273,0
DA:275,0
DA:277,0
DA:282,0
DA:283,0
DA:285,0
DA:286,0
DA:289,0
DA:295,0
DA:298,0
DA:299,0
DA:300,0
DA:302,0
DA:303,0
DA:304,0
DA:309,0
DA:316,0
DA:317,0
DA:321,0
DA:322,0
DA:328,0
DA:329,0
DA:333,0
DA:342,0
DA:344,0
DA:345,0
DA:347,0
DA:348,0
DA:353,0
DA:354,0
DA:356,0
DA:362,0
DA:363,0
DA:366,0
DA:368,0
DA:369,0
DA:374,0
DA:375,0
DA:377,0
DA:378,0
DA:380,0
DA:386,0
DA:388,0
DA:389,0
DA:391,0
DA:392,0
DA:397,0
DA:398,0
DA:400,0
DA:401,0
DA:404,0
DA:410,0
DA:411,0
DA:415,0
DA:430,0
DA:432,0
DA:437,0
DA:438,0
DA:443,0
DA:444,0
DA:446,0
DA:451,0
DA:453,0
DA:455,0
DA:460,0
DA:461,0
DA:466,0
DA:467,0
DA:469,0
DA:474,0
DA:476,0
DA:477,0
DA:481,0
DA:482,0
DA:487,0
DA:488,0
DA:490,0
DA:495,0
DA:497,0
DA:499,0
DA:504,0
DA:505,0
DA:510,0
DA:511,0
DA:513,0
DA:514,0
DA:515,0
DA:518,0
DA:523,0
DA:525,0
DA:527,0
DA:532,0
DA:533,0
DA:538,0
DA:539,0
DA:541,0
DA:546,0
DA:548,0
DA:550,0
DA:555,0
DA:556,0
DA:561,0
DA:562,0
DA:564,0
DA:572,0
DA:574,0
DA:576,0
DA:587,0
DA:588,0
DA:593,0
DA:597,0
DA:598,0
DA:601,0
DA:607,0
DA:608,0
DA:611,0
DA:612,0
DA:613,0
DA:614,0
DA:615,0
DA:617,0
DA:621,0
DA:622,0
DA:623,0
DA:626,0
DA:627,0
DA:629,0
DA:646,0
DA:652,0
DA:655,0
DA:664,0
DA:666,0
DA:671,0
DA:673,0
DA:674,0
DA:679,0
DA:680,0
DA:682,0
DA:690,0
DA:693,0
DA:695,0
DA:702,0
DA:703,0
DA:708,0
DA:709,0
DA:711,0
DA:714,0
DA:722,0
DA:725,0
DA:727,0
DA:734,0
DA:735,0
DA:740,0
DA:741,0
DA:743,0
DA:749,0
DA:751,0
DA:752,0
DA:755,0
DA:760,0
DA:761,0
DA:765,0
DA:766,0
LF:235
LH:0
BRDA:82,0,0,0
BRDA:82,0,1,0
BRDA:91,1,0,0
BRDA:91,1,1,0
BRDA:99,2,0,0
BRDA:99,2,1,0
BRDA:101,3,0,0
BRDA:101,3,1,0
BRDA:104,4,0,0
BRDA:104,4,1,0
BRDA:112,5,0,0
BRDA:112,5,1,0
BRDA:113,6,0,0
BRDA:113,6,1,0
BRDA:116,7,0,0
BRDA:116,7,1,0
BRDA:135,8,0,0
BRDA:135,8,1,0
BRDA:151,9,0,0
BRDA:151,9,1,0
BRDA:157,10,0,0
BRDA:157,10,1,0
BRDA:162,11,0,0
BRDA:162,11,1,0
BRDA:166,12,0,0
BRDA:166,12,1,0
BRDA:169,13,0,0
BRDA:169,13,1,0
BRDA:173,14,0,0
BRDA:173,14,1,0
BRDA:174,15,0,0
BRDA:174,15,1,0
BRDA:186,16,0,0
BRDA:186,16,1,0
BRDA:210,17,0,0
BRDA:210,17,1,0
BRDA:213,18,0,0
BRDA:213,18,1,0
BRDA:214,19,0,0
BRDA:214,19,1,0
BRDA:235,20,0,0
BRDA:235,20,1,0
BRDA:243,21,0,0
BRDA:243,21,1,0
BRDA:247,22,0,0
BRDA:247,22,1,0
BRDA:273,23,0,0
BRDA:273,23,1,0
BRDA:275,24,0,0
BRDA:275,24,1,0
BRDA:286,25,0,0
BRDA:286,25,1,0
BRDA:295,26,0,0
BRDA:295,26,1,0
BRDA:298,27,0,0
BRDA:298,27,1,0
BRDA:299,28,0,0
BRDA:299,28,1,0
BRDA:303,29,0,0
BRDA:303,29,1,0
BRDA:316,30,0,0
BRDA:316,30,1,0
BRDA:321,31,0,0
BRDA:321,31,1,0
BRDA:328,32,0,0
BRDA:328,32,1,0
BRDA:328,33,0,0
BRDA:328,33,1,0
BRDA:342,34,0,0
BRDA:342,34,1,0
BRDA:362,35,0,0
BRDA:362,35,1,0
BRDA:362,36,0,0
BRDA:362,36,1,0
BRDA:378,37,0,0
BRDA:378,37,1,0
BRDA:386,38,0,0
BRDA:386,38,1,0
BRDA:401,39,0,0
BRDA:401,39,1,0
BRDA:410,40,0,0
BRDA:410,40,1,0
BRDA:410,41,0,0
BRDA:410,41,1,0
BRDA:421,42,0,0
BRDA:421,42,1,0
BRDA:422,43,0,0
BRDA:422,43,1,0
BRDA:423,44,0,0
BRDA:423,44,1,0
BRDA:424,45,0,0
BRDA:424,45,1,0
BRDA:430,46,0,0
BRDA:430,46,1,0
BRDA:451,47,0,0
BRDA:451,47,1,0
BRDA:455,48,0,0
BRDA:455,48,1,0
BRDA:474,49,0,0
BRDA:474,49,1,0
BRDA:495,50,0,0
BRDA:495,50,1,0
BRDA:499,51,0,0
BRDA:499,51,1,0
BRDA:514,52,0,0
BRDA:514,52,1,0
BRDA:523,53,0,0
BRDA:523,53,1,0
BRDA:527,54,0,0
BRDA:527,54,1,0
BRDA:546,55,0,0
BRDA:546,55,1,0
BRDA:550,56,0,0
BRDA:550,56,1,0
BRDA:572,57,0,0
BRDA:572,57,1,0
BRDA:576,58,0,0
BRDA:576,58,1,0
BRDA:607,59,0,0
BRDA:607,59,1,0
BRDA:608,60,0,0
BRDA:608,60,1,0
BRDA:652,61,0,0
BRDA:652,61,1,0
BRDA:664,62,0,0
BRDA:664,62,1,0
BRDA:690,63,0,0
BRDA:690,63,1,0
BRDA:695,64,0,0
BRDA:695,64,1,0
BRDA:722,65,0,0
BRDA:722,65,1,0
BRDA:727,66,0,0
BRDA:727,66,1,0
BRDA:751,67,0,0
BRDA:751,67,1,0
BRDA:751,68,0,0
BRDA:751,68,1,0
BRF:138
BRH:0
end_of_record
TN:
SF:src/stores/matchStore.ts
FN:55,(anonymous_0)
FN:92,(anonymous_1)
FN:156,(anonymous_2)
FN:163,(anonymous_3)
FN:187,(anonymous_4)
FN:215,(anonymous_5)
FN:239,(anonymous_6)
FN:258,(anonymous_7)
FN:278,(anonymous_8)
FN:297,(anonymous_9)
FN:304,(anonymous_10)
FN:305,(anonymous_11)
FN:337,(anonymous_12)
FN:343,(anonymous_13)
FN:344,(anonymous_14)
FN:373,(anonymous_15)
FN:384,(anonymous_16)
FN:471,(anonymous_17)
FN:479,(anonymous_18)
FN:510,(anonymous_19)
FN:532,(anonymous_20)
FN:537,(anonymous_21)
FN:577,(anonymous_22)
FN:587,(anonymous_23)
FN:599,(anonymous_24)
FN:609,(anonymous_25)
FN:621,(anonymous_26)
FN:641,(anonymous_27)
FN:647,(anonymous_28)
FN:652,(anonymous_29)
FN:717,(anonymous_30)
FN:723,(anonymous_31)
FN:730,(anonymous_32)
FN:768,(anonymous_33)
FNF:34
FNH:0
FNDA:0,(anonymous_0)
FNDA:0,(anonymous_1)
FNDA:0,(anonymous_2)
FNDA:0,(anonymous_3)
FNDA:0,(anonymous_4)
FNDA:0,(anonymous_5)
FNDA:0,(anonymous_6)
FNDA:0,(anonymous_7)
FNDA:0,(anonymous_8)
FNDA:0,(anonymous_9)
FNDA:0,(anonymous_10)
FNDA:0,(anonymous_11)
FNDA:0,(anonymous_12)
FNDA:0,(anonymous_13)
FNDA:0,(anonymous_14)
FNDA:0,(anonymous_15)
FNDA:0,(anonymous_16)
FNDA:0,(anonymous_17)
FNDA:0,(anonymous_18)
FNDA:0,(anonymous_19)
FNDA:0,(anonymous_20)
FNDA:0,(anonymous_21)
FNDA:0,(anonymous_22)
FNDA:0,(anonymous_23)
FNDA:0,(anonymous_24)
FNDA:0,(anonymous_25)
FNDA:0,(anonymous_26)
FNDA:0,(anonymous_27)
FNDA:0,(anonymous_28)
FNDA:0,(anonymous_29)
FNDA:0,(anonymous_30)
FNDA:0,(anonymous_31)
FNDA:0,(anonymous_32)
FNDA:0,(anonymous_33)
DA:55,0
DA:56,0
DA:57,0
DA:60,0
DA:61,0
DA:62,0
DA:65,0
DA:66,0
DA:68,0
DA:69,0
DA:71,0
DA:72,0
DA:73,0
DA:75,0
DA:76,0
DA:80,0
DA:83,0
DA:84,0
DA:87,0
DA:92,0
DA:93,0
DA:95,0
DA:96,0
DA:99,0
DA:101,0
DA:102,0
DA:105,0
DA:106,0
DA:107,0
DA:109,0
DA:110,0
DA:111,0
DA:113,0
DA:114,0
DA:115,0
DA:117,0
DA:118,0
DA:119,0
DA:120,0
DA:122,0
DA:128,0
DA:132,0
DA:133,0
DA:135,0
DA:136,0
DA:140,0
DA:141,0
DA:142,0
DA:143,0
DA:149,0
DA:153,0
DA:156,0
DA:164,0
DA:165,0
DA:166,0
DA:177,0
DA:179,0
DA:180,0
DA:182,0
DA:183,0
DA:188,0
DA:189,0
DA:190,0
DA:198,0
DA:200,0
DA:203,0
DA:204,0
DA:205,0
DA:206,0
DA:210,0
DA:211,0
DA:216,0
DA:217,0
DA:219,0
DA:222,0
DA:225,0
DA:230,0
DA:232,0
DA:234,0
DA:235,0
DA:240,0
DA:241,0
DA:243,0
DA:249,0
DA:252,0
DA:258,0
DA:259,0
DA:260,0
DA:261,0
DA:262,0
DA:270,0
DA:275,0
DA:278,0
DA:283,0
DA:287,0
DA:289,0
DA:290,0
DA:292,0
DA:293,0
DA:298,0
DA:299,0
DA:300,0
DA:301,0
DA:303,0
DA:304,0
DA:305,0
DA:306,0
DA:317,0
DA:321,0
DA:322,0
DA:326,0
DA:329,0
DA:330,0
DA:332,0
DA:333,0
DA:338,0
DA:339,0
DA:340,0
DA:341,0
DA:343,0
DA:344,0
DA:345,0
DA:357,0
DA:358,0
DA:362,0
DA:365,0
DA:366,0
DA:368,0
DA:369,0
DA:374,0
DA:375,0
DA:376,0
DA:379,0
DA:380,0
DA:381,0
DA:384,0
DA:387,0
DA:388,0
DA:389,0
DA:391,0
DA:392,0
DA:393,0
DA:405,0
DA:408,0
DA:409,0
DA:410,0
DA:411,0
DA:412,0
DA:413,0
DA:423,0
DA:428,0
DA:429,0
DA:430,0
DA:431,0
DA:432,0
DA:445,0
DA:455,0
DA:456,0
DA:460,0
DA:463,0
DA:464,0
DA:466,0
DA:467,0
DA:472,0
DA:473,0
DA:476,0
DA:479,0
DA:481,0
DA:482,0
DA:483,0
DA:494,0
DA:495,0
DA:499,0
DA:502,0
DA:503,0
DA:505,0
DA:506,0
DA:511,0
DA:512,0
DA:523,0
DA:525,0
DA:527,0
DA:528,0
DA:533,0
DA:534,0
DA:536,0
DA:537,0
DA:539,0
DA:540,0
DA:541,0
DA:542,0
DA:543,0
DA:547,0
DA:557,0
DA:560,0
DA:561,0
DA:564,0
DA:565,0
DA:566,0
DA:570,0
DA:572,0
DA:573,0
DA:578,0
DA:579,0
DA:580,0
DA:585,0
DA:587,0
DA:588,0
DA:589,0
DA:592,0
DA:594,0
DA:595,0
DA:600,0
DA:601,0
DA:602,0
DA:607,0
DA:609,0
DA:610,0
DA:611,0
DA:614,0
DA:616,0
DA:617,0
DA:622,0
DA:623,0
DA:632,0
DA:634,0
DA:636,0
DA:637,0
DA:642,0
DA:643,0
DA:644,0
DA:645,0
DA:647,0
DA:650,0
DA:652,0
DA:653,0
DA:656,0
DA:657,0
DA:670,0
DA:671,0
DA:683,0
DA:684,0
DA:686,0
DA:687,0
DA:689,0
DA:690,0
DA:692,0
DA:693,0
DA:694,0
DA:695,0
DA:697,0
DA:698,0
DA:700,0
DA:701,0
DA:702,0
DA:703,0
DA:704,0
DA:705,0
DA:706,0
DA:707,0
DA:709,0
DA:710,0
DA:711,0
DA:712,0
DA:717,0
DA:723,0
DA:724,0
DA:725,0
DA:726,0
DA:730,0
DA:746,0
DA:752,0
DA:753,0
DA:757,0
DA:760,0
DA:761,0
DA:763,0
DA:764,0
DA:769,0
LF:279
LH:0
BRDA:57,0,0,0
BRDA:57,0,1,0
BRDA:61,1,0,0
BRDA:61,1,1,0
BRDA:75,2,0,0
BRDA:75,2,1,0
BRDA:75,3,0,0
BRDA:75,3,1,0
BRDA:92,4,0,0
BRDA:117,5,0,0
BRDA:117,5,1,0
BRDA:119,6,0,0
BRDA:119,6,1,0
BRDA:132,7,0,0
BRDA:132,7,1,0
BRDA:140,8,0,0
BRDA:140,8,1,0
BRDA:140,9,0,0
BRDA:140,9,1,0
BRDA:142,10,0,0
BRDA:142,10,1,0
BRDA:177,11,0,0
BRDA:177,11,1,0
BRDA:198,12,0,0
BRDA:198,12,1,0
BRDA:203,13,0,0
BRDA:203,13,1,0
BRDA:205,14,0,0
BRDA:205,14,1,0
BRDA:230,15,0,0
BRDA:230,15,1,0
BRDA:249,16,0,0
BRDA:249,16,1,0
BRDA:258,17,0,0
BRDA:258,17,1,0
BRDA:260,18,0,0
BRDA:260,18,1,0
BRDA:261,19,0,0
BRDA:261,19,1,0
BRDA:261,19,2,0
BRDA:275,20,0,0
BRDA:275,20,1,0
BRDA:278,21,0,0
BRDA:278,21,1,0
BRDA:287,22,0,0
BRDA:287,22,1,0
BRDA:290,23,0,0
BRDA:290,23,1,0
BRDA:312,24,0,0
BRDA:312,24,1,0
BRDA:321,25,0,0
BRDA:321,25,1,0
BRDA:326,26,0,0
BRDA:326,26,1,0
BRDA:349,27,0,0
BRDA:349,27,1,0
BRDA:349,28,0,0
BRDA:349,28,1,0
BRDA:349,28,2,0
BRDA:350,29,0,0
BRDA:350,29,1,0
BRDA:350,30,0,0
BRDA:350,30,1,0
BRDA:350,30,2,0
BRDA:357,31,0,0
BRDA:357,31,1,0
BRDA:362,32,0,0
BRDA:362,32,1,0
BRDA:392,33,0,0
BRDA:392,33,1,0
BRDA:455,34,0,0
BRDA:455,34,1,0
BRDA:460,35,0,0
BRDA:460,35,1,0
BRDA:482,36,0,0
BRDA:482,36,1,0
BRDA:494,37,0,0
BRDA:494,37,1,0
BRDA:499,38,0,0
BRDA:499,38,1,0
BRDA:523,39,0,0
BRDA:523,39,1,0
BRDA:525,40,0,0
BRDA:525,40,1,0
BRDA:539,41,0,0
BRDA:539,41,1,0
BRDA:540,42,0,0
BRDA:540,42,1,0
BRDA:542,43,0,0
BRDA:542,43,1,0
BRDA:557,44,0,0
BRDA:557,44,1,0
BRDA:560,45,0,0
BRDA:560,45,1,0
BRDA:565,46,0,0
BRDA:565,46,1,0
BRDA:585,47,0,0
BRDA:585,47,1,0
BRDA:588,48,0,0
BRDA:588,48,1,0
BRDA:607,49,0,0
BRDA:607,49,1,0
BRDA:610,50,0,0
BRDA:610,50,1,0
BRDA:632,51,0,0
BRDA:632,51,1,0
BRDA:634,52,0,0
BRDA:634,52,1,0
BRDA:645,53,0,0
BRDA:645,53,1,0
BRDA:653,54,0,0
BRDA:653,54,1,0
BRDA:653,55,0,0
BRDA:653,55,1,0
BRDA:656,56,0,0
BRDA:656,56,1,0
BRDA:670,57,0,0
BRDA:670,57,1,0
BRDA:686,58,0,0
BRDA:686,58,1,0
BRDA:687,59,0,0
BRDA:687,59,1,0
BRDA:697,60,0,0
BRDA:697,60,1,0
BRDA:698,61,0,0
BRDA:698,61,1,0
BRDA:700,62,0,0
BRDA:700,62,1,0
BRDA:704,63,0,0
BRDA:704,63,1,0
BRDA:724,64,0,0
BRDA:724,64,1,0
BRDA:725,65,0,0
BRDA:725,65,1,0
BRDA:752,66,0,0
BRDA:752,66,1,0
BRDA:757,67,0,0
BRDA:757,67,1,0
BRF:138
BRH:0
end_of_record
TN:
SF:src/stores/settingsStore.ts
FN:41,(anonymous_0)
FN:48,(anonymous_1)
FN:53,(anonymous_2)
FN:54,(anonymous_3)
FN:58,(anonymous_4)
FN:59,(anonymous_5)
FN:66,(anonymous_6)
FN:67,(anonymous_7)
FN:74,(anonymous_8)
FN:75,(anonymous_9)
FN:82,(anonymous_10)
FN:83,(anonymous_11)
FN:90,(anonymous_12)
FN:91,(anonymous_13)
FN:98,(anonymous_14)
FN:99,(anonymous_15)
FN:109,(anonymous_16)
FN:110,(anonymous_17)
FN:119,(anonymous_18)
FN:124,(anonymous_19)
FN:128,(anonymous_20)
FN:128,(anonymous_21)
FNF:22
FNH:0
FNDA:0,(anonymous_0)
FNDA:0,(anonymous_1)
FNDA:0,(anonymous_2)
FNDA:0,(anonymous_3)
FNDA:0,(anonymous_4)
FNDA:0,(anonymous_5)
FNDA:0,(anonymous_6)
FNDA:0,(anonymous_7)
FNDA:0,(anonymous_8)
FNDA:0,(anonymous_9)
FNDA:0,(anonymous_10)
FNDA:0,(anonymous_11)
FNDA:0,(anonymous_12)
FNDA:0,(anonymous_13)
FNDA:0,(anonymous_14)
FNDA:0,(anonymous_15)
FNDA:0,(anonymous_16)
FNDA:0,(anonymous_17)
FNDA:0,(anonymous_18)
FNDA:0,(anonymous_19)
FNDA:0,(anonymous_20)
FNDA:0,(anonymous_21)
DA:32,0
DA:41,0
DA:42,0
DA:43,0
DA:46,0
DA:48,0
DA:54,0
DA:59,0
DA:67,0
DA:75,0
DA:83,0
DA:91,0
DA:99,0
DA:101,0
DA:102,0
DA:104,0
DA:106,0
DA:110,0
DA:111,0
DA:112,0
DA:114,0
DA:120,0
DA:124,0
DA:128,0
DA:129,0
DA:131,0
DA:132,0
DA:134,0
LF:28
LH:0
BRDA:101,0,0,0
BRDA:101,0,1,0
BRDA:111,1,0,0
BRDA:111,1,1,0
BRDA:120,2,0,0
BRDA:120,2,1,0
BRDA:129,3,0,0
BRDA:129,3,1,0
BRDA:131,4,0,0
BRDA:131,4,1,0
BRF:10
BRH:0
end_of_record
TN:
SF:src/stores/teamStore.ts
FN:48,(anonymous_0)
FN:54,(anonymous_1)
FN:64,(anonymous_2)
FN:69,(anonymous_3)
FN:84,(anonymous_4)
FN:100,(anonymous_5)
FN:105,(anonymous_6)
FN:132,(anonymous_7)
FN:161,(anonymous_8)
FN:171,(anonymous_9)
FN:172,(anonymous_10)
FN:183,(anonymous_11)
FN:199,(anonymous_12)
FN:200,(anonymous_13)
FN:209,(anonymous_14)
FN:219,(anonymous_15)
FN:241,(anonymous_16)
FN:254,(anonymous_17)
FN:265,(anonymous_18)
FN:271,(anonymous_19)
FN:295,(anonymous_20)
FN:306,(anonymous_21)
FN:317,(anonymous_22)
FN:350,(anonymous_23)
FN:360,(anonymous_24)
FN:361,(anonymous_25)
FN:386,(anonymous_26)
FNF:27
FNH:0
FNDA:0,(anonymous_0)
FNDA:0,(anonymous_1)
FNDA:0,(anonymous_2)
FNDA:0,(anonymous_3)
FNDA:0,(anonymous_4)
FNDA:0,(anonymous_5)
FNDA:0,(anonymous_6)
FNDA:0,(anonymous_7)
FNDA:0,(anonymous_8)
FNDA:0,(anonymous_9)
FNDA:0,(anonymous_10)
FNDA:0,(anonymous_11)
FNDA:0,(anonymous_12)
FNDA:0,(anonymous_13)
FNDA:0,(anonymous_14)
FNDA:0,(anonymous_15)
FNDA:0,(anonymous_16)
FNDA:0,(anonymous_17)
FNDA:0,(anonymous_18)
FNDA:0,(anonymous_19)
FNDA:0,(anonymous_20)
FNDA:0,(anonymous_21)
FNDA:0,(anonymous_22)
FNDA:0,(anonymous_23)
FNDA:0,(anonymous_24)
FNDA:0,(anonymous_25)
FNDA:0,(anonymous_26)
DA:34,0
DA:48,0
DA:49,0
DA:50,0
DA:54,0
DA:55,0
DA:56,0
DA:57,0
DA:58,0
DA:60,0
DA:64,0
DA:69,0
DA:70,0
DA:71,0
DA:72,0
DA:75,0
DA:76,0
DA:77,0
DA:81,0
DA:82,0
DA:84,0
DA:85,0
DA:87,0
DA:88,0
DA:89,0
DA:90,0
DA:91,0
DA:92,0
DA:93,0
DA:97,0
DA:100,0
DA:106,0
DA:107,0
DA:108,0
DA:123,0
DA:125,0
DA:127,0
DA:128,0
DA:133,0
DA:134,0
DA:135,0
DA:136,0
DA:137,0
DA:145,0
DA:150,0
DA:152,0
DA:153,0
DA:154,0
DA:156,0
DA:157,0
DA:162,0
DA:163,0
DA:164,0
DA:169,0
DA:171,0
DA:173,0
DA:178,0
DA:179,0
DA:184,0
DA:185,0
DA:187,0
DA:192,0
DA:197,0
DA:199,0
DA:200,0
DA:204,0
DA:205,0
DA:210,0
DA:211,0
DA:213,0
DA:218,0
DA:219,0
DA:222,0
DA:228,0
DA:234,0
DA:236,0
DA:237,0
DA:242,0
DA:243,0
DA:244,0
DA:251,0
DA:254,0
DA:255,0
DA:256,0
DA:258,0
DA:260,0
DA:261,0
DA:266,0
DA:267,0
DA:269,0
DA:270,0
DA:271,0
DA:272,0
DA:273,0
DA:274,0
DA:278,0
DA:283,0
DA:285,0
DA:286,0
DA:288,0
DA:290,0
DA:291,0
DA:296,0
DA:297,0
DA:298,0
DA:303,0
DA:306,0
DA:307,0
DA:308,0
DA:310,0
DA:312,0
DA:313,0
DA:318,0
DA:319,0
DA:321,0
DA:324,0
DA:333,0
DA:334,0
DA:335,0
DA:339,0
DA:344,0
DA:345,0
DA:346,0
DA:347,0
DA:348,0
DA:350,0
DA:351,0
DA:355,0
DA:359,0
DA:360,0
DA:361,0
DA:362,0
DA:369,0
DA:370,0
DA:374,0
DA:378,0
DA:379,0
DA:381,0
DA:382,0
DA:387,0
LF:140
LH:0
BRDA:50,0,0,0
BRDA:50,0,1,0
BRDA:70,1,0,0
BRDA:70,1,1,0
BRDA:71,2,0,0
BRDA:71,2,1,0
BRDA:88,3,0,0
BRDA:88,3,1,0
BRDA:91,4,0,0
BRDA:91,4,1,0
BRDA:123,5,0,0
BRDA:123,5,1,0
BRDA:125,6,0,0
BRDA:125,6,1,0
BRDA:139,7,0,0
BRDA:139,7,1,0
BRDA:150,8,0,0
BRDA:150,8,1,0
BRDA:169,9,0,0
BRDA:169,9,1,0
BRDA:173,10,0,0
BRDA:173,10,1,0
BRDA:197,11,0,0
BRDA:197,11,1,0
BRDA:218,12,0,0
BRDA:218,12,1,0
BRDA:218,13,0,0
BRDA:218,13,1,0
BRDA:251,14,0,0
BRDA:251,14,1,0
BRDA:255,15,0,0
BRDA:255,15,1,0
BRDA:272,16,0,0
BRDA:272,16,1,0
BRDA:283,17,0,0
BRDA:283,17,1,0
BRDA:285,18,0,0
BRDA:285,18,1,0
BRDA:303,19,0,0
BRDA:303,19,1,0
BRDA:307,20,0,0
BRDA:307,20,1,0
BRDA:333,21,0,0
BRDA:333,21,1,0
BRDA:334,22,0,0
BRDA:334,22,1,0
BRDA:334,23,0,0
BRDA:334,23,1,0
BRDA:344,24,0,0
BRDA:344,24,1,0
BRDA:369,25,0,0
BRDA:369,25,1,0
BRDA:374,26,0,0
BRDA:374,26,1,0
BRF:54
BRH:0
end_of_record
TN:
SF:src/types/database.ts
FNF:0
FNH:0
LF:0
LH:0
BRF:0
BRH:0
end_of_record
TN:
SF:src/utils/crypto.ts
FN:9,(anonymous_0)
FN:12,(anonymous_1)
FN:20,(anonymous_2)
FN:41,(anonymous_3)
FNF:4
FNH:4
FNDA:7,(anonymous_0)
FNDA:112,(anonymous_1)
FNDA:7,(anonymous_2)
FNDA:6,(anonymous_3)
DA:3,1
DA:4,1
DA:9,1
DA:10,7
DA:11,7
DA:12,112
DA:20,1
DA:21,7
DA:24,7
DA:25,7
DA:26,70000
DA:32,7
DA:41,1
DA:45,6
DA:47,6
DA:48,4
DA:52,2
DA:53,2
DA:54,20000
DA:60,2
LF:20
LH:20
BRDA:47,0,0,4
BRDA:47,0,1,2
BRDA:47,1,0,6
BRDA:47,1,1,4
BRF:4
BRH:4
end_of_record
TN:
SF:src/utils/logger.ts
FN:9,(anonymous_0)
FN:15,(anonymous_1)
FN:21,(anonymous_2)
FN:27,(anonymous_3)
FN:46,(anonymous_4)
FN:52,(anonymous_5)
FNF:6
FNH:0
FNDA:0,(anonymous_0)
FNDA:0,(anonymous_1)
FNDA:0,(anonymous_2)
FNDA:0,(anonymous_3)
FNDA:0,(anonymous_4)
FNDA:0,(anonymous_5)
DA:6,0
DA:8,0
DA:10,0
DA:11,0
DA:16,0
DA:17,0
DA:23,0
DA:24,0
DA:27,0
DA:28,0
DA:29,0
DA:31,0
DA:33,0
DA:34,0
DA:35,0
DA:36,0
DA:37,0
DA:38,0
DA:40,0
DA:42,0
DA:47,0
DA:48,0
DA:53,0
DA:54,0
LF:24
LH:0
BRDA:10,0,0,0
BRDA:10,0,1,0
BRDA:16,1,0,0
BRDA:16,1,1,0
BRDA:23,2,0,0
BRDA:23,2,1,0
BRDA:28,3,0,0
BRDA:28,3,1,0
BRDA:31,4,0,0
BRDA:31,4,1,0
BRDA:31,5,0,0
BRDA:31,5,1,0
BRDA:47,6,0,0
BRDA:47,6,1,0
BRDA:53,7,0,0
BRDA:53,7,1,0
BRF:16
BRH:0
end_of_record
